[2022-08-30 23:14:57,305: INFO: stage_03_model_training]: >>>>>>>>> Model Training Stage 03 Started <<<<<<<<<
[2022-08-30 23:14:57,318: INFO: model_training]: Training Data Loaded successfully
[2022-08-30 23:14:57,318: INFO: tabular]: PyCaret Supervised Module
[2022-08-30 23:14:57,318: INFO: tabular]: ML Usecase: regression
[2022-08-30 23:14:57,318: INFO: tabular]: version 2.3.10
[2022-08-30 23:14:57,318: INFO: tabular]: Initializing setup()
[2022-08-30 23:14:57,318: INFO: tabular]: setup(target=concrete_compressive_strength, ml_usecase=regression, available_plots={'parameter': 'Hyperparameters', 'residuals': 'Residuals', 'error': 'Prediction Error', 'cooks': 'Cooks Distance', 'rfe': 'Feature Selection', 'learning': 'Learning Curve', 'manifold': 'Manifold Learning', 'vc': 'Validation Curve', 'feature': 'Feature Importance', 'feature_all': 'Feature Importance (All)', 'tree': 'Decision Tree', 'residuals_interactive': 'Interactive Residuals'}, train_size=0.8, test_data=None, preprocess=False, imputation_type=simple, iterative_imputation_iters=5, categorical_features=None, categorical_imputation=constant, categorical_iterative_imputer=lightgbm, ordinal_features=None, high_cardinality_features=None, high_cardinality_method=frequency, numeric_features=None, numeric_imputation=mean, numeric_iterative_imputer=lightgbm, date_features=None, ignore_features=None, normalize=False, normalize_method=zscore, transformation=False, transformation_method=yeo-johnson, handle_unknown_categorical=True, unknown_categorical_method=least_frequent, pca=False, pca_method=linear, pca_components=None, ignore_low_variance=False, combine_rare_levels=False, rare_level_threshold=0.1, bin_numeric_features=None, remove_outliers=False, outliers_threshold=0.05, remove_multicollinearity=False, multicollinearity_threshold=0.9, remove_perfect_collinearity=True, create_clusters=False, cluster_iter=20, polynomial_features=False, polynomial_degree=2, trigonometry_features=False, polynomial_threshold=0.1, group_features=None, group_names=None, feature_selection=False, feature_selection_threshold=0.8, feature_selection_method=classic, feature_interaction=False, feature_ratio=False, interaction_threshold=0.01, fix_imbalance=False, fix_imbalance_method=None, transform_target=False, transform_target_method=box-cox, data_split_shuffle=True, data_split_stratify=False, fold_strategy=kfold, fold=10, fold_shuffle=True, fold_groups=None, n_jobs=-1, use_gpu=False, custom_pipeline=None, html=True, session_id=None, log_experiment=False, experiment_name=None, experiment_custom_tags=None, log_plots=False, log_profile=False, log_data=False, silent=True, verbose=True, profile=False, profile_kwargs=None, display=None)
[2022-08-30 23:14:57,318: INFO: tabular]: Checking environment
[2022-08-30 23:14:57,318: INFO: tabular]: python_version: 3.7.13
[2022-08-30 23:14:57,318: INFO: tabular]: python_build: ('default', 'Mar 28 2022 08:03:21')
[2022-08-30 23:14:57,318: INFO: tabular]: machine: AMD64
[2022-08-30 23:14:57,318: INFO: tabular]: platform: Windows-10-10.0.22000-SP0
[2022-08-30 23:14:57,325: INFO: tabular]: Memory: svmem(total=8394625024, available=1121271808, percent=86.6, used=7273353216, free=1121271808)
[2022-08-30 23:14:57,325: INFO: tabular]: Physical Core: 4
[2022-08-30 23:14:57,325: INFO: tabular]: Logical Core: 8
[2022-08-30 23:14:57,325: INFO: tabular]: Checking libraries
[2022-08-30 23:14:57,325: INFO: tabular]: pd==1.3.5
[2022-08-30 23:14:57,325: INFO: tabular]: numpy==1.19.5
[2022-08-30 23:14:57,326: INFO: tabular]: sklearn==0.23.2
[2022-08-30 23:14:57,326: INFO: tabular]: lightgbm==3.3.2
[2022-08-30 23:14:57,326: WARNING: tabular]: catboost not found
[2022-08-30 23:14:57,327: WARNING: tabular]: xgboost not found
[2022-08-30 23:14:57,327: INFO: tabular]: mlflow==1.28.0
[2022-08-30 23:14:57,327: INFO: tabular]: Checking Exceptions
[2022-08-30 23:14:57,327: INFO: tabular]: Declaring global variables
[2022-08-30 23:14:57,327: INFO: tabular]: USI: 6b3e
[2022-08-30 23:14:57,327: INFO: tabular]: pycaret_globals: {'_gpu_n_jobs_param', 'fold_groups_param_full', 'target_param', 'seed', 'master_model_container', 'create_model_container', 'data_before_preprocess', 'html_param', '_ml_usecase', 'stratify_param', 'gpu_param', 'fold_generator', 'y_test', 'transform_target_method_param', '_all_models_internal', 'X', 'X_train', 'X_test', 'y_train', 'transform_target_param', 'n_jobs_param', 'experiment__', 'imputation_classifier', 'display_container', '_internal_pipeline', 'imputation_regressor', 'dashboard_logger', '_all_metrics', 'iterative_imputation_iters_param', 'fix_imbalance_param', 'y', 'exp_name_log', 'logging_param', '_available_plots', 'fix_imbalance_method_param', 'fold_param', 'pycaret_globals', 'prep_pipe', 'fold_shuffle_param', 'fold_groups_param', 'USI', 'log_plots_param', '_all_models'}
[2022-08-30 23:14:57,327: INFO: tabular]: Preparing display monitor
[2022-08-30 23:14:57,327: INFO: Display]: Preparing display monitor
[2022-08-30 23:14:57,340: INFO: tabular]: Importing libraries
[2022-08-30 23:14:57,341: INFO: tabular]: Copying data for preprocessing
[2022-08-30 23:14:57,347: INFO: tabular]: Declaring preprocessing parameters
[2022-08-30 23:14:57,348: INFO: tabular]: Creating preprocessing pipeline
[2022-08-30 23:14:57,363: INFO: tabular]: Preprocessing pipeline created successfully
[2022-08-30 23:14:57,364: ERROR: tabular]: (Process Exit): setup has been interupted with user command 'quit'. setup must rerun.
[2022-08-30 23:14:57,364: INFO: tabular]: Creating global containers
[2022-08-30 23:14:57,366: INFO: tabular]: Internal pipeline: Pipeline(memory=None, steps=[('empty_step', 'passthrough')], verbose=False)
[2022-08-30 23:14:57,584: WARNING: regression]: Couldn't import xgboost.XGBRegressor
[2022-08-30 23:14:57,584: WARNING: regression]: Couldn't import catboost.CatBoostRegressor
[2022-08-30 23:14:57,731: WARNING: regression]: Couldn't import xgboost.XGBRegressor
[2022-08-30 23:14:57,732: WARNING: regression]: Couldn't import catboost.CatBoostRegressor
[2022-08-30 23:14:57,732: INFO: tabular]: Creating grid variables
[2022-08-30 23:14:57,743: INFO: tabular]: create_model_container: 0
[2022-08-30 23:14:57,744: INFO: tabular]: master_model_container: 0
[2022-08-30 23:14:57,744: INFO: tabular]: display_container: 1
[2022-08-30 23:14:57,746: INFO: tabular]: Pipeline(memory=None,
         steps=[('dtypes',
                 DataTypes_Auto_infer(categorical_features=[],
                                      display_types=False, features_todrop=[],
                                      id_columns=[], ml_usecase='regression',
                                      numerical_features=[],
                                      target='concrete_compressive_strength',
                                      time_features=[]))],
         verbose=False)
[2022-08-30 23:14:57,746: INFO: tabular]: setup() succesfully completed......................................
[2022-08-30 23:14:57,815: INFO: tabular]: Initializing compare_models()
[2022-08-30 23:14:57,815: INFO: tabular]: compare_models(include=None, fold=None, round=4, cross_validation=True, sort=R2, n_select=1, budget_time=None, turbo=True, errors=ignore, fit_kwargs=None, groups=None, experiment_custom_tags=None, probability_threshold=None, verbose=True, display=None, exclude=None)
[2022-08-30 23:14:57,816: INFO: tabular]: Checking exceptions
[2022-08-30 23:14:57,816: INFO: tabular]: Preparing display monitor
[2022-08-30 23:14:57,816: INFO: Display]: Preparing display monitor
[2022-08-30 23:14:57,836: INFO: tabular]: Initializing Linear Regression
[2022-08-30 23:14:57,836: INFO: tabular]: Total runtime is 1.4360745747884115e-05 minutes
[2022-08-30 23:14:57,845: INFO: tabular]: SubProcess create_model() called ==================================
[2022-08-30 23:14:57,846: INFO: tabular]: Initializing create_model()
[2022-08-30 23:14:57,846: INFO: tabular]: create_model(estimator=lr, fold=KFold(n_splits=10, random_state=2411, shuffle=True), round=4, cross_validation=True, predict=True, fit_kwargs={}, groups=None, refit=False, verbose=False, system=False, metrics=None, experiment_custom_tags=None, add_to_model_list=True, probability_threshold=None, display=<pycaret.internal.Display.Display object at 0x000001C62EF2BBC8>, return_train_score=False, kwargs={})
[2022-08-30 23:14:57,846: INFO: tabular]: Checking exceptions
[2022-08-30 23:14:57,846: INFO: tabular]: Importing libraries
[2022-08-30 23:14:57,847: INFO: tabular]: Copying training dataset
[2022-08-30 23:14:57,847: INFO: tabular]: Defining folds
[2022-08-30 23:14:57,847: INFO: tabular]: Declaring metric variables
[2022-08-30 23:14:57,854: INFO: tabular]: Importing untrained model
[2022-08-30 23:14:57,861: INFO: tabular]: Linear Regression Imported succesfully
[2022-08-30 23:14:57,875: INFO: tabular]: Starting cross validation
[2022-08-30 23:14:57,883: INFO: tabular]: Cross validating with KFold(n_splits=10, random_state=2411, shuffle=True), n_jobs=-1
[2022-08-30 23:15:06,455: INFO: tabular]: Calculating mean and std
[2022-08-30 23:15:06,460: INFO: tabular]: Creating metrics dataframe
[2022-08-30 23:15:06,470: INFO: tabular]: Uploading results into container
[2022-08-30 23:15:06,470: INFO: tabular]: Uploading model into container now
[2022-08-30 23:15:06,471: INFO: tabular]: create_model_container: 1
[2022-08-30 23:15:06,471: INFO: tabular]: master_model_container: 1
[2022-08-30 23:15:06,471: INFO: tabular]: display_container: 2
[2022-08-30 23:15:06,471: INFO: tabular]: LinearRegression(copy_X=True, fit_intercept=True, n_jobs=-1, normalize=False)
[2022-08-30 23:15:06,471: INFO: tabular]: create_model() succesfully completed......................................
[2022-08-30 23:15:06,573: INFO: tabular]: SubProcess create_model() end ==================================
[2022-08-30 23:15:06,573: INFO: tabular]: Creating metrics dataframe
[2022-08-30 23:15:06,590: INFO: tabular]: Initializing Lasso Regression
[2022-08-30 23:15:06,590: INFO: tabular]: Total runtime is 0.14591025114059447 minutes
[2022-08-30 23:15:06,597: INFO: tabular]: SubProcess create_model() called ==================================
[2022-08-30 23:15:06,598: INFO: tabular]: Initializing create_model()
[2022-08-30 23:15:06,598: INFO: tabular]: create_model(estimator=lasso, fold=KFold(n_splits=10, random_state=2411, shuffle=True), round=4, cross_validation=True, predict=True, fit_kwargs={}, groups=None, refit=False, verbose=False, system=False, metrics=None, experiment_custom_tags=None, add_to_model_list=True, probability_threshold=None, display=<pycaret.internal.Display.Display object at 0x000001C62EF2BBC8>, return_train_score=False, kwargs={})
[2022-08-30 23:15:06,598: INFO: tabular]: Checking exceptions
[2022-08-30 23:15:06,598: INFO: tabular]: Importing libraries
[2022-08-30 23:15:06,598: INFO: tabular]: Copying training dataset
[2022-08-30 23:15:06,599: INFO: tabular]: Defining folds
[2022-08-30 23:15:06,599: INFO: tabular]: Declaring metric variables
[2022-08-30 23:15:06,607: INFO: tabular]: Importing untrained model
[2022-08-30 23:15:06,614: INFO: tabular]: Lasso Regression Imported succesfully
[2022-08-30 23:15:06,629: INFO: tabular]: Starting cross validation
[2022-08-30 23:15:06,630: INFO: tabular]: Cross validating with KFold(n_splits=10, random_state=2411, shuffle=True), n_jobs=-1
[2022-08-30 23:15:06,715: INFO: tabular]: Calculating mean and std
[2022-08-30 23:15:06,715: INFO: tabular]: Creating metrics dataframe
[2022-08-30 23:15:06,720: INFO: tabular]: Uploading results into container
[2022-08-30 23:15:06,720: INFO: tabular]: Uploading model into container now
[2022-08-30 23:15:06,720: INFO: tabular]: create_model_container: 2
[2022-08-30 23:15:06,720: INFO: tabular]: master_model_container: 2
[2022-08-30 23:15:06,721: INFO: tabular]: display_container: 2
[2022-08-30 23:15:06,721: INFO: tabular]: Lasso(alpha=1.0, copy_X=True, fit_intercept=True, max_iter=1000,
      normalize=False, positive=False, precompute=False, random_state=2411,
      selection='cyclic', tol=0.0001, warm_start=False)
[2022-08-30 23:15:06,721: INFO: tabular]: create_model() succesfully completed......................................
[2022-08-30 23:15:06,773: INFO: tabular]: SubProcess create_model() end ==================================
[2022-08-30 23:15:06,773: INFO: tabular]: Creating metrics dataframe
[2022-08-30 23:15:06,792: INFO: tabular]: Initializing Ridge Regression
[2022-08-30 23:15:06,792: INFO: tabular]: Total runtime is 0.14927619298299152 minutes
[2022-08-30 23:15:06,804: INFO: tabular]: SubProcess create_model() called ==================================
[2022-08-30 23:15:06,804: INFO: tabular]: Initializing create_model()
[2022-08-30 23:15:06,805: INFO: tabular]: create_model(estimator=ridge, fold=KFold(n_splits=10, random_state=2411, shuffle=True), round=4, cross_validation=True, predict=True, fit_kwargs={}, groups=None, refit=False, verbose=False, system=False, metrics=None, experiment_custom_tags=None, add_to_model_list=True, probability_threshold=None, display=<pycaret.internal.Display.Display object at 0x000001C62EF2BBC8>, return_train_score=False, kwargs={})
[2022-08-30 23:15:06,805: INFO: tabular]: Checking exceptions
[2022-08-30 23:15:06,805: INFO: tabular]: Importing libraries
[2022-08-30 23:15:06,805: INFO: tabular]: Copying training dataset
[2022-08-30 23:15:06,805: INFO: tabular]: Defining folds
[2022-08-30 23:15:06,805: INFO: tabular]: Declaring metric variables
[2022-08-30 23:15:06,812: INFO: tabular]: Importing untrained model
[2022-08-30 23:15:06,819: INFO: tabular]: Ridge Regression Imported succesfully
[2022-08-30 23:15:06,830: INFO: tabular]: Starting cross validation
[2022-08-30 23:15:06,831: INFO: tabular]: Cross validating with KFold(n_splits=10, random_state=2411, shuffle=True), n_jobs=-1
[2022-08-30 23:15:06,907: INFO: tabular]: Calculating mean and std
[2022-08-30 23:15:06,907: INFO: tabular]: Creating metrics dataframe
[2022-08-30 23:15:06,912: INFO: tabular]: Uploading results into container
[2022-08-30 23:15:06,912: INFO: tabular]: Uploading model into container now
[2022-08-30 23:15:06,912: INFO: tabular]: create_model_container: 3
[2022-08-30 23:15:06,912: INFO: tabular]: master_model_container: 3
[2022-08-30 23:15:06,912: INFO: tabular]: display_container: 2
[2022-08-30 23:15:06,912: INFO: tabular]: Ridge(alpha=1.0, copy_X=True, fit_intercept=True, max_iter=None,
      normalize=False, random_state=2411, solver='auto', tol=0.001)
[2022-08-30 23:15:06,912: INFO: tabular]: create_model() succesfully completed......................................
[2022-08-30 23:15:06,957: INFO: tabular]: SubProcess create_model() end ==================================
[2022-08-30 23:15:06,957: INFO: tabular]: Creating metrics dataframe
[2022-08-30 23:15:06,980: INFO: tabular]: Initializing Elastic Net
[2022-08-30 23:15:06,980: INFO: tabular]: Total runtime is 0.15241405963897703 minutes
[2022-08-30 23:15:06,995: INFO: tabular]: SubProcess create_model() called ==================================
[2022-08-30 23:15:06,995: INFO: tabular]: Initializing create_model()
[2022-08-30 23:15:06,996: INFO: tabular]: create_model(estimator=en, fold=KFold(n_splits=10, random_state=2411, shuffle=True), round=4, cross_validation=True, predict=True, fit_kwargs={}, groups=None, refit=False, verbose=False, system=False, metrics=None, experiment_custom_tags=None, add_to_model_list=True, probability_threshold=None, display=<pycaret.internal.Display.Display object at 0x000001C62EF2BBC8>, return_train_score=False, kwargs={})
[2022-08-30 23:15:06,996: INFO: tabular]: Checking exceptions
[2022-08-30 23:15:06,996: INFO: tabular]: Importing libraries
[2022-08-30 23:15:06,996: INFO: tabular]: Copying training dataset
[2022-08-30 23:15:06,997: INFO: tabular]: Defining folds
[2022-08-30 23:15:06,997: INFO: tabular]: Declaring metric variables
[2022-08-30 23:15:07,002: INFO: tabular]: Importing untrained model
[2022-08-30 23:15:07,007: INFO: tabular]: Elastic Net Imported succesfully
[2022-08-30 23:15:07,019: INFO: tabular]: Starting cross validation
[2022-08-30 23:15:07,019: INFO: tabular]: Cross validating with KFold(n_splits=10, random_state=2411, shuffle=True), n_jobs=-1
[2022-08-30 23:15:07,094: INFO: tabular]: Calculating mean and std
[2022-08-30 23:15:07,094: INFO: tabular]: Creating metrics dataframe
[2022-08-30 23:15:07,099: INFO: tabular]: Uploading results into container
[2022-08-30 23:15:07,099: INFO: tabular]: Uploading model into container now
[2022-08-30 23:15:07,099: INFO: tabular]: create_model_container: 4
[2022-08-30 23:15:07,099: INFO: tabular]: master_model_container: 4
[2022-08-30 23:15:07,099: INFO: tabular]: display_container: 2
[2022-08-30 23:15:07,099: INFO: tabular]: ElasticNet(alpha=1.0, copy_X=True, fit_intercept=True, l1_ratio=0.5,
           max_iter=1000, normalize=False, positive=False, precompute=False,
           random_state=2411, selection='cyclic', tol=0.0001, warm_start=False)
[2022-08-30 23:15:07,100: INFO: tabular]: create_model() succesfully completed......................................
[2022-08-30 23:15:07,155: INFO: tabular]: SubProcess create_model() end ==================================
[2022-08-30 23:15:07,155: INFO: tabular]: Creating metrics dataframe
[2022-08-30 23:15:07,168: INFO: tabular]: Initializing Least Angle Regression
[2022-08-30 23:15:07,168: INFO: tabular]: Total runtime is 0.15553910334904986 minutes
[2022-08-30 23:15:07,174: INFO: tabular]: SubProcess create_model() called ==================================
[2022-08-30 23:15:07,174: INFO: tabular]: Initializing create_model()
[2022-08-30 23:15:07,174: INFO: tabular]: create_model(estimator=lar, fold=KFold(n_splits=10, random_state=2411, shuffle=True), round=4, cross_validation=True, predict=True, fit_kwargs={}, groups=None, refit=False, verbose=False, system=False, metrics=None, experiment_custom_tags=None, add_to_model_list=True, probability_threshold=None, display=<pycaret.internal.Display.Display object at 0x000001C62EF2BBC8>, return_train_score=False, kwargs={})
[2022-08-30 23:15:07,175: INFO: tabular]: Checking exceptions
[2022-08-30 23:15:07,175: INFO: tabular]: Importing libraries
[2022-08-30 23:15:07,175: INFO: tabular]: Copying training dataset
[2022-08-30 23:15:07,175: INFO: tabular]: Defining folds
[2022-08-30 23:15:07,175: INFO: tabular]: Declaring metric variables
[2022-08-30 23:15:07,181: INFO: tabular]: Importing untrained model
[2022-08-30 23:15:07,187: INFO: tabular]: Least Angle Regression Imported succesfully
[2022-08-30 23:15:07,197: INFO: tabular]: Starting cross validation
[2022-08-30 23:15:07,198: INFO: tabular]: Cross validating with KFold(n_splits=10, random_state=2411, shuffle=True), n_jobs=-1
[2022-08-30 23:15:07,268: INFO: tabular]: Calculating mean and std
[2022-08-30 23:15:07,269: INFO: tabular]: Creating metrics dataframe
[2022-08-30 23:15:07,273: INFO: tabular]: Uploading results into container
[2022-08-30 23:15:07,273: INFO: tabular]: Uploading model into container now
[2022-08-30 23:15:07,273: INFO: tabular]: create_model_container: 5
[2022-08-30 23:15:07,273: INFO: tabular]: master_model_container: 5
[2022-08-30 23:15:07,273: INFO: tabular]: display_container: 2
[2022-08-30 23:15:07,274: INFO: tabular]: Lars(copy_X=True, eps=2.220446049250313e-16, fit_intercept=True, fit_path=True,
     jitter=None, n_nonzero_coefs=500, normalize=True, precompute='auto',
     random_state=2411, verbose=False)
[2022-08-30 23:15:07,274: INFO: tabular]: create_model() succesfully completed......................................
[2022-08-30 23:15:07,333: INFO: tabular]: SubProcess create_model() end ==================================
[2022-08-30 23:15:07,333: INFO: tabular]: Creating metrics dataframe
[2022-08-30 23:15:07,343: INFO: tabular]: Initializing Lasso Least Angle Regression
[2022-08-30 23:15:07,343: INFO: tabular]: Total runtime is 0.1584518233935038 minutes
[2022-08-30 23:15:07,357: INFO: tabular]: SubProcess create_model() called ==================================
[2022-08-30 23:15:07,358: INFO: tabular]: Initializing create_model()
[2022-08-30 23:15:07,358: INFO: tabular]: create_model(estimator=llar, fold=KFold(n_splits=10, random_state=2411, shuffle=True), round=4, cross_validation=True, predict=True, fit_kwargs={}, groups=None, refit=False, verbose=False, system=False, metrics=None, experiment_custom_tags=None, add_to_model_list=True, probability_threshold=None, display=<pycaret.internal.Display.Display object at 0x000001C62EF2BBC8>, return_train_score=False, kwargs={})
[2022-08-30 23:15:07,358: INFO: tabular]: Checking exceptions
[2022-08-30 23:15:07,358: INFO: tabular]: Importing libraries
[2022-08-30 23:15:07,358: INFO: tabular]: Copying training dataset
[2022-08-30 23:15:07,359: INFO: tabular]: Defining folds
[2022-08-30 23:15:07,359: INFO: tabular]: Declaring metric variables
[2022-08-30 23:15:07,363: INFO: tabular]: Importing untrained model
[2022-08-30 23:15:07,370: INFO: tabular]: Lasso Least Angle Regression Imported succesfully
[2022-08-30 23:15:07,379: INFO: tabular]: Starting cross validation
[2022-08-30 23:15:07,379: INFO: tabular]: Cross validating with KFold(n_splits=10, random_state=2411, shuffle=True), n_jobs=-1
[2022-08-30 23:15:07,447: INFO: tabular]: Calculating mean and std
[2022-08-30 23:15:07,447: INFO: tabular]: Creating metrics dataframe
[2022-08-30 23:15:07,451: INFO: tabular]: Uploading results into container
[2022-08-30 23:15:07,451: INFO: tabular]: Uploading model into container now
[2022-08-30 23:15:07,451: INFO: tabular]: create_model_container: 6
[2022-08-30 23:15:07,452: INFO: tabular]: master_model_container: 6
[2022-08-30 23:15:07,452: INFO: tabular]: display_container: 2
[2022-08-30 23:15:07,452: INFO: tabular]: LassoLars(alpha=1.0, copy_X=True, eps=2.220446049250313e-16, fit_intercept=True,
          fit_path=True, jitter=None, max_iter=500, normalize=True,
          positive=False, precompute='auto', random_state=2411, verbose=False)
[2022-08-30 23:15:07,452: INFO: tabular]: create_model() succesfully completed......................................
[2022-08-30 23:15:07,504: INFO: tabular]: SubProcess create_model() end ==================================
[2022-08-30 23:15:07,520: INFO: tabular]: Creating metrics dataframe
[2022-08-30 23:15:07,531: INFO: tabular]: Initializing Orthogonal Matching Pursuit
[2022-08-30 23:15:07,531: INFO: tabular]: Total runtime is 0.16158830722173054 minutes
[2022-08-30 23:15:07,538: INFO: tabular]: SubProcess create_model() called ==================================
[2022-08-30 23:15:07,539: INFO: tabular]: Initializing create_model()
[2022-08-30 23:15:07,539: INFO: tabular]: create_model(estimator=omp, fold=KFold(n_splits=10, random_state=2411, shuffle=True), round=4, cross_validation=True, predict=True, fit_kwargs={}, groups=None, refit=False, verbose=False, system=False, metrics=None, experiment_custom_tags=None, add_to_model_list=True, probability_threshold=None, display=<pycaret.internal.Display.Display object at 0x000001C62EF2BBC8>, return_train_score=False, kwargs={})
[2022-08-30 23:15:07,539: INFO: tabular]: Checking exceptions
[2022-08-30 23:15:07,539: INFO: tabular]: Importing libraries
[2022-08-30 23:15:07,539: INFO: tabular]: Copying training dataset
[2022-08-30 23:15:07,540: INFO: tabular]: Defining folds
[2022-08-30 23:15:07,540: INFO: tabular]: Declaring metric variables
[2022-08-30 23:15:07,548: INFO: tabular]: Importing untrained model
[2022-08-30 23:15:07,556: INFO: tabular]: Orthogonal Matching Pursuit Imported succesfully
[2022-08-30 23:15:07,567: INFO: tabular]: Starting cross validation
[2022-08-30 23:15:07,568: INFO: tabular]: Cross validating with KFold(n_splits=10, random_state=2411, shuffle=True), n_jobs=-1
[2022-08-30 23:15:07,633: INFO: tabular]: Calculating mean and std
[2022-08-30 23:15:07,633: INFO: tabular]: Creating metrics dataframe
[2022-08-30 23:15:07,638: INFO: tabular]: Uploading results into container
[2022-08-30 23:15:07,638: INFO: tabular]: Uploading model into container now
[2022-08-30 23:15:07,638: INFO: tabular]: create_model_container: 7
[2022-08-30 23:15:07,638: INFO: tabular]: master_model_container: 7
[2022-08-30 23:15:07,638: INFO: tabular]: display_container: 2
[2022-08-30 23:15:07,638: INFO: tabular]: OrthogonalMatchingPursuit(fit_intercept=True, n_nonzero_coefs=None,
                          normalize=True, precompute='auto', tol=None)
[2022-08-30 23:15:07,638: INFO: tabular]: create_model() succesfully completed......................................
[2022-08-30 23:15:07,690: INFO: tabular]: SubProcess create_model() end ==================================
[2022-08-30 23:15:07,690: INFO: tabular]: Creating metrics dataframe
[2022-08-30 23:15:07,716: INFO: tabular]: Initializing Bayesian Ridge
[2022-08-30 23:15:07,716: INFO: tabular]: Total runtime is 0.16467881202697754 minutes
[2022-08-30 23:15:07,723: INFO: tabular]: SubProcess create_model() called ==================================
[2022-08-30 23:15:07,724: INFO: tabular]: Initializing create_model()
[2022-08-30 23:15:07,724: INFO: tabular]: create_model(estimator=br, fold=KFold(n_splits=10, random_state=2411, shuffle=True), round=4, cross_validation=True, predict=True, fit_kwargs={}, groups=None, refit=False, verbose=False, system=False, metrics=None, experiment_custom_tags=None, add_to_model_list=True, probability_threshold=None, display=<pycaret.internal.Display.Display object at 0x000001C62EF2BBC8>, return_train_score=False, kwargs={})
[2022-08-30 23:15:07,724: INFO: tabular]: Checking exceptions
[2022-08-30 23:15:07,724: INFO: tabular]: Importing libraries
[2022-08-30 23:15:07,724: INFO: tabular]: Copying training dataset
[2022-08-30 23:15:07,725: INFO: tabular]: Defining folds
[2022-08-30 23:15:07,725: INFO: tabular]: Declaring metric variables
[2022-08-30 23:15:07,732: INFO: tabular]: Importing untrained model
[2022-08-30 23:15:07,740: INFO: tabular]: Bayesian Ridge Imported succesfully
[2022-08-30 23:15:07,751: INFO: tabular]: Starting cross validation
[2022-08-30 23:15:07,751: INFO: tabular]: Cross validating with KFold(n_splits=10, random_state=2411, shuffle=True), n_jobs=-1
[2022-08-30 23:15:07,816: INFO: tabular]: Calculating mean and std
[2022-08-30 23:15:07,816: INFO: tabular]: Creating metrics dataframe
[2022-08-30 23:15:07,820: INFO: tabular]: Uploading results into container
[2022-08-30 23:15:07,820: INFO: tabular]: Uploading model into container now
[2022-08-30 23:15:07,820: INFO: tabular]: create_model_container: 8
[2022-08-30 23:15:07,820: INFO: tabular]: master_model_container: 8
[2022-08-30 23:15:07,820: INFO: tabular]: display_container: 2
[2022-08-30 23:15:07,821: INFO: tabular]: BayesianRidge(alpha_1=1e-06, alpha_2=1e-06, alpha_init=None,
              compute_score=False, copy_X=True, fit_intercept=True,
              lambda_1=1e-06, lambda_2=1e-06, lambda_init=None, n_iter=300,
              normalize=False, tol=0.001, verbose=False)
[2022-08-30 23:15:07,821: INFO: tabular]: create_model() succesfully completed......................................
[2022-08-30 23:15:07,888: INFO: tabular]: SubProcess create_model() end ==================================
[2022-08-30 23:15:07,888: INFO: tabular]: Creating metrics dataframe
[2022-08-30 23:15:07,902: INFO: tabular]: Initializing Passive Aggressive Regressor
[2022-08-30 23:15:07,902: INFO: tabular]: Total runtime is 0.16777578592300416 minutes
[2022-08-30 23:15:07,909: INFO: tabular]: SubProcess create_model() called ==================================
[2022-08-30 23:15:07,909: INFO: tabular]: Initializing create_model()
[2022-08-30 23:15:07,909: INFO: tabular]: create_model(estimator=par, fold=KFold(n_splits=10, random_state=2411, shuffle=True), round=4, cross_validation=True, predict=True, fit_kwargs={}, groups=None, refit=False, verbose=False, system=False, metrics=None, experiment_custom_tags=None, add_to_model_list=True, probability_threshold=None, display=<pycaret.internal.Display.Display object at 0x000001C62EF2BBC8>, return_train_score=False, kwargs={})
[2022-08-30 23:15:07,910: INFO: tabular]: Checking exceptions
[2022-08-30 23:15:07,910: INFO: tabular]: Importing libraries
[2022-08-30 23:15:07,910: INFO: tabular]: Copying training dataset
[2022-08-30 23:15:07,910: INFO: tabular]: Defining folds
[2022-08-30 23:15:07,910: INFO: tabular]: Declaring metric variables
[2022-08-30 23:15:07,916: INFO: tabular]: Importing untrained model
[2022-08-30 23:15:07,922: INFO: tabular]: Passive Aggressive Regressor Imported succesfully
[2022-08-30 23:15:07,932: INFO: tabular]: Starting cross validation
[2022-08-30 23:15:07,933: INFO: tabular]: Cross validating with KFold(n_splits=10, random_state=2411, shuffle=True), n_jobs=-1
[2022-08-30 23:15:08,014: INFO: tabular]: Calculating mean and std
[2022-08-30 23:15:08,014: INFO: tabular]: Creating metrics dataframe
[2022-08-30 23:15:08,020: INFO: tabular]: Uploading results into container
[2022-08-30 23:15:08,020: INFO: tabular]: Uploading model into container now
[2022-08-30 23:15:08,020: INFO: tabular]: create_model_container: 9
[2022-08-30 23:15:08,020: INFO: tabular]: master_model_container: 9
[2022-08-30 23:15:08,020: INFO: tabular]: display_container: 2
[2022-08-30 23:15:08,021: INFO: tabular]: PassiveAggressiveRegressor(C=1.0, average=False, early_stopping=False,
                           epsilon=0.1, fit_intercept=True,
                           loss='epsilon_insensitive', max_iter=1000,
                           n_iter_no_change=5, random_state=2411, shuffle=True,
                           tol=0.001, validation_fraction=0.1, verbose=0,
                           warm_start=False)
[2022-08-30 23:15:08,021: INFO: tabular]: create_model() succesfully completed......................................
[2022-08-30 23:15:08,081: INFO: tabular]: SubProcess create_model() end ==================================
[2022-08-30 23:15:08,081: INFO: tabular]: Creating metrics dataframe
[2022-08-30 23:15:08,090: INFO: tabular]: Initializing Huber Regressor
[2022-08-30 23:15:08,091: INFO: tabular]: Total runtime is 0.17091805934906007 minutes
[2022-08-30 23:15:08,097: INFO: tabular]: SubProcess create_model() called ==================================
[2022-08-30 23:15:08,097: INFO: tabular]: Initializing create_model()
[2022-08-30 23:15:08,097: INFO: tabular]: create_model(estimator=huber, fold=KFold(n_splits=10, random_state=2411, shuffle=True), round=4, cross_validation=True, predict=True, fit_kwargs={}, groups=None, refit=False, verbose=False, system=False, metrics=None, experiment_custom_tags=None, add_to_model_list=True, probability_threshold=None, display=<pycaret.internal.Display.Display object at 0x000001C62EF2BBC8>, return_train_score=False, kwargs={})
[2022-08-30 23:15:08,097: INFO: tabular]: Checking exceptions
[2022-08-30 23:15:08,097: INFO: tabular]: Importing libraries
[2022-08-30 23:15:08,098: INFO: tabular]: Copying training dataset
[2022-08-30 23:15:08,098: INFO: tabular]: Defining folds
[2022-08-30 23:15:08,098: INFO: tabular]: Declaring metric variables
[2022-08-30 23:15:08,103: INFO: tabular]: Importing untrained model
[2022-08-30 23:15:08,108: INFO: tabular]: Huber Regressor Imported succesfully
[2022-08-30 23:15:08,118: INFO: tabular]: Starting cross validation
[2022-08-30 23:15:08,119: INFO: tabular]: Cross validating with KFold(n_splits=10, random_state=2411, shuffle=True), n_jobs=-1
[2022-08-30 23:15:08,196: INFO: tabular]: Calculating mean and std
[2022-08-30 23:15:08,196: INFO: tabular]: Creating metrics dataframe
[2022-08-30 23:15:08,202: INFO: tabular]: Uploading results into container
[2022-08-30 23:15:08,202: INFO: tabular]: Uploading model into container now
[2022-08-30 23:15:08,202: INFO: tabular]: create_model_container: 10
[2022-08-30 23:15:08,202: INFO: tabular]: master_model_container: 10
[2022-08-30 23:15:08,202: INFO: tabular]: display_container: 2
[2022-08-30 23:15:08,203: INFO: tabular]: HuberRegressor(alpha=0.0001, epsilon=1.35, fit_intercept=True, max_iter=100,
               tol=1e-05, warm_start=False)
[2022-08-30 23:15:08,203: INFO: tabular]: create_model() succesfully completed......................................
[2022-08-30 23:15:08,269: INFO: tabular]: SubProcess create_model() end ==================================
[2022-08-30 23:15:08,269: INFO: tabular]: Creating metrics dataframe
[2022-08-30 23:15:08,276: INFO: tabular]: Initializing K Neighbors Regressor
[2022-08-30 23:15:08,276: INFO: tabular]: Total runtime is 0.1740015149116516 minutes
[2022-08-30 23:15:08,282: INFO: tabular]: SubProcess create_model() called ==================================
[2022-08-30 23:15:08,283: INFO: tabular]: Initializing create_model()
[2022-08-30 23:15:08,283: INFO: tabular]: create_model(estimator=knn, fold=KFold(n_splits=10, random_state=2411, shuffle=True), round=4, cross_validation=True, predict=True, fit_kwargs={}, groups=None, refit=False, verbose=False, system=False, metrics=None, experiment_custom_tags=None, add_to_model_list=True, probability_threshold=None, display=<pycaret.internal.Display.Display object at 0x000001C62EF2BBC8>, return_train_score=False, kwargs={})
[2022-08-30 23:15:08,283: INFO: tabular]: Checking exceptions
[2022-08-30 23:15:08,283: INFO: tabular]: Importing libraries
[2022-08-30 23:15:08,283: INFO: tabular]: Copying training dataset
[2022-08-30 23:15:08,284: INFO: tabular]: Defining folds
[2022-08-30 23:15:08,284: INFO: tabular]: Declaring metric variables
[2022-08-30 23:15:08,290: INFO: tabular]: Importing untrained model
[2022-08-30 23:15:08,297: INFO: tabular]: K Neighbors Regressor Imported succesfully
[2022-08-30 23:15:08,309: INFO: tabular]: Starting cross validation
[2022-08-30 23:15:08,310: INFO: tabular]: Cross validating with KFold(n_splits=10, random_state=2411, shuffle=True), n_jobs=-1
[2022-08-30 23:15:08,594: INFO: tabular]: Calculating mean and std
[2022-08-30 23:15:08,594: INFO: tabular]: Creating metrics dataframe
[2022-08-30 23:15:08,608: INFO: tabular]: Uploading results into container
[2022-08-30 23:15:08,608: INFO: tabular]: Uploading model into container now
[2022-08-30 23:15:08,608: INFO: tabular]: create_model_container: 11
[2022-08-30 23:15:08,608: INFO: tabular]: master_model_container: 11
[2022-08-30 23:15:08,608: INFO: tabular]: display_container: 2
[2022-08-30 23:15:08,609: INFO: tabular]: KNeighborsRegressor(algorithm='auto', leaf_size=30, metric='minkowski',
                    metric_params=None, n_jobs=-1, n_neighbors=5, p=2,
                    weights='uniform')
[2022-08-30 23:15:08,609: INFO: tabular]: create_model() succesfully completed......................................
[2022-08-30 23:15:08,675: INFO: tabular]: SubProcess create_model() end ==================================
[2022-08-30 23:15:08,675: INFO: tabular]: Creating metrics dataframe
[2022-08-30 23:15:08,695: INFO: tabular]: Initializing Decision Tree Regressor
[2022-08-30 23:15:08,695: INFO: tabular]: Total runtime is 0.1809888482093811 minutes
[2022-08-30 23:15:08,702: INFO: tabular]: SubProcess create_model() called ==================================
[2022-08-30 23:15:08,703: INFO: tabular]: Initializing create_model()
[2022-08-30 23:15:08,703: INFO: tabular]: create_model(estimator=dt, fold=KFold(n_splits=10, random_state=2411, shuffle=True), round=4, cross_validation=True, predict=True, fit_kwargs={}, groups=None, refit=False, verbose=False, system=False, metrics=None, experiment_custom_tags=None, add_to_model_list=True, probability_threshold=None, display=<pycaret.internal.Display.Display object at 0x000001C62EF2BBC8>, return_train_score=False, kwargs={})
[2022-08-30 23:15:08,703: INFO: tabular]: Checking exceptions
[2022-08-30 23:15:08,703: INFO: tabular]: Importing libraries
[2022-08-30 23:15:08,703: INFO: tabular]: Copying training dataset
[2022-08-30 23:15:08,704: INFO: tabular]: Defining folds
[2022-08-30 23:15:08,704: INFO: tabular]: Declaring metric variables
[2022-08-30 23:15:08,709: INFO: tabular]: Importing untrained model
[2022-08-30 23:15:08,716: INFO: tabular]: Decision Tree Regressor Imported succesfully
[2022-08-30 23:15:08,727: INFO: tabular]: Starting cross validation
[2022-08-30 23:15:08,727: INFO: tabular]: Cross validating with KFold(n_splits=10, random_state=2411, shuffle=True), n_jobs=-1
[2022-08-30 23:15:08,845: INFO: tabular]: Calculating mean and std
[2022-08-30 23:15:08,846: INFO: tabular]: Creating metrics dataframe
[2022-08-30 23:15:08,853: INFO: tabular]: Uploading results into container
[2022-08-30 23:15:08,853: INFO: tabular]: Uploading model into container now
[2022-08-30 23:15:08,853: INFO: tabular]: create_model_container: 12
[2022-08-30 23:15:08,853: INFO: tabular]: master_model_container: 12
[2022-08-30 23:15:08,853: INFO: tabular]: display_container: 2
[2022-08-30 23:15:08,854: INFO: tabular]: DecisionTreeRegressor(ccp_alpha=0.0, criterion='mse', max_depth=None,
                      max_features=None, max_leaf_nodes=None,
                      min_impurity_decrease=0.0, min_impurity_split=None,
                      min_samples_leaf=1, min_samples_split=2,
                      min_weight_fraction_leaf=0.0, presort='deprecated',
                      random_state=2411, splitter='best')
[2022-08-30 23:15:08,854: INFO: tabular]: create_model() succesfully completed......................................
[2022-08-30 23:15:08,936: INFO: tabular]: SubProcess create_model() end ==================================
[2022-08-30 23:15:08,936: INFO: tabular]: Creating metrics dataframe
[2022-08-30 23:15:08,946: INFO: tabular]: Initializing Random Forest Regressor
[2022-08-30 23:15:08,946: INFO: tabular]: Total runtime is 0.185174032052358 minutes
[2022-08-30 23:15:08,952: INFO: tabular]: SubProcess create_model() called ==================================
[2022-08-30 23:15:08,953: INFO: tabular]: Initializing create_model()
[2022-08-30 23:15:08,953: INFO: tabular]: create_model(estimator=rf, fold=KFold(n_splits=10, random_state=2411, shuffle=True), round=4, cross_validation=True, predict=True, fit_kwargs={}, groups=None, refit=False, verbose=False, system=False, metrics=None, experiment_custom_tags=None, add_to_model_list=True, probability_threshold=None, display=<pycaret.internal.Display.Display object at 0x000001C62EF2BBC8>, return_train_score=False, kwargs={})
[2022-08-30 23:15:08,953: INFO: tabular]: Checking exceptions
[2022-08-30 23:15:08,953: INFO: tabular]: Importing libraries
[2022-08-30 23:15:08,953: INFO: tabular]: Copying training dataset
[2022-08-30 23:15:08,954: INFO: tabular]: Defining folds
[2022-08-30 23:15:08,954: INFO: tabular]: Declaring metric variables
[2022-08-30 23:15:08,961: INFO: tabular]: Importing untrained model
[2022-08-30 23:15:08,968: INFO: tabular]: Random Forest Regressor Imported succesfully
[2022-08-30 23:15:08,983: INFO: tabular]: Starting cross validation
[2022-08-30 23:15:08,984: INFO: tabular]: Cross validating with KFold(n_splits=10, random_state=2411, shuffle=True), n_jobs=-1
[2022-08-30 23:15:11,037: INFO: tabular]: Calculating mean and std
[2022-08-30 23:15:11,037: INFO: tabular]: Creating metrics dataframe
[2022-08-30 23:15:11,037: INFO: tabular]: Uploading results into container
[2022-08-30 23:15:11,037: INFO: tabular]: Uploading model into container now
[2022-08-30 23:15:11,037: INFO: tabular]: create_model_container: 13
[2022-08-30 23:15:11,053: INFO: tabular]: master_model_container: 13
[2022-08-30 23:15:11,053: INFO: tabular]: display_container: 2
[2022-08-30 23:15:11,053: INFO: tabular]: RandomForestRegressor(bootstrap=True, ccp_alpha=0.0, criterion='mse',
                      max_depth=None, max_features='auto', max_leaf_nodes=None,
                      max_samples=None, min_impurity_decrease=0.0,
                      min_impurity_split=None, min_samples_leaf=1,
                      min_samples_split=2, min_weight_fraction_leaf=0.0,
                      n_estimators=100, n_jobs=-1, oob_score=False,
                      random_state=2411, verbose=0, warm_start=False)
[2022-08-30 23:15:11,053: INFO: tabular]: create_model() succesfully completed......................................
[2022-08-30 23:15:11,110: INFO: tabular]: SubProcess create_model() end ==================================
[2022-08-30 23:15:11,110: INFO: tabular]: Creating metrics dataframe
[2022-08-30 23:15:11,134: INFO: tabular]: Initializing Extra Trees Regressor
[2022-08-30 23:15:11,134: INFO: tabular]: Total runtime is 0.22164780298868816 minutes
[2022-08-30 23:15:11,141: INFO: tabular]: SubProcess create_model() called ==================================
[2022-08-30 23:15:11,141: INFO: tabular]: Initializing create_model()
[2022-08-30 23:15:11,141: INFO: tabular]: create_model(estimator=et, fold=KFold(n_splits=10, random_state=2411, shuffle=True), round=4, cross_validation=True, predict=True, fit_kwargs={}, groups=None, refit=False, verbose=False, system=False, metrics=None, experiment_custom_tags=None, add_to_model_list=True, probability_threshold=None, display=<pycaret.internal.Display.Display object at 0x000001C62EF2BBC8>, return_train_score=False, kwargs={})
[2022-08-30 23:15:11,142: INFO: tabular]: Checking exceptions
[2022-08-30 23:15:11,142: INFO: tabular]: Importing libraries
[2022-08-30 23:15:11,142: INFO: tabular]: Copying training dataset
[2022-08-30 23:15:11,143: INFO: tabular]: Defining folds
[2022-08-30 23:15:11,143: INFO: tabular]: Declaring metric variables
[2022-08-30 23:15:11,161: INFO: tabular]: Importing untrained model
[2022-08-30 23:15:11,166: INFO: tabular]: Extra Trees Regressor Imported succesfully
[2022-08-30 23:15:11,175: INFO: tabular]: Starting cross validation
[2022-08-30 23:15:11,175: INFO: tabular]: Cross validating with KFold(n_splits=10, random_state=2411, shuffle=True), n_jobs=-1
[2022-08-30 23:15:12,834: INFO: tabular]: Calculating mean and std
[2022-08-30 23:15:12,835: INFO: tabular]: Creating metrics dataframe
[2022-08-30 23:15:12,839: INFO: tabular]: Uploading results into container
[2022-08-30 23:15:12,839: INFO: tabular]: Uploading model into container now
[2022-08-30 23:15:12,839: INFO: tabular]: create_model_container: 14
[2022-08-30 23:15:12,839: INFO: tabular]: master_model_container: 14
[2022-08-30 23:15:12,839: INFO: tabular]: display_container: 2
[2022-08-30 23:15:12,840: INFO: tabular]: ExtraTreesRegressor(bootstrap=False, ccp_alpha=0.0, criterion='mse',
                    max_depth=None, max_features='auto', max_leaf_nodes=None,
                    max_samples=None, min_impurity_decrease=0.0,
                    min_impurity_split=None, min_samples_leaf=1,
                    min_samples_split=2, min_weight_fraction_leaf=0.0,
                    n_estimators=100, n_jobs=-1, oob_score=False,
                    random_state=2411, verbose=0, warm_start=False)
[2022-08-30 23:15:12,840: INFO: tabular]: create_model() succesfully completed......................................
[2022-08-30 23:15:12,898: INFO: tabular]: SubProcess create_model() end ==================================
[2022-08-30 23:15:12,898: INFO: tabular]: Creating metrics dataframe
[2022-08-30 23:15:12,904: INFO: tabular]: Initializing AdaBoost Regressor
[2022-08-30 23:15:12,904: INFO: tabular]: Total runtime is 0.2511492093404134 minutes
[2022-08-30 23:15:12,909: INFO: tabular]: SubProcess create_model() called ==================================
[2022-08-30 23:15:12,910: INFO: tabular]: Initializing create_model()
[2022-08-30 23:15:12,910: INFO: tabular]: create_model(estimator=ada, fold=KFold(n_splits=10, random_state=2411, shuffle=True), round=4, cross_validation=True, predict=True, fit_kwargs={}, groups=None, refit=False, verbose=False, system=False, metrics=None, experiment_custom_tags=None, add_to_model_list=True, probability_threshold=None, display=<pycaret.internal.Display.Display object at 0x000001C62EF2BBC8>, return_train_score=False, kwargs={})
[2022-08-30 23:15:12,910: INFO: tabular]: Checking exceptions
[2022-08-30 23:15:12,910: INFO: tabular]: Importing libraries
[2022-08-30 23:15:12,910: INFO: tabular]: Copying training dataset
[2022-08-30 23:15:12,910: INFO: tabular]: Defining folds
[2022-08-30 23:15:12,911: INFO: tabular]: Declaring metric variables
[2022-08-30 23:15:12,917: INFO: tabular]: Importing untrained model
[2022-08-30 23:15:12,922: INFO: tabular]: AdaBoost Regressor Imported succesfully
[2022-08-30 23:15:12,932: INFO: tabular]: Starting cross validation
[2022-08-30 23:15:12,932: INFO: tabular]: Cross validating with KFold(n_splits=10, random_state=2411, shuffle=True), n_jobs=-1
[2022-08-30 23:15:13,317: INFO: tabular]: Calculating mean and std
[2022-08-30 23:15:13,318: INFO: tabular]: Creating metrics dataframe
[2022-08-30 23:15:13,326: INFO: tabular]: Uploading results into container
[2022-08-30 23:15:13,326: INFO: tabular]: Uploading model into container now
[2022-08-30 23:15:13,326: INFO: tabular]: create_model_container: 15
[2022-08-30 23:15:13,326: INFO: tabular]: master_model_container: 15
[2022-08-30 23:15:13,326: INFO: tabular]: display_container: 2
[2022-08-30 23:15:13,327: INFO: tabular]: AdaBoostRegressor(base_estimator=None, learning_rate=1.0, loss='linear',
                  n_estimators=50, random_state=2411)
[2022-08-30 23:15:13,327: INFO: tabular]: create_model() succesfully completed......................................
[2022-08-30 23:15:13,402: INFO: tabular]: SubProcess create_model() end ==================================
[2022-08-30 23:15:13,402: INFO: tabular]: Creating metrics dataframe
[2022-08-30 23:15:13,414: INFO: tabular]: Initializing Gradient Boosting Regressor
[2022-08-30 23:15:13,414: INFO: tabular]: Total runtime is 0.25963698228200277 minutes
[2022-08-30 23:15:13,421: INFO: tabular]: SubProcess create_model() called ==================================
[2022-08-30 23:15:13,422: INFO: tabular]: Initializing create_model()
[2022-08-30 23:15:13,422: INFO: tabular]: create_model(estimator=gbr, fold=KFold(n_splits=10, random_state=2411, shuffle=True), round=4, cross_validation=True, predict=True, fit_kwargs={}, groups=None, refit=False, verbose=False, system=False, metrics=None, experiment_custom_tags=None, add_to_model_list=True, probability_threshold=None, display=<pycaret.internal.Display.Display object at 0x000001C62EF2BBC8>, return_train_score=False, kwargs={})
[2022-08-30 23:15:13,422: INFO: tabular]: Checking exceptions
[2022-08-30 23:15:13,423: INFO: tabular]: Importing libraries
[2022-08-30 23:15:13,423: INFO: tabular]: Copying training dataset
[2022-08-30 23:15:13,423: INFO: tabular]: Defining folds
[2022-08-30 23:15:13,424: INFO: tabular]: Declaring metric variables
[2022-08-30 23:15:13,435: INFO: tabular]: Importing untrained model
[2022-08-30 23:15:13,447: INFO: tabular]: Gradient Boosting Regressor Imported succesfully
[2022-08-30 23:15:13,473: INFO: tabular]: Starting cross validation
[2022-08-30 23:15:13,476: INFO: tabular]: Cross validating with KFold(n_splits=10, random_state=2411, shuffle=True), n_jobs=-1
[2022-08-30 23:15:13,883: INFO: tabular]: Calculating mean and std
[2022-08-30 23:15:13,884: INFO: tabular]: Creating metrics dataframe
[2022-08-30 23:15:13,892: INFO: tabular]: Uploading results into container
[2022-08-30 23:15:13,892: INFO: tabular]: Uploading model into container now
[2022-08-30 23:15:13,892: INFO: tabular]: create_model_container: 16
[2022-08-30 23:15:13,892: INFO: tabular]: master_model_container: 16
[2022-08-30 23:15:13,892: INFO: tabular]: display_container: 2
[2022-08-30 23:15:13,893: INFO: tabular]: GradientBoostingRegressor(alpha=0.9, ccp_alpha=0.0, criterion='friedman_mse',
                          init=None, learning_rate=0.1, loss='ls', max_depth=3,
                          max_features=None, max_leaf_nodes=None,
                          min_impurity_decrease=0.0, min_impurity_split=None,
                          min_samples_leaf=1, min_samples_split=2,
                          min_weight_fraction_leaf=0.0, n_estimators=100,
                          n_iter_no_change=None, presort='deprecated',
                          random_state=2411, subsample=1.0, tol=0.0001,
                          validation_fraction=0.1, verbose=0, warm_start=False)
[2022-08-30 23:15:13,893: INFO: tabular]: create_model() succesfully completed......................................
[2022-08-30 23:15:13,978: INFO: tabular]: SubProcess create_model() end ==================================
[2022-08-30 23:15:13,978: INFO: tabular]: Creating metrics dataframe
[2022-08-30 23:15:13,993: INFO: tabular]: Initializing Light Gradient Boosting Machine
[2022-08-30 23:15:13,994: INFO: tabular]: Total runtime is 0.2693090041478475 minutes
[2022-08-30 23:15:14,010: INFO: tabular]: SubProcess create_model() called ==================================
[2022-08-30 23:15:14,011: INFO: tabular]: Initializing create_model()
[2022-08-30 23:15:14,011: INFO: tabular]: create_model(estimator=lightgbm, fold=KFold(n_splits=10, random_state=2411, shuffle=True), round=4, cross_validation=True, predict=True, fit_kwargs={}, groups=None, refit=False, verbose=False, system=False, metrics=None, experiment_custom_tags=None, add_to_model_list=True, probability_threshold=None, display=<pycaret.internal.Display.Display object at 0x000001C62EF2BBC8>, return_train_score=False, kwargs={})
[2022-08-30 23:15:14,012: INFO: tabular]: Checking exceptions
[2022-08-30 23:15:14,012: INFO: tabular]: Importing libraries
[2022-08-30 23:15:14,012: INFO: tabular]: Copying training dataset
[2022-08-30 23:15:14,013: INFO: tabular]: Defining folds
[2022-08-30 23:15:14,013: INFO: tabular]: Declaring metric variables
[2022-08-30 23:15:14,026: INFO: tabular]: Importing untrained model
[2022-08-30 23:15:14,038: INFO: tabular]: Light Gradient Boosting Machine Imported succesfully
[2022-08-30 23:15:14,064: INFO: tabular]: Starting cross validation
[2022-08-30 23:15:14,066: INFO: tabular]: Cross validating with KFold(n_splits=10, random_state=2411, shuffle=True), n_jobs=-1
[2022-08-30 23:15:14,415: INFO: tabular]: Calculating mean and std
[2022-08-30 23:15:14,416: INFO: tabular]: Creating metrics dataframe
[2022-08-30 23:15:14,424: INFO: tabular]: Uploading results into container
[2022-08-30 23:15:14,424: INFO: tabular]: Uploading model into container now
[2022-08-30 23:15:14,424: INFO: tabular]: create_model_container: 17
[2022-08-30 23:15:14,424: INFO: tabular]: master_model_container: 17
[2022-08-30 23:15:14,425: INFO: tabular]: display_container: 2
[2022-08-30 23:15:14,425: INFO: tabular]: LGBMRegressor(boosting_type='gbdt', class_weight=None, colsample_bytree=1.0,
              importance_type='split', learning_rate=0.1, max_depth=-1,
              min_child_samples=20, min_child_weight=0.001, min_split_gain=0.0,
              n_estimators=100, n_jobs=-1, num_leaves=31, objective=None,
              random_state=2411, reg_alpha=0.0, reg_lambda=0.0, silent='warn',
              subsample=1.0, subsample_for_bin=200000, subsample_freq=0)
[2022-08-30 23:15:14,426: INFO: tabular]: create_model() succesfully completed......................................
[2022-08-30 23:15:14,502: INFO: tabular]: SubProcess create_model() end ==================================
[2022-08-30 23:15:14,503: INFO: tabular]: Creating metrics dataframe
[2022-08-30 23:15:14,512: INFO: tabular]: Initializing Dummy Regressor
[2022-08-30 23:15:14,512: INFO: tabular]: Total runtime is 0.27794399261474606 minutes
[2022-08-30 23:15:14,519: INFO: tabular]: SubProcess create_model() called ==================================
[2022-08-30 23:15:14,519: INFO: tabular]: Initializing create_model()
[2022-08-30 23:15:14,519: INFO: tabular]: create_model(estimator=dummy, fold=KFold(n_splits=10, random_state=2411, shuffle=True), round=4, cross_validation=True, predict=True, fit_kwargs={}, groups=None, refit=False, verbose=False, system=False, metrics=None, experiment_custom_tags=None, add_to_model_list=True, probability_threshold=None, display=<pycaret.internal.Display.Display object at 0x000001C62EF2BBC8>, return_train_score=False, kwargs={})
[2022-08-30 23:15:14,520: INFO: tabular]: Checking exceptions
[2022-08-30 23:15:14,520: INFO: tabular]: Importing libraries
[2022-08-30 23:15:14,520: INFO: tabular]: Copying training dataset
[2022-08-30 23:15:14,521: INFO: tabular]: Defining folds
[2022-08-30 23:15:14,521: INFO: tabular]: Declaring metric variables
[2022-08-30 23:15:14,530: INFO: tabular]: Importing untrained model
[2022-08-30 23:15:14,539: INFO: tabular]: Dummy Regressor Imported succesfully
[2022-08-30 23:15:14,555: INFO: tabular]: Starting cross validation
[2022-08-30 23:15:14,556: INFO: tabular]: Cross validating with KFold(n_splits=10, random_state=2411, shuffle=True), n_jobs=-1
[2022-08-30 23:15:14,680: INFO: tabular]: Calculating mean and std
[2022-08-30 23:15:14,681: INFO: tabular]: Creating metrics dataframe
[2022-08-30 23:15:14,690: INFO: tabular]: Uploading results into container
[2022-08-30 23:15:14,691: INFO: tabular]: Uploading model into container now
[2022-08-30 23:15:14,691: INFO: tabular]: create_model_container: 18
[2022-08-30 23:15:14,691: INFO: tabular]: master_model_container: 18
[2022-08-30 23:15:14,691: INFO: tabular]: display_container: 2
[2022-08-30 23:15:14,692: INFO: tabular]: DummyRegressor(constant=None, quantile=None, strategy='mean')
[2022-08-30 23:15:14,692: INFO: tabular]: create_model() succesfully completed......................................
[2022-08-30 23:15:14,776: INFO: tabular]: SubProcess create_model() end ==================================
[2022-08-30 23:15:14,776: INFO: tabular]: Creating metrics dataframe
[2022-08-30 23:15:14,822: INFO: tabular]: Initializing create_model()
[2022-08-30 23:15:14,822: INFO: tabular]: create_model(estimator=LGBMRegressor(boosting_type='gbdt', class_weight=None, colsample_bytree=1.0,
              importance_type='split', learning_rate=0.1, max_depth=-1,
              min_child_samples=20, min_child_weight=0.001, min_split_gain=0.0,
              n_estimators=100, n_jobs=-1, num_leaves=31, objective=None,
              random_state=2411, reg_alpha=0.0, reg_lambda=0.0, silent='warn',
              subsample=1.0, subsample_for_bin=200000, subsample_freq=0), fold=KFold(n_splits=10, random_state=2411, shuffle=True), round=4, cross_validation=False, predict=False, fit_kwargs={}, groups=None, refit=True, verbose=False, system=False, metrics=None, experiment_custom_tags=None, add_to_model_list=True, probability_threshold=None, display=None, return_train_score=False, kwargs={})
[2022-08-30 23:15:14,823: INFO: tabular]: Checking exceptions
[2022-08-30 23:15:14,823: INFO: tabular]: Importing libraries
[2022-08-30 23:15:14,824: INFO: tabular]: Copying training dataset
[2022-08-30 23:15:14,824: INFO: tabular]: Defining folds
[2022-08-30 23:15:14,824: INFO: tabular]: Declaring metric variables
[2022-08-30 23:15:14,824: INFO: tabular]: Importing untrained model
[2022-08-30 23:15:14,825: INFO: tabular]: Declaring custom model
[2022-08-30 23:15:14,826: INFO: tabular]: Light Gradient Boosting Machine Imported succesfully
[2022-08-30 23:15:14,827: INFO: tabular]: Cross validation set to False
[2022-08-30 23:15:14,827: INFO: tabular]: Fitting Model
[2022-08-30 23:15:14,957: INFO: tabular]: LGBMRegressor(boosting_type='gbdt', class_weight=None, colsample_bytree=1.0,
              importance_type='split', learning_rate=0.1, max_depth=-1,
              min_child_samples=20, min_child_weight=0.001, min_split_gain=0.0,
              n_estimators=100, n_jobs=-1, num_leaves=31, objective=None,
              random_state=2411, reg_alpha=0.0, reg_lambda=0.0, silent='warn',
              subsample=1.0, subsample_for_bin=200000, subsample_freq=0)
[2022-08-30 23:15:14,957: INFO: tabular]: create_models() succesfully completed......................................
[2022-08-30 23:15:15,082: INFO: tabular]: create_model_container: 18
[2022-08-30 23:15:15,082: INFO: tabular]: master_model_container: 18
[2022-08-30 23:15:15,083: INFO: tabular]: display_container: 2
[2022-08-30 23:15:15,084: INFO: tabular]: LGBMRegressor(boosting_type='gbdt', class_weight=None, colsample_bytree=1.0,
              importance_type='split', learning_rate=0.1, max_depth=-1,
              min_child_samples=20, min_child_weight=0.001, min_split_gain=0.0,
              n_estimators=100, n_jobs=-1, num_leaves=31, objective=None,
              random_state=2411, reg_alpha=0.0, reg_lambda=0.0, silent='warn',
              subsample=1.0, subsample_for_bin=200000, subsample_freq=0)
[2022-08-30 23:15:15,084: INFO: tabular]: compare_models() succesfully completed......................................
[2022-08-30 23:15:15,085: INFO: tabular]: Initializing tune_model()
[2022-08-30 23:15:15,085: INFO: tabular]: tune_model(estimator=LGBMRegressor(boosting_type='gbdt', class_weight=None, colsample_bytree=1.0,
              importance_type='split', learning_rate=0.1, max_depth=-1,
              min_child_samples=20, min_child_weight=0.001, min_split_gain=0.0,
              n_estimators=100, n_jobs=-1, num_leaves=31, objective=None,
              random_state=2411, reg_alpha=0.0, reg_lambda=0.0, silent='warn',
              subsample=1.0, subsample_for_bin=200000, subsample_freq=0), fold=None, round=4, n_iter=10, custom_grid=None, optimize=R2, custom_scorer=None, search_library=scikit-learn, search_algorithm=None, early_stopping=False, early_stopping_max_iters=10, choose_better=False, fit_kwargs=None, groups=None, return_tuner=False, verbose=True, tuner_verbose=True, display=None, return_train_score=False, kwargs={})
[2022-08-30 23:15:15,085: INFO: tabular]: Checking exceptions
[2022-08-30 23:15:15,085: INFO: Display]: Preparing display monitor
[2022-08-30 23:15:15,114: INFO: tabular]: Copying training dataset
[2022-08-30 23:15:15,115: INFO: tabular]: Checking base model
[2022-08-30 23:15:15,115: INFO: tabular]: Base model : Light Gradient Boosting Machine
[2022-08-30 23:15:15,137: INFO: tabular]: Declaring metric variables
[2022-08-30 23:15:15,158: INFO: tabular]: Defining Hyperparameters
[2022-08-30 23:15:15,240: INFO: tabular]: Tuning with n_jobs=-1
[2022-08-30 23:15:15,240: INFO: tabular]: Initializing RandomizedSearchCV
[2022-08-30 23:15:17,388: INFO: tabular]: best_params: {'actual_estimator__reg_lambda': 10, 'actual_estimator__reg_alpha': 0.01, 'actual_estimator__num_leaves': 10, 'actual_estimator__n_estimators': 280, 'actual_estimator__min_split_gain': 0.4, 'actual_estimator__min_child_samples': 36, 'actual_estimator__learning_rate': 0.15, 'actual_estimator__feature_fraction': 0.5, 'actual_estimator__bagging_freq': 2, 'actual_estimator__bagging_fraction': 0.5}
[2022-08-30 23:15:17,388: INFO: tabular]: Hyperparameter search completed
[2022-08-30 23:15:17,389: INFO: tabular]: SubProcess create_model() called ==================================
[2022-08-30 23:15:17,390: INFO: tabular]: Initializing create_model()
[2022-08-30 23:15:17,390: INFO: tabular]: create_model(estimator=LGBMRegressor(boosting_type='gbdt', class_weight=None, colsample_bytree=1.0,
              importance_type='split', learning_rate=0.1, max_depth=-1,
              min_child_samples=20, min_child_weight=0.001, min_split_gain=0.0,
              n_estimators=100, n_jobs=-1, num_leaves=31, objective=None,
              random_state=2411, reg_alpha=0.0, reg_lambda=0.0, silent='warn',
              subsample=1.0, subsample_for_bin=200000, subsample_freq=0), fold=KFold(n_splits=10, random_state=2411, shuffle=True), round=4, cross_validation=True, predict=True, fit_kwargs={}, groups=None, refit=True, verbose=True, system=False, metrics=None, experiment_custom_tags=None, add_to_model_list=True, probability_threshold=None, display=<pycaret.internal.Display.Display object at 0x000001C630759708>, return_train_score=False, kwargs={'reg_lambda': 10, 'reg_alpha': 0.01, 'num_leaves': 10, 'n_estimators': 280, 'min_split_gain': 0.4, 'min_child_samples': 36, 'learning_rate': 0.15, 'feature_fraction': 0.5, 'bagging_freq': 2, 'bagging_fraction': 0.5})
[2022-08-30 23:15:17,391: INFO: tabular]: Checking exceptions
[2022-08-30 23:15:17,391: INFO: tabular]: Importing libraries
[2022-08-30 23:15:17,391: INFO: tabular]: Copying training dataset
[2022-08-30 23:15:17,392: INFO: tabular]: Defining folds
[2022-08-30 23:15:17,392: INFO: tabular]: Declaring metric variables
[2022-08-30 23:15:17,411: INFO: tabular]: Importing untrained model
[2022-08-30 23:15:17,412: INFO: tabular]: Declaring custom model
[2022-08-30 23:15:17,433: INFO: tabular]: Light Gradient Boosting Machine Imported succesfully
[2022-08-30 23:15:17,474: INFO: tabular]: Starting cross validation
[2022-08-30 23:15:17,476: INFO: tabular]: Cross validating with KFold(n_splits=10, random_state=2411, shuffle=True), n_jobs=-1
[2022-08-30 23:15:17,750: INFO: tabular]: Calculating mean and std
[2022-08-30 23:15:17,750: INFO: tabular]: Creating metrics dataframe
[2022-08-30 23:15:17,769: INFO: tabular]: Finalizing model
[2022-08-30 23:15:17,871: INFO: tabular]: Uploading results into container
[2022-08-30 23:15:17,871: INFO: tabular]: Uploading model into container now
[2022-08-30 23:15:17,871: INFO: tabular]: create_model_container: 19
[2022-08-30 23:15:17,871: INFO: tabular]: master_model_container: 19
[2022-08-30 23:15:17,871: INFO: tabular]: display_container: 3
[2022-08-30 23:15:17,871: INFO: tabular]: LGBMRegressor(bagging_fraction=0.5, bagging_freq=2, boosting_type='gbdt',
              class_weight=None, colsample_bytree=1.0, feature_fraction=0.5,
              importance_type='split', learning_rate=0.15, max_depth=-1,
              min_child_samples=36, min_child_weight=0.001, min_split_gain=0.4,
              n_estimators=280, n_jobs=-1, num_leaves=10, objective=None,
              random_state=2411, reg_alpha=0.01, reg_lambda=10, silent='warn',
              subsample=1.0, subsample_for_bin=200000, subsample_freq=0)
[2022-08-30 23:15:17,871: INFO: tabular]: create_model() succesfully completed......................................
[2022-08-30 23:15:17,960: INFO: tabular]: SubProcess create_model() end ==================================
[2022-08-30 23:15:17,961: INFO: tabular]: create_model_container: 19
[2022-08-30 23:15:17,961: INFO: tabular]: master_model_container: 19
[2022-08-30 23:15:17,961: INFO: tabular]: display_container: 3
[2022-08-30 23:15:17,963: INFO: tabular]: LGBMRegressor(bagging_fraction=0.5, bagging_freq=2, boosting_type='gbdt',
              class_weight=None, colsample_bytree=1.0, feature_fraction=0.5,
              importance_type='split', learning_rate=0.15, max_depth=-1,
              min_child_samples=36, min_child_weight=0.001, min_split_gain=0.4,
              n_estimators=280, n_jobs=-1, num_leaves=10, objective=None,
              random_state=2411, reg_alpha=0.01, reg_lambda=10, silent='warn',
              subsample=1.0, subsample_for_bin=200000, subsample_freq=0)
[2022-08-30 23:15:17,963: INFO: tabular]: tune_model() succesfully completed......................................
[2022-08-30 23:15:18,035: INFO: tabular]: Initializing finalize_model()
[2022-08-30 23:15:18,037: INFO: tabular]: finalize_model(estimator=LGBMRegressor(bagging_fraction=0.5, bagging_freq=2, boosting_type='gbdt',
              class_weight=None, colsample_bytree=1.0, feature_fraction=0.5,
              importance_type='split', learning_rate=0.15, max_depth=-1,
              min_child_samples=36, min_child_weight=0.001, min_split_gain=0.4,
              n_estimators=280, n_jobs=-1, num_leaves=10, objective=None,
              random_state=2411, reg_alpha=0.01, reg_lambda=10, silent='warn',
              subsample=1.0, subsample_for_bin=200000, subsample_freq=0), fit_kwargs=None, groups=None, model_only=True, display=None, experiment_custom_tags=None, return_train_score=False)
[2022-08-30 23:15:18,037: INFO: tabular]: Finalizing LGBMRegressor(bagging_fraction=0.5, bagging_freq=2, boosting_type='gbdt',
              class_weight=None, colsample_bytree=1.0, feature_fraction=0.5,
              importance_type='split', learning_rate=0.15, max_depth=-1,
              min_child_samples=36, min_child_weight=0.001, min_split_gain=0.4,
              n_estimators=280, n_jobs=-1, num_leaves=10, objective=None,
              random_state=2411, reg_alpha=0.01, reg_lambda=10, silent='warn',
              subsample=1.0, subsample_for_bin=200000, subsample_freq=0)
[2022-08-30 23:15:18,038: INFO: tabular]: Initializing create_model()
[2022-08-30 23:15:18,038: INFO: tabular]: create_model(estimator=LGBMRegressor(bagging_fraction=0.5, bagging_freq=2, boosting_type='gbdt',
              class_weight=None, colsample_bytree=1.0, feature_fraction=0.5,
              importance_type='split', learning_rate=0.15, max_depth=-1,
              min_child_samples=36, min_child_weight=0.001, min_split_gain=0.4,
              n_estimators=280, n_jobs=-1, num_leaves=10, objective=None,
              random_state=2411, reg_alpha=0.01, reg_lambda=10, silent='warn',
              subsample=1.0, subsample_for_bin=200000, subsample_freq=0), fold=None, round=4, cross_validation=True, predict=True, fit_kwargs={}, groups=None, refit=True, verbose=False, system=False, metrics=None, experiment_custom_tags=None, add_to_model_list=False, probability_threshold=None, display=None, return_train_score=False, kwargs={})
[2022-08-30 23:15:18,038: INFO: tabular]: Checking exceptions
[2022-08-30 23:15:18,038: INFO: tabular]: Importing libraries
[2022-08-30 23:15:18,038: INFO: tabular]: Copying training dataset
[2022-08-30 23:15:18,039: INFO: tabular]: Defining folds
[2022-08-30 23:15:18,039: INFO: tabular]: Declaring metric variables
[2022-08-30 23:15:18,039: INFO: tabular]: Importing untrained model
[2022-08-30 23:15:18,039: INFO: tabular]: Declaring custom model
[2022-08-30 23:15:18,040: INFO: tabular]: Light Gradient Boosting Machine Imported succesfully
[2022-08-30 23:15:18,041: INFO: tabular]: Starting cross validation
[2022-08-30 23:15:18,041: INFO: tabular]: Cross validating with KFold(n_splits=10, random_state=2411, shuffle=True), n_jobs=-1
[2022-08-30 23:15:18,397: INFO: tabular]: Calculating mean and std
[2022-08-30 23:15:18,399: INFO: tabular]: Creating metrics dataframe
[2022-08-30 23:15:18,406: INFO: tabular]: Finalizing model
[2022-08-30 23:15:18,553: INFO: tabular]: create_model_container: 19
[2022-08-30 23:15:18,555: INFO: tabular]: master_model_container: 19
[2022-08-30 23:15:18,555: INFO: tabular]: display_container: 4
[2022-08-30 23:15:18,556: INFO: tabular]: LGBMRegressor(bagging_fraction=0.5, bagging_freq=2, boosting_type='gbdt',
              class_weight=None, colsample_bytree=1.0, feature_fraction=0.5,
              importance_type='split', learning_rate=0.15, max_depth=-1,
              min_child_samples=36, min_child_weight=0.001, min_split_gain=0.4,
              n_estimators=280, n_jobs=-1, num_leaves=10, objective=None,
              random_state=2411, reg_alpha=0.01, reg_lambda=10, silent='warn',
              subsample=1.0, subsample_for_bin=200000, subsample_freq=0)
[2022-08-30 23:15:18,556: INFO: tabular]: create_model() succesfully completed......................................
[2022-08-30 23:15:18,644: INFO: tabular]: create_model_container: 19
[2022-08-30 23:15:18,645: INFO: tabular]: master_model_container: 19
[2022-08-30 23:15:18,645: INFO: tabular]: display_container: 3
[2022-08-30 23:15:18,646: INFO: tabular]: LGBMRegressor(bagging_fraction=0.5, bagging_freq=2, boosting_type='gbdt',
              class_weight=None, colsample_bytree=1.0, feature_fraction=0.5,
              importance_type='split', learning_rate=0.15, max_depth=-1,
              min_child_samples=36, min_child_weight=0.001, min_split_gain=0.4,
              n_estimators=280, n_jobs=-1, num_leaves=10, objective=None,
              random_state=2411, reg_alpha=0.01, reg_lambda=10, silent='warn',
              subsample=1.0, subsample_for_bin=200000, subsample_freq=0)
[2022-08-30 23:15:18,646: INFO: tabular]: finalize_model() succesfully completed......................................
[2022-08-30 23:15:18,745: INFO: model_training]: Best model found sucessfully
[2022-08-30 23:15:18,752: INFO: model_training]: Experiment results saved successfully at artifacts\MODEL_TRAINER\experiment_results.csv
[2022-08-30 23:15:18,766: INFO: model_training]: Best Model saved successfully at prediction_service/models\model.pkl
[2022-08-30 23:15:18,767: INFO: stage_03_model_training]: >>>>>>>>> Model Training Stage 03 Completed <<<<<<<<<
