[2022-08-30 22:43:04,644]: INFO: stage_03_model_training: >>>>>>>>> Model Training Stage 03 Started <<<<<<<<<
[2022-08-30 22:43:04,650]: INFO: model_training: Training Data Loaded successfully
[2022-08-30 22:43:04,650]: INFO: tabular: PyCaret Supervised Module
[2022-08-30 22:43:04,650]: INFO: tabular: ML Usecase: regression
[2022-08-30 22:43:04,650]: INFO: tabular: version 2.3.10
[2022-08-30 22:43:04,650]: INFO: tabular: Initializing setup()
[2022-08-30 22:43:04,650]: INFO: tabular: setup(target=concrete_compressive_strength, ml_usecase=regression, available_plots={'parameter': 'Hyperparameters', 'residuals': 'Residuals', 'error': 'Prediction Error', 'cooks': 'Cooks Distance', 'rfe': 'Feature Selection', 'learning': 'Learning Curve', 'manifold': 'Manifold Learning', 'vc': 'Validation Curve', 'feature': 'Feature Importance', 'feature_all': 'Feature Importance (All)', 'tree': 'Decision Tree', 'residuals_interactive': 'Interactive Residuals'}, train_size=0.8, test_data=None, preprocess=False, imputation_type=simple, iterative_imputation_iters=5, categorical_features=None, categorical_imputation=constant, categorical_iterative_imputer=lightgbm, ordinal_features=None, high_cardinality_features=None, high_cardinality_method=frequency, numeric_features=None, numeric_imputation=mean, numeric_iterative_imputer=lightgbm, date_features=None, ignore_features=None, normalize=False, normalize_method=zscore, transformation=False, transformation_method=yeo-johnson, handle_unknown_categorical=True, unknown_categorical_method=least_frequent, pca=False, pca_method=linear, pca_components=None, ignore_low_variance=False, combine_rare_levels=False, rare_level_threshold=0.1, bin_numeric_features=None, remove_outliers=False, outliers_threshold=0.05, remove_multicollinearity=False, multicollinearity_threshold=0.9, remove_perfect_collinearity=True, create_clusters=False, cluster_iter=20, polynomial_features=False, polynomial_degree=2, trigonometry_features=False, polynomial_threshold=0.1, group_features=None, group_names=None, feature_selection=False, feature_selection_threshold=0.8, feature_selection_method=classic, feature_interaction=False, feature_ratio=False, interaction_threshold=0.01, fix_imbalance=False, fix_imbalance_method=None, transform_target=False, transform_target_method=box-cox, data_split_shuffle=True, data_split_stratify=False, fold_strategy=kfold, fold=10, fold_shuffle=True, fold_groups=None, n_jobs=-1, use_gpu=False, custom_pipeline=None, html=True, session_id=None, log_experiment=False, experiment_name=None, experiment_custom_tags=None, log_plots=False, log_profile=False, log_data=False, silent=True, verbose=True, profile=False, profile_kwargs=None, display=None)
[2022-08-30 22:43:04,657]: INFO: tabular: Checking environment
[2022-08-30 22:43:04,657]: INFO: tabular: python_version: 3.7.13
[2022-08-30 22:43:04,657]: INFO: tabular: python_build: ('default', 'Mar 28 2022 08:03:21')
[2022-08-30 22:43:04,657]: INFO: tabular: machine: AMD64
[2022-08-30 22:43:04,657]: INFO: tabular: platform: Windows-10-10.0.22000-SP0
[2022-08-30 22:43:04,657]: INFO: tabular: Memory: svmem(total=8394625024, available=1091125248, percent=87.0, used=7303499776, free=1091125248)
[2022-08-30 22:43:04,657]: INFO: tabular: Physical Core: 4
[2022-08-30 22:43:04,657]: INFO: tabular: Logical Core: 8
[2022-08-30 22:43:04,657]: INFO: tabular: Checking libraries
[2022-08-30 22:43:04,657]: INFO: tabular: pd==1.3.5
[2022-08-30 22:43:04,657]: INFO: tabular: numpy==1.19.5
[2022-08-30 22:43:04,657]: INFO: tabular: sklearn==0.23.2
[2022-08-30 22:43:04,657]: INFO: tabular: lightgbm==3.3.2
[2022-08-30 22:43:04,657]: WARNING: tabular: catboost not found
[2022-08-30 22:43:04,657]: WARNING: tabular: xgboost not found
[2022-08-30 22:43:04,657]: INFO: tabular: mlflow==1.28.0
[2022-08-30 22:43:04,657]: INFO: tabular: Checking Exceptions
[2022-08-30 22:43:04,657]: INFO: tabular: Declaring global variables
[2022-08-30 22:43:04,657]: INFO: tabular: USI: 30fd
[2022-08-30 22:43:04,657]: INFO: tabular: pycaret_globals: {'X_test', 'fold_param', 'data_before_preprocess', 'USI', 'gpu_param', 'target_param', 'fold_shuffle_param', '_internal_pipeline', 'html_param', 'fold_groups_param_full', 'logging_param', '_ml_usecase', 'exp_name_log', '_all_models', 'y_train', 'master_model_container', 'y_test', 'n_jobs_param', 'fold_generator', '_gpu_n_jobs_param', 'transform_target_param', 'fix_imbalance_param', 'experiment__', 'display_container', '_all_models_internal', 'y', 'fix_imbalance_method_param', 'create_model_container', 'stratify_param', 'X_train', 'log_plots_param', '_available_plots', 'fold_groups_param', 'pycaret_globals', 'seed', '_all_metrics', 'imputation_classifier', 'X', 'imputation_regressor', 'transform_target_method_param', 'prep_pipe', 'dashboard_logger', 'iterative_imputation_iters_param'}
[2022-08-30 22:43:04,657]: INFO: tabular: Preparing display monitor
[2022-08-30 22:43:04,657]: INFO: Display: Preparing display monitor
[2022-08-30 22:43:04,669]: INFO: tabular: Importing libraries
[2022-08-30 22:43:04,669]: INFO: tabular: Copying data for preprocessing
[2022-08-30 22:43:04,675]: INFO: tabular: Declaring preprocessing parameters
[2022-08-30 22:43:04,675]: INFO: tabular: Creating preprocessing pipeline
[2022-08-30 22:43:04,684]: INFO: tabular: Preprocessing pipeline created successfully
[2022-08-30 22:43:04,685]: ERROR: tabular: (Process Exit): setup has been interupted with user command 'quit'. setup must rerun.
[2022-08-30 22:43:04,685]: INFO: tabular: Creating global containers
[2022-08-30 22:43:04,686]: INFO: tabular: Internal pipeline: Pipeline(memory=None, steps=[('empty_step', 'passthrough')], verbose=False)
[2022-08-30 22:43:04,865]: WARNING: regression: Couldn't import xgboost.XGBRegressor
[2022-08-30 22:43:04,866]: WARNING: regression: Couldn't import catboost.CatBoostRegressor
[2022-08-30 22:43:04,962]: WARNING: regression: Couldn't import xgboost.XGBRegressor
[2022-08-30 22:43:04,962]: WARNING: regression: Couldn't import catboost.CatBoostRegressor
[2022-08-30 22:43:04,962]: INFO: tabular: Creating grid variables
[2022-08-30 22:43:04,986]: INFO: tabular: create_model_container: 0
[2022-08-30 22:43:04,986]: INFO: tabular: master_model_container: 0
[2022-08-30 22:43:04,986]: INFO: tabular: display_container: 1
[2022-08-30 22:43:04,986]: INFO: tabular: Pipeline(memory=None,
         steps=[('dtypes',
                 DataTypes_Auto_infer(categorical_features=[],
                                      display_types=False, features_todrop=[],
                                      id_columns=[], ml_usecase='regression',
                                      numerical_features=[],
                                      target='concrete_compressive_strength',
                                      time_features=[]))],
         verbose=False)
[2022-08-30 22:43:04,986]: INFO: tabular: setup() succesfully completed......................................
[2022-08-30 22:43:05,054]: INFO: tabular: Initializing compare_models()
[2022-08-30 22:43:05,055]: INFO: tabular: compare_models(include=None, fold=None, round=4, cross_validation=True, sort=R2, n_select=1, budget_time=None, turbo=True, errors=ignore, fit_kwargs=None, groups=None, experiment_custom_tags=None, probability_threshold=None, verbose=True, display=None, exclude=None)
[2022-08-30 22:43:05,055]: INFO: tabular: Checking exceptions
[2022-08-30 22:43:05,055]: INFO: tabular: Preparing display monitor
[2022-08-30 22:43:05,055]: INFO: Display: Preparing display monitor
[2022-08-30 22:43:05,072]: INFO: tabular: Initializing Linear Regression
[2022-08-30 22:43:05,072]: INFO: tabular: Total runtime is 0.0 minutes
[2022-08-30 22:43:05,078]: INFO: tabular: SubProcess create_model() called ==================================
[2022-08-30 22:43:05,078]: INFO: tabular: Initializing create_model()
[2022-08-30 22:43:05,078]: INFO: tabular: create_model(estimator=lr, fold=KFold(n_splits=10, random_state=7791, shuffle=True), round=4, cross_validation=True, predict=True, fit_kwargs={}, groups=None, refit=False, verbose=False, system=False, metrics=None, experiment_custom_tags=None, add_to_model_list=True, probability_threshold=None, display=<pycaret.internal.Display.Display object at 0x000001448DA33FC8>, return_train_score=False, kwargs={})
[2022-08-30 22:43:05,079]: INFO: tabular: Checking exceptions
[2022-08-30 22:43:05,079]: INFO: tabular: Importing libraries
[2022-08-30 22:43:05,079]: INFO: tabular: Copying training dataset
[2022-08-30 22:43:05,079]: INFO: tabular: Defining folds
[2022-08-30 22:43:05,079]: INFO: tabular: Declaring metric variables
[2022-08-30 22:43:05,085]: INFO: tabular: Importing untrained model
[2022-08-30 22:43:05,092]: INFO: tabular: Linear Regression Imported succesfully
[2022-08-30 22:43:05,106]: INFO: tabular: Starting cross validation
[2022-08-30 22:43:05,122]: INFO: tabular: Cross validating with KFold(n_splits=10, random_state=7791, shuffle=True), n_jobs=-1
[2022-08-30 22:43:10,894]: INFO: tabular: Calculating mean and std
[2022-08-30 22:43:10,895]: INFO: tabular: Creating metrics dataframe
[2022-08-30 22:43:10,903]: INFO: tabular: Uploading results into container
[2022-08-30 22:43:10,903]: INFO: tabular: Uploading model into container now
[2022-08-30 22:43:10,903]: INFO: tabular: create_model_container: 1
[2022-08-30 22:43:10,903]: INFO: tabular: master_model_container: 1
[2022-08-30 22:43:10,903]: INFO: tabular: display_container: 2
[2022-08-30 22:43:10,904]: INFO: tabular: LinearRegression(copy_X=True, fit_intercept=True, n_jobs=-1, normalize=False)
[2022-08-30 22:43:10,904]: INFO: tabular: create_model() succesfully completed......................................
[2022-08-30 22:43:10,980]: INFO: tabular: SubProcess create_model() end ==================================
[2022-08-30 22:43:10,980]: INFO: tabular: Creating metrics dataframe
[2022-08-30 22:43:11,005]: INFO: tabular: Initializing Lasso Regression
[2022-08-30 22:43:11,005]: INFO: tabular: Total runtime is 0.09888288974761963 minutes
[2022-08-30 22:43:11,011]: INFO: tabular: SubProcess create_model() called ==================================
[2022-08-30 22:43:11,012]: INFO: tabular: Initializing create_model()
[2022-08-30 22:43:11,012]: INFO: tabular: create_model(estimator=lasso, fold=KFold(n_splits=10, random_state=7791, shuffle=True), round=4, cross_validation=True, predict=True, fit_kwargs={}, groups=None, refit=False, verbose=False, system=False, metrics=None, experiment_custom_tags=None, add_to_model_list=True, probability_threshold=None, display=<pycaret.internal.Display.Display object at 0x000001448DA33FC8>, return_train_score=False, kwargs={})
[2022-08-30 22:43:11,012]: INFO: tabular: Checking exceptions
[2022-08-30 22:43:11,012]: INFO: tabular: Importing libraries
[2022-08-30 22:43:11,012]: INFO: tabular: Copying training dataset
[2022-08-30 22:43:11,013]: INFO: tabular: Defining folds
[2022-08-30 22:43:11,013]: INFO: tabular: Declaring metric variables
[2022-08-30 22:43:11,018]: INFO: tabular: Importing untrained model
[2022-08-30 22:43:11,025]: INFO: tabular: Lasso Regression Imported succesfully
[2022-08-30 22:43:11,037]: INFO: tabular: Starting cross validation
[2022-08-30 22:43:11,038]: INFO: tabular: Cross validating with KFold(n_splits=10, random_state=7791, shuffle=True), n_jobs=-1
[2022-08-30 22:43:11,110]: INFO: tabular: Calculating mean and std
[2022-08-30 22:43:11,110]: INFO: tabular: Creating metrics dataframe
[2022-08-30 22:43:11,115]: INFO: tabular: Uploading results into container
[2022-08-30 22:43:11,115]: INFO: tabular: Uploading model into container now
[2022-08-30 22:43:11,115]: INFO: tabular: create_model_container: 2
[2022-08-30 22:43:11,115]: INFO: tabular: master_model_container: 2
[2022-08-30 22:43:11,115]: INFO: tabular: display_container: 2
[2022-08-30 22:43:11,115]: INFO: tabular: Lasso(alpha=1.0, copy_X=True, fit_intercept=True, max_iter=1000,
      normalize=False, positive=False, precompute=False, random_state=7791,
      selection='cyclic', tol=0.0001, warm_start=False)
[2022-08-30 22:43:11,115]: INFO: tabular: create_model() succesfully completed......................................
[2022-08-30 22:43:11,163]: INFO: tabular: SubProcess create_model() end ==================================
[2022-08-30 22:43:11,163]: INFO: tabular: Creating metrics dataframe
[2022-08-30 22:43:11,174]: INFO: tabular: Initializing Ridge Regression
[2022-08-30 22:43:11,174]: INFO: tabular: Total runtime is 0.10170476833979289 minutes
[2022-08-30 22:43:11,179]: INFO: tabular: SubProcess create_model() called ==================================
[2022-08-30 22:43:11,180]: INFO: tabular: Initializing create_model()
[2022-08-30 22:43:11,180]: INFO: tabular: create_model(estimator=ridge, fold=KFold(n_splits=10, random_state=7791, shuffle=True), round=4, cross_validation=True, predict=True, fit_kwargs={}, groups=None, refit=False, verbose=False, system=False, metrics=None, experiment_custom_tags=None, add_to_model_list=True, probability_threshold=None, display=<pycaret.internal.Display.Display object at 0x000001448DA33FC8>, return_train_score=False, kwargs={})
[2022-08-30 22:43:11,180]: INFO: tabular: Checking exceptions
[2022-08-30 22:43:11,180]: INFO: tabular: Importing libraries
[2022-08-30 22:43:11,180]: INFO: tabular: Copying training dataset
[2022-08-30 22:43:11,180]: INFO: tabular: Defining folds
[2022-08-30 22:43:11,180]: INFO: tabular: Declaring metric variables
[2022-08-30 22:43:11,184]: INFO: tabular: Importing untrained model
[2022-08-30 22:43:11,191]: INFO: tabular: Ridge Regression Imported succesfully
[2022-08-30 22:43:11,202]: INFO: tabular: Starting cross validation
[2022-08-30 22:43:11,203]: INFO: tabular: Cross validating with KFold(n_splits=10, random_state=7791, shuffle=True), n_jobs=-1
[2022-08-30 22:43:11,273]: INFO: tabular: Calculating mean and std
[2022-08-30 22:43:11,273]: INFO: tabular: Creating metrics dataframe
[2022-08-30 22:43:11,277]: INFO: tabular: Uploading results into container
[2022-08-30 22:43:11,277]: INFO: tabular: Uploading model into container now
[2022-08-30 22:43:11,277]: INFO: tabular: create_model_container: 3
[2022-08-30 22:43:11,277]: INFO: tabular: master_model_container: 3
[2022-08-30 22:43:11,277]: INFO: tabular: display_container: 2
[2022-08-30 22:43:11,277]: INFO: tabular: Ridge(alpha=1.0, copy_X=True, fit_intercept=True, max_iter=None,
      normalize=False, random_state=7791, solver='auto', tol=0.001)
[2022-08-30 22:43:11,277]: INFO: tabular: create_model() succesfully completed......................................
[2022-08-30 22:43:11,328]: INFO: tabular: SubProcess create_model() end ==================================
[2022-08-30 22:43:11,328]: INFO: tabular: Creating metrics dataframe
[2022-08-30 22:43:11,344]: INFO: tabular: Initializing Elastic Net
[2022-08-30 22:43:11,344]: INFO: tabular: Total runtime is 0.10453337828318278 minutes
[2022-08-30 22:43:11,349]: INFO: tabular: SubProcess create_model() called ==================================
[2022-08-30 22:43:11,350]: INFO: tabular: Initializing create_model()
[2022-08-30 22:43:11,350]: INFO: tabular: create_model(estimator=en, fold=KFold(n_splits=10, random_state=7791, shuffle=True), round=4, cross_validation=True, predict=True, fit_kwargs={}, groups=None, refit=False, verbose=False, system=False, metrics=None, experiment_custom_tags=None, add_to_model_list=True, probability_threshold=None, display=<pycaret.internal.Display.Display object at 0x000001448DA33FC8>, return_train_score=False, kwargs={})
[2022-08-30 22:43:11,350]: INFO: tabular: Checking exceptions
[2022-08-30 22:43:11,350]: INFO: tabular: Importing libraries
[2022-08-30 22:43:11,350]: INFO: tabular: Copying training dataset
[2022-08-30 22:43:11,351]: INFO: tabular: Defining folds
[2022-08-30 22:43:11,351]: INFO: tabular: Declaring metric variables
[2022-08-30 22:43:11,357]: INFO: tabular: Importing untrained model
[2022-08-30 22:43:11,363]: INFO: tabular: Elastic Net Imported succesfully
[2022-08-30 22:43:11,374]: INFO: tabular: Starting cross validation
[2022-08-30 22:43:11,375]: INFO: tabular: Cross validating with KFold(n_splits=10, random_state=7791, shuffle=True), n_jobs=-1
[2022-08-30 22:43:11,443]: INFO: tabular: Calculating mean and std
[2022-08-30 22:43:11,443]: INFO: tabular: Creating metrics dataframe
[2022-08-30 22:43:11,447]: INFO: tabular: Uploading results into container
[2022-08-30 22:43:11,447]: INFO: tabular: Uploading model into container now
[2022-08-30 22:43:11,447]: INFO: tabular: create_model_container: 4
[2022-08-30 22:43:11,447]: INFO: tabular: master_model_container: 4
[2022-08-30 22:43:11,447]: INFO: tabular: display_container: 2
[2022-08-30 22:43:11,447]: INFO: tabular: ElasticNet(alpha=1.0, copy_X=True, fit_intercept=True, l1_ratio=0.5,
           max_iter=1000, normalize=False, positive=False, precompute=False,
           random_state=7791, selection='cyclic', tol=0.0001, warm_start=False)
[2022-08-30 22:43:11,447]: INFO: tabular: create_model() succesfully completed......................................
[2022-08-30 22:43:11,499]: INFO: tabular: SubProcess create_model() end ==================================
[2022-08-30 22:43:11,499]: INFO: tabular: Creating metrics dataframe
[2022-08-30 22:43:11,506]: INFO: tabular: Initializing Least Angle Regression
[2022-08-30 22:43:11,506]: INFO: tabular: Total runtime is 0.10722664594650269 minutes
[2022-08-30 22:43:11,510]: INFO: tabular: SubProcess create_model() called ==================================
[2022-08-30 22:43:11,511]: INFO: tabular: Initializing create_model()
[2022-08-30 22:43:11,511]: INFO: tabular: create_model(estimator=lar, fold=KFold(n_splits=10, random_state=7791, shuffle=True), round=4, cross_validation=True, predict=True, fit_kwargs={}, groups=None, refit=False, verbose=False, system=False, metrics=None, experiment_custom_tags=None, add_to_model_list=True, probability_threshold=None, display=<pycaret.internal.Display.Display object at 0x000001448DA33FC8>, return_train_score=False, kwargs={})
[2022-08-30 22:43:11,511]: INFO: tabular: Checking exceptions
[2022-08-30 22:43:11,511]: INFO: tabular: Importing libraries
[2022-08-30 22:43:11,511]: INFO: tabular: Copying training dataset
[2022-08-30 22:43:11,511]: INFO: tabular: Defining folds
[2022-08-30 22:43:11,511]: INFO: tabular: Declaring metric variables
[2022-08-30 22:43:11,516]: INFO: tabular: Importing untrained model
[2022-08-30 22:43:11,523]: INFO: tabular: Least Angle Regression Imported succesfully
[2022-08-30 22:43:11,532]: INFO: tabular: Starting cross validation
[2022-08-30 22:43:11,533]: INFO: tabular: Cross validating with KFold(n_splits=10, random_state=7791, shuffle=True), n_jobs=-1
[2022-08-30 22:43:11,601]: INFO: tabular: Calculating mean and std
[2022-08-30 22:43:11,601]: INFO: tabular: Creating metrics dataframe
[2022-08-30 22:43:11,605]: INFO: tabular: Uploading results into container
[2022-08-30 22:43:11,605]: INFO: tabular: Uploading model into container now
[2022-08-30 22:43:11,605]: INFO: tabular: create_model_container: 5
[2022-08-30 22:43:11,605]: INFO: tabular: master_model_container: 5
[2022-08-30 22:43:11,605]: INFO: tabular: display_container: 2
[2022-08-30 22:43:11,606]: INFO: tabular: Lars(copy_X=True, eps=2.220446049250313e-16, fit_intercept=True, fit_path=True,
     jitter=None, n_nonzero_coefs=500, normalize=True, precompute='auto',
     random_state=7791, verbose=False)
[2022-08-30 22:43:11,606]: INFO: tabular: create_model() succesfully completed......................................
[2022-08-30 22:43:11,663]: INFO: tabular: SubProcess create_model() end ==================================
[2022-08-30 22:43:11,663]: INFO: tabular: Creating metrics dataframe
[2022-08-30 22:43:11,676]: INFO: tabular: Initializing Lasso Least Angle Regression
[2022-08-30 22:43:11,676]: INFO: tabular: Total runtime is 0.11007187366485596 minutes
[2022-08-30 22:43:11,682]: INFO: tabular: SubProcess create_model() called ==================================
[2022-08-30 22:43:11,683]: INFO: tabular: Initializing create_model()
[2022-08-30 22:43:11,683]: INFO: tabular: create_model(estimator=llar, fold=KFold(n_splits=10, random_state=7791, shuffle=True), round=4, cross_validation=True, predict=True, fit_kwargs={}, groups=None, refit=False, verbose=False, system=False, metrics=None, experiment_custom_tags=None, add_to_model_list=True, probability_threshold=None, display=<pycaret.internal.Display.Display object at 0x000001448DA33FC8>, return_train_score=False, kwargs={})
[2022-08-30 22:43:11,683]: INFO: tabular: Checking exceptions
[2022-08-30 22:43:11,683]: INFO: tabular: Importing libraries
[2022-08-30 22:43:11,683]: INFO: tabular: Copying training dataset
[2022-08-30 22:43:11,684]: INFO: tabular: Defining folds
[2022-08-30 22:43:11,684]: INFO: tabular: Declaring metric variables
[2022-08-30 22:43:11,689]: INFO: tabular: Importing untrained model
[2022-08-30 22:43:11,695]: INFO: tabular: Lasso Least Angle Regression Imported succesfully
[2022-08-30 22:43:11,705]: INFO: tabular: Starting cross validation
[2022-08-30 22:43:11,706]: INFO: tabular: Cross validating with KFold(n_splits=10, random_state=7791, shuffle=True), n_jobs=-1
[2022-08-30 22:43:11,769]: INFO: tabular: Calculating mean and std
[2022-08-30 22:43:11,769]: INFO: tabular: Creating metrics dataframe
[2022-08-30 22:43:11,773]: INFO: tabular: Uploading results into container
[2022-08-30 22:43:11,773]: INFO: tabular: Uploading model into container now
[2022-08-30 22:43:11,773]: INFO: tabular: create_model_container: 6
[2022-08-30 22:43:11,773]: INFO: tabular: master_model_container: 6
[2022-08-30 22:43:11,773]: INFO: tabular: display_container: 2
[2022-08-30 22:43:11,774]: INFO: tabular: LassoLars(alpha=1.0, copy_X=True, eps=2.220446049250313e-16, fit_intercept=True,
          fit_path=True, jitter=None, max_iter=500, normalize=True,
          positive=False, precompute='auto', random_state=7791, verbose=False)
[2022-08-30 22:43:11,774]: INFO: tabular: create_model() succesfully completed......................................
[2022-08-30 22:43:11,838]: INFO: tabular: SubProcess create_model() end ==================================
[2022-08-30 22:43:11,838]: INFO: tabular: Creating metrics dataframe
[2022-08-30 22:43:11,850]: INFO: tabular: Initializing Orthogonal Matching Pursuit
[2022-08-30 22:43:11,850]: INFO: tabular: Total runtime is 0.11296056509017945 minutes
[2022-08-30 22:43:11,856]: INFO: tabular: SubProcess create_model() called ==================================
[2022-08-30 22:43:11,857]: INFO: tabular: Initializing create_model()
[2022-08-30 22:43:11,857]: INFO: tabular: create_model(estimator=omp, fold=KFold(n_splits=10, random_state=7791, shuffle=True), round=4, cross_validation=True, predict=True, fit_kwargs={}, groups=None, refit=False, verbose=False, system=False, metrics=None, experiment_custom_tags=None, add_to_model_list=True, probability_threshold=None, display=<pycaret.internal.Display.Display object at 0x000001448DA33FC8>, return_train_score=False, kwargs={})
[2022-08-30 22:43:11,857]: INFO: tabular: Checking exceptions
[2022-08-30 22:43:11,857]: INFO: tabular: Importing libraries
[2022-08-30 22:43:11,857]: INFO: tabular: Copying training dataset
[2022-08-30 22:43:11,858]: INFO: tabular: Defining folds
[2022-08-30 22:43:11,858]: INFO: tabular: Declaring metric variables
[2022-08-30 22:43:11,865]: INFO: tabular: Importing untrained model
[2022-08-30 22:43:11,871]: INFO: tabular: Orthogonal Matching Pursuit Imported succesfully
[2022-08-30 22:43:11,947]: INFO: tabular: Starting cross validation
[2022-08-30 22:43:11,948]: INFO: tabular: Cross validating with KFold(n_splits=10, random_state=7791, shuffle=True), n_jobs=-1
[2022-08-30 22:43:12,038]: INFO: tabular: Calculating mean and std
[2022-08-30 22:43:12,038]: INFO: tabular: Creating metrics dataframe
[2022-08-30 22:43:12,043]: INFO: tabular: Uploading results into container
[2022-08-30 22:43:12,043]: INFO: tabular: Uploading model into container now
[2022-08-30 22:43:12,043]: INFO: tabular: create_model_container: 7
[2022-08-30 22:43:12,043]: INFO: tabular: master_model_container: 7
[2022-08-30 22:43:12,043]: INFO: tabular: display_container: 2
[2022-08-30 22:43:12,043]: INFO: tabular: OrthogonalMatchingPursuit(fit_intercept=True, n_nonzero_coefs=None,
                          normalize=True, precompute='auto', tol=None)
[2022-08-30 22:43:12,043]: INFO: tabular: create_model() succesfully completed......................................
[2022-08-30 22:43:12,107]: INFO: tabular: SubProcess create_model() end ==================================
[2022-08-30 22:43:12,107]: INFO: tabular: Creating metrics dataframe
[2022-08-30 22:43:12,116]: INFO: tabular: Initializing Bayesian Ridge
[2022-08-30 22:43:12,116]: INFO: tabular: Total runtime is 0.11740527947743734 minutes
[2022-08-30 22:43:12,123]: INFO: tabular: SubProcess create_model() called ==================================
[2022-08-30 22:43:12,123]: INFO: tabular: Initializing create_model()
[2022-08-30 22:43:12,123]: INFO: tabular: create_model(estimator=br, fold=KFold(n_splits=10, random_state=7791, shuffle=True), round=4, cross_validation=True, predict=True, fit_kwargs={}, groups=None, refit=False, verbose=False, system=False, metrics=None, experiment_custom_tags=None, add_to_model_list=True, probability_threshold=None, display=<pycaret.internal.Display.Display object at 0x000001448DA33FC8>, return_train_score=False, kwargs={})
[2022-08-30 22:43:12,123]: INFO: tabular: Checking exceptions
[2022-08-30 22:43:12,123]: INFO: tabular: Importing libraries
[2022-08-30 22:43:12,124]: INFO: tabular: Copying training dataset
[2022-08-30 22:43:12,124]: INFO: tabular: Defining folds
[2022-08-30 22:43:12,124]: INFO: tabular: Declaring metric variables
[2022-08-30 22:43:12,131]: INFO: tabular: Importing untrained model
[2022-08-30 22:43:12,137]: INFO: tabular: Bayesian Ridge Imported succesfully
[2022-08-30 22:43:12,147]: INFO: tabular: Starting cross validation
[2022-08-30 22:43:12,148]: INFO: tabular: Cross validating with KFold(n_splits=10, random_state=7791, shuffle=True), n_jobs=-1
[2022-08-30 22:43:12,212]: INFO: tabular: Calculating mean and std
[2022-08-30 22:43:12,213]: INFO: tabular: Creating metrics dataframe
[2022-08-30 22:43:12,217]: INFO: tabular: Uploading results into container
[2022-08-30 22:43:12,217]: INFO: tabular: Uploading model into container now
[2022-08-30 22:43:12,217]: INFO: tabular: create_model_container: 8
[2022-08-30 22:43:12,217]: INFO: tabular: master_model_container: 8
[2022-08-30 22:43:12,217]: INFO: tabular: display_container: 2
[2022-08-30 22:43:12,218]: INFO: tabular: BayesianRidge(alpha_1=1e-06, alpha_2=1e-06, alpha_init=None,
              compute_score=False, copy_X=True, fit_intercept=True,
              lambda_1=1e-06, lambda_2=1e-06, lambda_init=None, n_iter=300,
              normalize=False, tol=0.001, verbose=False)
[2022-08-30 22:43:12,218]: INFO: tabular: create_model() succesfully completed......................................
[2022-08-30 22:43:12,278]: INFO: tabular: SubProcess create_model() end ==================================
[2022-08-30 22:43:12,278]: INFO: tabular: Creating metrics dataframe
[2022-08-30 22:43:12,289]: INFO: tabular: Initializing Passive Aggressive Regressor
[2022-08-30 22:43:12,289]: INFO: tabular: Total runtime is 0.12027719020843507 minutes
[2022-08-30 22:43:12,296]: INFO: tabular: SubProcess create_model() called ==================================
[2022-08-30 22:43:12,296]: INFO: tabular: Initializing create_model()
[2022-08-30 22:43:12,296]: INFO: tabular: create_model(estimator=par, fold=KFold(n_splits=10, random_state=7791, shuffle=True), round=4, cross_validation=True, predict=True, fit_kwargs={}, groups=None, refit=False, verbose=False, system=False, metrics=None, experiment_custom_tags=None, add_to_model_list=True, probability_threshold=None, display=<pycaret.internal.Display.Display object at 0x000001448DA33FC8>, return_train_score=False, kwargs={})
[2022-08-30 22:43:12,296]: INFO: tabular: Checking exceptions
[2022-08-30 22:43:12,297]: INFO: tabular: Importing libraries
[2022-08-30 22:43:12,297]: INFO: tabular: Copying training dataset
[2022-08-30 22:43:12,297]: INFO: tabular: Defining folds
[2022-08-30 22:43:12,297]: INFO: tabular: Declaring metric variables
[2022-08-30 22:43:12,303]: INFO: tabular: Importing untrained model
[2022-08-30 22:43:12,310]: INFO: tabular: Passive Aggressive Regressor Imported succesfully
[2022-08-30 22:43:12,320]: INFO: tabular: Starting cross validation
[2022-08-30 22:43:12,321]: INFO: tabular: Cross validating with KFold(n_splits=10, random_state=7791, shuffle=True), n_jobs=-1
[2022-08-30 22:43:12,402]: INFO: tabular: Calculating mean and std
[2022-08-30 22:43:12,403]: INFO: tabular: Creating metrics dataframe
[2022-08-30 22:43:12,407]: INFO: tabular: Uploading results into container
[2022-08-30 22:43:12,407]: INFO: tabular: Uploading model into container now
[2022-08-30 22:43:12,407]: INFO: tabular: create_model_container: 9
[2022-08-30 22:43:12,407]: INFO: tabular: master_model_container: 9
[2022-08-30 22:43:12,407]: INFO: tabular: display_container: 2
[2022-08-30 22:43:12,408]: INFO: tabular: PassiveAggressiveRegressor(C=1.0, average=False, early_stopping=False,
                           epsilon=0.1, fit_intercept=True,
                           loss='epsilon_insensitive', max_iter=1000,
                           n_iter_no_change=5, random_state=7791, shuffle=True,
                           tol=0.001, validation_fraction=0.1, verbose=0,
                           warm_start=False)
[2022-08-30 22:43:12,408]: INFO: tabular: create_model() succesfully completed......................................
[2022-08-30 22:43:12,473]: INFO: tabular: SubProcess create_model() end ==================================
[2022-08-30 22:43:12,474]: INFO: tabular: Creating metrics dataframe
[2022-08-30 22:43:12,483]: INFO: tabular: Initializing Huber Regressor
[2022-08-30 22:43:12,484]: INFO: tabular: Total runtime is 0.12352772553761801 minutes
[2022-08-30 22:43:12,490]: INFO: tabular: SubProcess create_model() called ==================================
[2022-08-30 22:43:12,490]: INFO: tabular: Initializing create_model()
[2022-08-30 22:43:12,491]: INFO: tabular: create_model(estimator=huber, fold=KFold(n_splits=10, random_state=7791, shuffle=True), round=4, cross_validation=True, predict=True, fit_kwargs={}, groups=None, refit=False, verbose=False, system=False, metrics=None, experiment_custom_tags=None, add_to_model_list=True, probability_threshold=None, display=<pycaret.internal.Display.Display object at 0x000001448DA33FC8>, return_train_score=False, kwargs={})
[2022-08-30 22:43:12,491]: INFO: tabular: Checking exceptions
[2022-08-30 22:43:12,491]: INFO: tabular: Importing libraries
[2022-08-30 22:43:12,491]: INFO: tabular: Copying training dataset
[2022-08-30 22:43:12,491]: INFO: tabular: Defining folds
[2022-08-30 22:43:12,492]: INFO: tabular: Declaring metric variables
[2022-08-30 22:43:12,498]: INFO: tabular: Importing untrained model
[2022-08-30 22:43:12,504]: INFO: tabular: Huber Regressor Imported succesfully
[2022-08-30 22:43:12,514]: INFO: tabular: Starting cross validation
[2022-08-30 22:43:12,514]: INFO: tabular: Cross validating with KFold(n_splits=10, random_state=7791, shuffle=True), n_jobs=-1
[2022-08-30 22:43:12,588]: INFO: tabular: Calculating mean and std
[2022-08-30 22:43:12,589]: INFO: tabular: Creating metrics dataframe
[2022-08-30 22:43:12,593]: INFO: tabular: Uploading results into container
[2022-08-30 22:43:12,593]: INFO: tabular: Uploading model into container now
[2022-08-30 22:43:12,593]: INFO: tabular: create_model_container: 10
[2022-08-30 22:43:12,593]: INFO: tabular: master_model_container: 10
[2022-08-30 22:43:12,593]: INFO: tabular: display_container: 2
[2022-08-30 22:43:12,593]: INFO: tabular: HuberRegressor(alpha=0.0001, epsilon=1.35, fit_intercept=True, max_iter=100,
               tol=1e-05, warm_start=False)
[2022-08-30 22:43:12,593]: INFO: tabular: create_model() succesfully completed......................................
[2022-08-30 22:43:12,653]: INFO: tabular: SubProcess create_model() end ==================================
[2022-08-30 22:43:12,653]: INFO: tabular: Creating metrics dataframe
[2022-08-30 22:43:12,660]: INFO: tabular: Initializing K Neighbors Regressor
[2022-08-30 22:43:12,660]: INFO: tabular: Total runtime is 0.1264610449473063 minutes
[2022-08-30 22:43:12,664]: INFO: tabular: SubProcess create_model() called ==================================
[2022-08-30 22:43:12,665]: INFO: tabular: Initializing create_model()
[2022-08-30 22:43:12,665]: INFO: tabular: create_model(estimator=knn, fold=KFold(n_splits=10, random_state=7791, shuffle=True), round=4, cross_validation=True, predict=True, fit_kwargs={}, groups=None, refit=False, verbose=False, system=False, metrics=None, experiment_custom_tags=None, add_to_model_list=True, probability_threshold=None, display=<pycaret.internal.Display.Display object at 0x000001448DA33FC8>, return_train_score=False, kwargs={})
[2022-08-30 22:43:12,665]: INFO: tabular: Checking exceptions
[2022-08-30 22:43:12,665]: INFO: tabular: Importing libraries
[2022-08-30 22:43:12,665]: INFO: tabular: Copying training dataset
[2022-08-30 22:43:12,665]: INFO: tabular: Defining folds
[2022-08-30 22:43:12,665]: INFO: tabular: Declaring metric variables
[2022-08-30 22:43:12,670]: INFO: tabular: Importing untrained model
[2022-08-30 22:43:12,676]: INFO: tabular: K Neighbors Regressor Imported succesfully
[2022-08-30 22:43:12,685]: INFO: tabular: Starting cross validation
[2022-08-30 22:43:12,685]: INFO: tabular: Cross validating with KFold(n_splits=10, random_state=7791, shuffle=True), n_jobs=-1
[2022-08-30 22:43:12,969]: INFO: tabular: Calculating mean and std
[2022-08-30 22:43:12,969]: INFO: tabular: Creating metrics dataframe
[2022-08-30 22:43:12,985]: INFO: tabular: Uploading results into container
[2022-08-30 22:43:12,985]: INFO: tabular: Uploading model into container now
[2022-08-30 22:43:12,985]: INFO: tabular: create_model_container: 11
[2022-08-30 22:43:12,985]: INFO: tabular: master_model_container: 11
[2022-08-30 22:43:12,985]: INFO: tabular: display_container: 2
[2022-08-30 22:43:12,986]: INFO: tabular: KNeighborsRegressor(algorithm='auto', leaf_size=30, metric='minkowski',
                    metric_params=None, n_jobs=-1, n_neighbors=5, p=2,
                    weights='uniform')
[2022-08-30 22:43:12,986]: INFO: tabular: create_model() succesfully completed......................................
[2022-08-30 22:43:13,052]: INFO: tabular: SubProcess create_model() end ==================================
[2022-08-30 22:43:13,052]: INFO: tabular: Creating metrics dataframe
[2022-08-30 22:43:13,066]: INFO: tabular: Initializing Decision Tree Regressor
[2022-08-30 22:43:13,066]: INFO: tabular: Total runtime is 0.1332326372464498 minutes
[2022-08-30 22:43:13,072]: INFO: tabular: SubProcess create_model() called ==================================
[2022-08-30 22:43:13,073]: INFO: tabular: Initializing create_model()
[2022-08-30 22:43:13,073]: INFO: tabular: create_model(estimator=dt, fold=KFold(n_splits=10, random_state=7791, shuffle=True), round=4, cross_validation=True, predict=True, fit_kwargs={}, groups=None, refit=False, verbose=False, system=False, metrics=None, experiment_custom_tags=None, add_to_model_list=True, probability_threshold=None, display=<pycaret.internal.Display.Display object at 0x000001448DA33FC8>, return_train_score=False, kwargs={})
[2022-08-30 22:43:13,074]: INFO: tabular: Checking exceptions
[2022-08-30 22:43:13,074]: INFO: tabular: Importing libraries
[2022-08-30 22:43:13,074]: INFO: tabular: Copying training dataset
[2022-08-30 22:43:13,075]: INFO: tabular: Defining folds
[2022-08-30 22:43:13,075]: INFO: tabular: Declaring metric variables
[2022-08-30 22:43:13,083]: INFO: tabular: Importing untrained model
[2022-08-30 22:43:13,089]: INFO: tabular: Decision Tree Regressor Imported succesfully
[2022-08-30 22:43:13,100]: INFO: tabular: Starting cross validation
[2022-08-30 22:43:13,101]: INFO: tabular: Cross validating with KFold(n_splits=10, random_state=7791, shuffle=True), n_jobs=-1
[2022-08-30 22:43:13,183]: INFO: tabular: Calculating mean and std
[2022-08-30 22:43:13,183]: INFO: tabular: Creating metrics dataframe
[2022-08-30 22:43:13,187]: INFO: tabular: Uploading results into container
[2022-08-30 22:43:13,188]: INFO: tabular: Uploading model into container now
[2022-08-30 22:43:13,188]: INFO: tabular: create_model_container: 12
[2022-08-30 22:43:13,188]: INFO: tabular: master_model_container: 12
[2022-08-30 22:43:13,188]: INFO: tabular: display_container: 2
[2022-08-30 22:43:13,188]: INFO: tabular: DecisionTreeRegressor(ccp_alpha=0.0, criterion='mse', max_depth=None,
                      max_features=None, max_leaf_nodes=None,
                      min_impurity_decrease=0.0, min_impurity_split=None,
                      min_samples_leaf=1, min_samples_split=2,
                      min_weight_fraction_leaf=0.0, presort='deprecated',
                      random_state=7791, splitter='best')
[2022-08-30 22:43:13,188]: INFO: tabular: create_model() succesfully completed......................................
[2022-08-30 22:43:13,251]: INFO: tabular: SubProcess create_model() end ==================================
[2022-08-30 22:43:13,251]: INFO: tabular: Creating metrics dataframe
[2022-08-30 22:43:13,261]: INFO: tabular: Initializing Random Forest Regressor
[2022-08-30 22:43:13,261]: INFO: tabular: Total runtime is 0.13648259242375693 minutes
[2022-08-30 22:43:13,267]: INFO: tabular: SubProcess create_model() called ==================================
[2022-08-30 22:43:13,267]: INFO: tabular: Initializing create_model()
[2022-08-30 22:43:13,267]: INFO: tabular: create_model(estimator=rf, fold=KFold(n_splits=10, random_state=7791, shuffle=True), round=4, cross_validation=True, predict=True, fit_kwargs={}, groups=None, refit=False, verbose=False, system=False, metrics=None, experiment_custom_tags=None, add_to_model_list=True, probability_threshold=None, display=<pycaret.internal.Display.Display object at 0x000001448DA33FC8>, return_train_score=False, kwargs={})
[2022-08-30 22:43:13,268]: INFO: tabular: Checking exceptions
[2022-08-30 22:43:13,268]: INFO: tabular: Importing libraries
[2022-08-30 22:43:13,268]: INFO: tabular: Copying training dataset
[2022-08-30 22:43:13,268]: INFO: tabular: Defining folds
[2022-08-30 22:43:13,268]: INFO: tabular: Declaring metric variables
[2022-08-30 22:43:13,274]: INFO: tabular: Importing untrained model
[2022-08-30 22:43:13,279]: INFO: tabular: Random Forest Regressor Imported succesfully
[2022-08-30 22:43:13,289]: INFO: tabular: Starting cross validation
[2022-08-30 22:43:13,290]: INFO: tabular: Cross validating with KFold(n_splits=10, random_state=7791, shuffle=True), n_jobs=-1
[2022-08-30 22:43:15,107]: INFO: tabular: Calculating mean and std
[2022-08-30 22:43:15,108]: INFO: tabular: Creating metrics dataframe
[2022-08-30 22:43:15,109]: INFO: tabular: Uploading results into container
[2022-08-30 22:43:15,109]: INFO: tabular: Uploading model into container now
[2022-08-30 22:43:15,109]: INFO: tabular: create_model_container: 13
[2022-08-30 22:43:15,109]: INFO: tabular: master_model_container: 13
[2022-08-30 22:43:15,109]: INFO: tabular: display_container: 2
[2022-08-30 22:43:15,109]: INFO: tabular: RandomForestRegressor(bootstrap=True, ccp_alpha=0.0, criterion='mse',
                      max_depth=None, max_features='auto', max_leaf_nodes=None,
                      max_samples=None, min_impurity_decrease=0.0,
                      min_impurity_split=None, min_samples_leaf=1,
                      min_samples_split=2, min_weight_fraction_leaf=0.0,
                      n_estimators=100, n_jobs=-1, oob_score=False,
                      random_state=7791, verbose=0, warm_start=False)
[2022-08-30 22:43:15,109]: INFO: tabular: create_model() succesfully completed......................................
[2022-08-30 22:43:15,168]: INFO: tabular: SubProcess create_model() end ==================================
[2022-08-30 22:43:15,168]: INFO: tabular: Creating metrics dataframe
[2022-08-30 22:43:15,174]: INFO: tabular: Initializing Extra Trees Regressor
[2022-08-30 22:43:15,174]: INFO: tabular: Total runtime is 0.16836764812469485 minutes
[2022-08-30 22:43:15,178]: INFO: tabular: SubProcess create_model() called ==================================
[2022-08-30 22:43:15,179]: INFO: tabular: Initializing create_model()
[2022-08-30 22:43:15,179]: INFO: tabular: create_model(estimator=et, fold=KFold(n_splits=10, random_state=7791, shuffle=True), round=4, cross_validation=True, predict=True, fit_kwargs={}, groups=None, refit=False, verbose=False, system=False, metrics=None, experiment_custom_tags=None, add_to_model_list=True, probability_threshold=None, display=<pycaret.internal.Display.Display object at 0x000001448DA33FC8>, return_train_score=False, kwargs={})
[2022-08-30 22:43:15,179]: INFO: tabular: Checking exceptions
[2022-08-30 22:43:15,179]: INFO: tabular: Importing libraries
[2022-08-30 22:43:15,179]: INFO: tabular: Copying training dataset
[2022-08-30 22:43:15,179]: INFO: tabular: Defining folds
[2022-08-30 22:43:15,180]: INFO: tabular: Declaring metric variables
[2022-08-30 22:43:15,185]: INFO: tabular: Importing untrained model
[2022-08-30 22:43:15,190]: INFO: tabular: Extra Trees Regressor Imported succesfully
[2022-08-30 22:43:15,200]: INFO: tabular: Starting cross validation
[2022-08-30 22:43:15,200]: INFO: tabular: Cross validating with KFold(n_splits=10, random_state=7791, shuffle=True), n_jobs=-1
[2022-08-30 22:43:16,873]: INFO: tabular: Calculating mean and std
[2022-08-30 22:43:16,874]: INFO: tabular: Creating metrics dataframe
[2022-08-30 22:43:16,881]: INFO: tabular: Uploading results into container
[2022-08-30 22:43:16,881]: INFO: tabular: Uploading model into container now
[2022-08-30 22:43:16,881]: INFO: tabular: create_model_container: 14
[2022-08-30 22:43:16,881]: INFO: tabular: master_model_container: 14
[2022-08-30 22:43:16,881]: INFO: tabular: display_container: 2
[2022-08-30 22:43:16,881]: INFO: tabular: ExtraTreesRegressor(bootstrap=False, ccp_alpha=0.0, criterion='mse',
                    max_depth=None, max_features='auto', max_leaf_nodes=None,
                    max_samples=None, min_impurity_decrease=0.0,
                    min_impurity_split=None, min_samples_leaf=1,
                    min_samples_split=2, min_weight_fraction_leaf=0.0,
                    n_estimators=100, n_jobs=-1, oob_score=False,
                    random_state=7791, verbose=0, warm_start=False)
[2022-08-30 22:43:16,881]: INFO: tabular: create_model() succesfully completed......................................
[2022-08-30 22:43:16,941]: INFO: tabular: SubProcess create_model() end ==================================
[2022-08-30 22:43:16,941]: INFO: tabular: Creating metrics dataframe
[2022-08-30 22:43:16,963]: INFO: tabular: Initializing AdaBoost Regressor
[2022-08-30 22:43:16,963]: INFO: tabular: Total runtime is 0.19818300803502403 minutes
[2022-08-30 22:43:16,969]: INFO: tabular: SubProcess create_model() called ==================================
[2022-08-30 22:43:16,970]: INFO: tabular: Initializing create_model()
[2022-08-30 22:43:16,970]: INFO: tabular: create_model(estimator=ada, fold=KFold(n_splits=10, random_state=7791, shuffle=True), round=4, cross_validation=True, predict=True, fit_kwargs={}, groups=None, refit=False, verbose=False, system=False, metrics=None, experiment_custom_tags=None, add_to_model_list=True, probability_threshold=None, display=<pycaret.internal.Display.Display object at 0x000001448DA33FC8>, return_train_score=False, kwargs={})
[2022-08-30 22:43:16,970]: INFO: tabular: Checking exceptions
[2022-08-30 22:43:16,970]: INFO: tabular: Importing libraries
[2022-08-30 22:43:16,970]: INFO: tabular: Copying training dataset
[2022-08-30 22:43:16,971]: INFO: tabular: Defining folds
[2022-08-30 22:43:16,971]: INFO: tabular: Declaring metric variables
[2022-08-30 22:43:16,977]: INFO: tabular: Importing untrained model
[2022-08-30 22:43:16,983]: INFO: tabular: AdaBoost Regressor Imported succesfully
[2022-08-30 22:43:16,992]: INFO: tabular: Starting cross validation
[2022-08-30 22:43:16,993]: INFO: tabular: Cross validating with KFold(n_splits=10, random_state=7791, shuffle=True), n_jobs=-1
[2022-08-30 22:43:17,265]: INFO: tabular: Calculating mean and std
[2022-08-30 22:43:17,265]: INFO: tabular: Creating metrics dataframe
[2022-08-30 22:43:17,266]: INFO: tabular: Uploading results into container
[2022-08-30 22:43:17,266]: INFO: tabular: Uploading model into container now
[2022-08-30 22:43:17,266]: INFO: tabular: create_model_container: 15
[2022-08-30 22:43:17,266]: INFO: tabular: master_model_container: 15
[2022-08-30 22:43:17,266]: INFO: tabular: display_container: 2
[2022-08-30 22:43:17,266]: INFO: tabular: AdaBoostRegressor(base_estimator=None, learning_rate=1.0, loss='linear',
                  n_estimators=50, random_state=7791)
[2022-08-30 22:43:17,266]: INFO: tabular: create_model() succesfully completed......................................
[2022-08-30 22:43:17,321]: INFO: tabular: SubProcess create_model() end ==================================
[2022-08-30 22:43:17,321]: INFO: tabular: Creating metrics dataframe
[2022-08-30 22:43:17,335]: INFO: tabular: Initializing Gradient Boosting Regressor
[2022-08-30 22:43:17,335]: INFO: tabular: Total runtime is 0.20438572565714522 minutes
[2022-08-30 22:43:17,341]: INFO: tabular: SubProcess create_model() called ==================================
[2022-08-30 22:43:17,341]: INFO: tabular: Initializing create_model()
[2022-08-30 22:43:17,341]: INFO: tabular: create_model(estimator=gbr, fold=KFold(n_splits=10, random_state=7791, shuffle=True), round=4, cross_validation=True, predict=True, fit_kwargs={}, groups=None, refit=False, verbose=False, system=False, metrics=None, experiment_custom_tags=None, add_to_model_list=True, probability_threshold=None, display=<pycaret.internal.Display.Display object at 0x000001448DA33FC8>, return_train_score=False, kwargs={})
[2022-08-30 22:43:17,341]: INFO: tabular: Checking exceptions
[2022-08-30 22:43:17,342]: INFO: tabular: Importing libraries
[2022-08-30 22:43:17,342]: INFO: tabular: Copying training dataset
[2022-08-30 22:43:17,342]: INFO: tabular: Defining folds
[2022-08-30 22:43:17,342]: INFO: tabular: Declaring metric variables
[2022-08-30 22:43:17,348]: INFO: tabular: Importing untrained model
[2022-08-30 22:43:17,353]: INFO: tabular: Gradient Boosting Regressor Imported succesfully
[2022-08-30 22:43:17,363]: INFO: tabular: Starting cross validation
[2022-08-30 22:43:17,363]: INFO: tabular: Cross validating with KFold(n_splits=10, random_state=7791, shuffle=True), n_jobs=-1
[2022-08-30 22:43:17,610]: INFO: tabular: Calculating mean and std
[2022-08-30 22:43:17,610]: INFO: tabular: Creating metrics dataframe
[2022-08-30 22:43:17,610]: INFO: tabular: Uploading results into container
[2022-08-30 22:43:17,610]: INFO: tabular: Uploading model into container now
[2022-08-30 22:43:17,610]: INFO: tabular: create_model_container: 16
[2022-08-30 22:43:17,610]: INFO: tabular: master_model_container: 16
[2022-08-30 22:43:17,610]: INFO: tabular: display_container: 2
[2022-08-30 22:43:17,610]: INFO: tabular: GradientBoostingRegressor(alpha=0.9, ccp_alpha=0.0, criterion='friedman_mse',
                          init=None, learning_rate=0.1, loss='ls', max_depth=3,
                          max_features=None, max_leaf_nodes=None,
                          min_impurity_decrease=0.0, min_impurity_split=None,
                          min_samples_leaf=1, min_samples_split=2,
                          min_weight_fraction_leaf=0.0, n_estimators=100,
                          n_iter_no_change=None, presort='deprecated',
                          random_state=7791, subsample=1.0, tol=0.0001,
                          validation_fraction=0.1, verbose=0, warm_start=False)
[2022-08-30 22:43:17,610]: INFO: tabular: create_model() succesfully completed......................................
[2022-08-30 22:43:17,680]: INFO: tabular: SubProcess create_model() end ==================================
[2022-08-30 22:43:17,680]: INFO: tabular: Creating metrics dataframe
[2022-08-30 22:43:17,690]: INFO: tabular: Initializing Light Gradient Boosting Machine
[2022-08-30 22:43:17,690]: INFO: tabular: Total runtime is 0.21029211680094403 minutes
[2022-08-30 22:43:17,697]: INFO: tabular: SubProcess create_model() called ==================================
[2022-08-30 22:43:17,698]: INFO: tabular: Initializing create_model()
[2022-08-30 22:43:17,698]: INFO: tabular: create_model(estimator=lightgbm, fold=KFold(n_splits=10, random_state=7791, shuffle=True), round=4, cross_validation=True, predict=True, fit_kwargs={}, groups=None, refit=False, verbose=False, system=False, metrics=None, experiment_custom_tags=None, add_to_model_list=True, probability_threshold=None, display=<pycaret.internal.Display.Display object at 0x000001448DA33FC8>, return_train_score=False, kwargs={})
[2022-08-30 22:43:17,699]: INFO: tabular: Checking exceptions
[2022-08-30 22:43:17,699]: INFO: tabular: Importing libraries
[2022-08-30 22:43:17,699]: INFO: tabular: Copying training dataset
[2022-08-30 22:43:17,700]: INFO: tabular: Defining folds
[2022-08-30 22:43:17,700]: INFO: tabular: Declaring metric variables
[2022-08-30 22:43:17,707]: INFO: tabular: Importing untrained model
[2022-08-30 22:43:17,714]: INFO: tabular: Light Gradient Boosting Machine Imported succesfully
[2022-08-30 22:43:17,730]: INFO: tabular: Starting cross validation
[2022-08-30 22:43:17,731]: INFO: tabular: Cross validating with KFold(n_splits=10, random_state=7791, shuffle=True), n_jobs=-1
[2022-08-30 22:43:17,965]: INFO: tabular: Calculating mean and std
[2022-08-30 22:43:17,965]: INFO: tabular: Creating metrics dataframe
[2022-08-30 22:43:17,966]: INFO: tabular: Uploading results into container
[2022-08-30 22:43:17,966]: INFO: tabular: Uploading model into container now
[2022-08-30 22:43:17,966]: INFO: tabular: create_model_container: 17
[2022-08-30 22:43:17,966]: INFO: tabular: master_model_container: 17
[2022-08-30 22:43:17,966]: INFO: tabular: display_container: 2
[2022-08-30 22:43:17,966]: INFO: tabular: LGBMRegressor(boosting_type='gbdt', class_weight=None, colsample_bytree=1.0,
              importance_type='split', learning_rate=0.1, max_depth=-1,
              min_child_samples=20, min_child_weight=0.001, min_split_gain=0.0,
              n_estimators=100, n_jobs=-1, num_leaves=31, objective=None,
              random_state=7791, reg_alpha=0.0, reg_lambda=0.0, silent='warn',
              subsample=1.0, subsample_for_bin=200000, subsample_freq=0)
[2022-08-30 22:43:17,966]: INFO: tabular: create_model() succesfully completed......................................
[2022-08-30 22:43:18,029]: INFO: tabular: SubProcess create_model() end ==================================
[2022-08-30 22:43:18,029]: INFO: tabular: Creating metrics dataframe
[2022-08-30 22:43:18,043]: INFO: tabular: Initializing Dummy Regressor
[2022-08-30 22:43:18,043]: INFO: tabular: Total runtime is 0.2161764740943909 minutes
[2022-08-30 22:43:18,050]: INFO: tabular: SubProcess create_model() called ==================================
[2022-08-30 22:43:18,051]: INFO: tabular: Initializing create_model()
[2022-08-30 22:43:18,051]: INFO: tabular: create_model(estimator=dummy, fold=KFold(n_splits=10, random_state=7791, shuffle=True), round=4, cross_validation=True, predict=True, fit_kwargs={}, groups=None, refit=False, verbose=False, system=False, metrics=None, experiment_custom_tags=None, add_to_model_list=True, probability_threshold=None, display=<pycaret.internal.Display.Display object at 0x000001448DA33FC8>, return_train_score=False, kwargs={})
[2022-08-30 22:43:18,051]: INFO: tabular: Checking exceptions
[2022-08-30 22:43:18,052]: INFO: tabular: Importing libraries
[2022-08-30 22:43:18,052]: INFO: tabular: Copying training dataset
[2022-08-30 22:43:18,052]: INFO: tabular: Defining folds
[2022-08-30 22:43:18,052]: INFO: tabular: Declaring metric variables
[2022-08-30 22:43:18,061]: INFO: tabular: Importing untrained model
[2022-08-30 22:43:18,068]: INFO: tabular: Dummy Regressor Imported succesfully
[2022-08-30 22:43:18,080]: INFO: tabular: Starting cross validation
[2022-08-30 22:43:18,081]: INFO: tabular: Cross validating with KFold(n_splits=10, random_state=7791, shuffle=True), n_jobs=-1
[2022-08-30 22:43:18,146]: INFO: tabular: Calculating mean and std
[2022-08-30 22:43:18,146]: INFO: tabular: Creating metrics dataframe
[2022-08-30 22:43:18,151]: INFO: tabular: Uploading results into container
[2022-08-30 22:43:18,151]: INFO: tabular: Uploading model into container now
[2022-08-30 22:43:18,151]: INFO: tabular: create_model_container: 18
[2022-08-30 22:43:18,151]: INFO: tabular: master_model_container: 18
[2022-08-30 22:43:18,151]: INFO: tabular: display_container: 2
[2022-08-30 22:43:18,151]: INFO: tabular: DummyRegressor(constant=None, quantile=None, strategy='mean')
[2022-08-30 22:43:18,152]: INFO: tabular: create_model() succesfully completed......................................
[2022-08-30 22:43:18,211]: INFO: tabular: SubProcess create_model() end ==================================
[2022-08-30 22:43:18,212]: INFO: tabular: Creating metrics dataframe
[2022-08-30 22:43:18,237]: INFO: tabular: Initializing create_model()
[2022-08-30 22:43:18,237]: INFO: tabular: create_model(estimator=LGBMRegressor(boosting_type='gbdt', class_weight=None, colsample_bytree=1.0,
              importance_type='split', learning_rate=0.1, max_depth=-1,
              min_child_samples=20, min_child_weight=0.001, min_split_gain=0.0,
              n_estimators=100, n_jobs=-1, num_leaves=31, objective=None,
              random_state=7791, reg_alpha=0.0, reg_lambda=0.0, silent='warn',
              subsample=1.0, subsample_for_bin=200000, subsample_freq=0), fold=KFold(n_splits=10, random_state=7791, shuffle=True), round=4, cross_validation=False, predict=False, fit_kwargs={}, groups=None, refit=True, verbose=False, system=False, metrics=None, experiment_custom_tags=None, add_to_model_list=True, probability_threshold=None, display=None, return_train_score=False, kwargs={})
[2022-08-30 22:43:18,237]: INFO: tabular: Checking exceptions
[2022-08-30 22:43:18,238]: INFO: tabular: Importing libraries
[2022-08-30 22:43:18,238]: INFO: tabular: Copying training dataset
[2022-08-30 22:43:18,238]: INFO: tabular: Defining folds
[2022-08-30 22:43:18,238]: INFO: tabular: Declaring metric variables
[2022-08-30 22:43:18,238]: INFO: tabular: Importing untrained model
[2022-08-30 22:43:18,238]: INFO: tabular: Declaring custom model
[2022-08-30 22:43:18,239]: INFO: tabular: Light Gradient Boosting Machine Imported succesfully
[2022-08-30 22:43:18,239]: INFO: tabular: Cross validation set to False
[2022-08-30 22:43:18,239]: INFO: tabular: Fitting Model
[2022-08-30 22:43:18,297]: INFO: tabular: LGBMRegressor(boosting_type='gbdt', class_weight=None, colsample_bytree=1.0,
              importance_type='split', learning_rate=0.1, max_depth=-1,
              min_child_samples=20, min_child_weight=0.001, min_split_gain=0.0,
              n_estimators=100, n_jobs=-1, num_leaves=31, objective=None,
              random_state=7791, reg_alpha=0.0, reg_lambda=0.0, silent='warn',
              subsample=1.0, subsample_for_bin=200000, subsample_freq=0)
[2022-08-30 22:43:18,297]: INFO: tabular: create_models() succesfully completed......................................
[2022-08-30 22:43:18,373]: INFO: tabular: create_model_container: 18
[2022-08-30 22:43:18,373]: INFO: tabular: master_model_container: 18
[2022-08-30 22:43:18,373]: INFO: tabular: display_container: 2
[2022-08-30 22:43:18,382]: INFO: tabular: LGBMRegressor(boosting_type='gbdt', class_weight=None, colsample_bytree=1.0,
              importance_type='split', learning_rate=0.1, max_depth=-1,
              min_child_samples=20, min_child_weight=0.001, min_split_gain=0.0,
              n_estimators=100, n_jobs=-1, num_leaves=31, objective=None,
              random_state=7791, reg_alpha=0.0, reg_lambda=0.0, silent='warn',
              subsample=1.0, subsample_for_bin=200000, subsample_freq=0)
[2022-08-30 22:43:18,382]: INFO: tabular: compare_models() succesfully completed......................................
[2022-08-30 22:43:18,383]: INFO: tabular: Initializing tune_model()
[2022-08-30 22:43:18,383]: INFO: tabular: tune_model(estimator=LGBMRegressor(boosting_type='gbdt', class_weight=None, colsample_bytree=1.0,
              importance_type='split', learning_rate=0.1, max_depth=-1,
              min_child_samples=20, min_child_weight=0.001, min_split_gain=0.0,
              n_estimators=100, n_jobs=-1, num_leaves=31, objective=None,
              random_state=7791, reg_alpha=0.0, reg_lambda=0.0, silent='warn',
              subsample=1.0, subsample_for_bin=200000, subsample_freq=0), fold=None, round=4, n_iter=10, custom_grid=None, optimize=R2, custom_scorer=None, search_library=scikit-learn, search_algorithm=None, early_stopping=False, early_stopping_max_iters=10, choose_better=False, fit_kwargs=None, groups=None, return_tuner=False, verbose=True, tuner_verbose=True, display=None, return_train_score=False, kwargs={})
[2022-08-30 22:43:18,383]: INFO: tabular: Checking exceptions
[2022-08-30 22:43:18,383]: INFO: Display: Preparing display monitor
[2022-08-30 22:43:18,399]: INFO: tabular: Copying training dataset
[2022-08-30 22:43:18,400]: INFO: tabular: Checking base model
[2022-08-30 22:43:18,400]: INFO: tabular: Base model : Light Gradient Boosting Machine
[2022-08-30 22:43:18,409]: INFO: tabular: Declaring metric variables
[2022-08-30 22:43:18,418]: INFO: tabular: Defining Hyperparameters
[2022-08-30 22:43:18,478]: INFO: tabular: Tuning with n_jobs=-1
[2022-08-30 22:43:18,478]: INFO: tabular: Initializing RandomizedSearchCV
[2022-08-30 22:43:19,529]: INFO: tabular: best_params: {'actual_estimator__reg_lambda': 0.3, 'actual_estimator__reg_alpha': 5, 'actual_estimator__num_leaves': 20, 'actual_estimator__n_estimators': 90, 'actual_estimator__min_split_gain': 0.4, 'actual_estimator__min_child_samples': 21, 'actual_estimator__learning_rate': 0.2, 'actual_estimator__feature_fraction': 0.6, 'actual_estimator__bagging_freq': 1, 'actual_estimator__bagging_fraction': 0.6}
[2022-08-30 22:43:19,529]: INFO: tabular: Hyperparameter search completed
[2022-08-30 22:43:19,529]: INFO: tabular: SubProcess create_model() called ==================================
[2022-08-30 22:43:19,530]: INFO: tabular: Initializing create_model()
[2022-08-30 22:43:19,530]: INFO: tabular: create_model(estimator=LGBMRegressor(boosting_type='gbdt', class_weight=None, colsample_bytree=1.0,
              importance_type='split', learning_rate=0.1, max_depth=-1,
              min_child_samples=20, min_child_weight=0.001, min_split_gain=0.0,
              n_estimators=100, n_jobs=-1, num_leaves=31, objective=None,
              random_state=7791, reg_alpha=0.0, reg_lambda=0.0, silent='warn',
              subsample=1.0, subsample_for_bin=200000, subsample_freq=0), fold=KFold(n_splits=10, random_state=7791, shuffle=True), round=4, cross_validation=True, predict=True, fit_kwargs={}, groups=None, refit=True, verbose=True, system=False, metrics=None, experiment_custom_tags=None, add_to_model_list=True, probability_threshold=None, display=<pycaret.internal.Display.Display object at 0x000001448D8BF888>, return_train_score=False, kwargs={'reg_lambda': 0.3, 'reg_alpha': 5, 'num_leaves': 20, 'n_estimators': 90, 'min_split_gain': 0.4, 'min_child_samples': 21, 'learning_rate': 0.2, 'feature_fraction': 0.6, 'bagging_freq': 1, 'bagging_fraction': 0.6})
[2022-08-30 22:43:19,530]: INFO: tabular: Checking exceptions
[2022-08-30 22:43:19,530]: INFO: tabular: Importing libraries
[2022-08-30 22:43:19,530]: INFO: tabular: Copying training dataset
[2022-08-30 22:43:19,530]: INFO: tabular: Defining folds
[2022-08-30 22:43:19,531]: INFO: tabular: Declaring metric variables
[2022-08-30 22:43:19,539]: INFO: tabular: Importing untrained model
[2022-08-30 22:43:19,539]: INFO: tabular: Declaring custom model
[2022-08-30 22:43:19,549]: INFO: tabular: Light Gradient Boosting Machine Imported succesfully
[2022-08-30 22:43:19,568]: INFO: tabular: Starting cross validation
[2022-08-30 22:43:19,568]: INFO: tabular: Cross validating with KFold(n_splits=10, random_state=7791, shuffle=True), n_jobs=-1
[2022-08-30 22:43:19,691]: INFO: tabular: Calculating mean and std
[2022-08-30 22:43:19,691]: INFO: tabular: Creating metrics dataframe
[2022-08-30 22:43:19,703]: INFO: tabular: Finalizing model
[2022-08-30 22:43:19,734]: INFO: tabular: Uploading results into container
[2022-08-30 22:43:19,734]: INFO: tabular: Uploading model into container now
[2022-08-30 22:43:19,734]: INFO: tabular: create_model_container: 19
[2022-08-30 22:43:19,734]: INFO: tabular: master_model_container: 19
[2022-08-30 22:43:19,734]: INFO: tabular: display_container: 3
[2022-08-30 22:43:19,735]: INFO: tabular: LGBMRegressor(bagging_fraction=0.6, bagging_freq=1, boosting_type='gbdt',
              class_weight=None, colsample_bytree=1.0, feature_fraction=0.6,
              importance_type='split', learning_rate=0.2, max_depth=-1,
              min_child_samples=21, min_child_weight=0.001, min_split_gain=0.4,
              n_estimators=90, n_jobs=-1, num_leaves=20, objective=None,
              random_state=7791, reg_alpha=5, reg_lambda=0.3, silent='warn',
              subsample=1.0, subsample_for_bin=200000, subsample_freq=0)
[2022-08-30 22:43:19,735]: INFO: tabular: create_model() succesfully completed......................................
[2022-08-30 22:43:19,799]: INFO: tabular: SubProcess create_model() end ==================================
[2022-08-30 22:43:19,800]: INFO: tabular: create_model_container: 19
[2022-08-30 22:43:19,800]: INFO: tabular: master_model_container: 19
[2022-08-30 22:43:19,800]: INFO: tabular: display_container: 3
[2022-08-30 22:43:19,801]: INFO: tabular: LGBMRegressor(bagging_fraction=0.6, bagging_freq=1, boosting_type='gbdt',
              class_weight=None, colsample_bytree=1.0, feature_fraction=0.6,
              importance_type='split', learning_rate=0.2, max_depth=-1,
              min_child_samples=21, min_child_weight=0.001, min_split_gain=0.4,
              n_estimators=90, n_jobs=-1, num_leaves=20, objective=None,
              random_state=7791, reg_alpha=5, reg_lambda=0.3, silent='warn',
              subsample=1.0, subsample_for_bin=200000, subsample_freq=0)
[2022-08-30 22:43:19,801]: INFO: tabular: tune_model() succesfully completed......................................
[2022-08-30 22:43:19,863]: INFO: tabular: Initializing finalize_model()
[2022-08-30 22:43:19,864]: INFO: tabular: finalize_model(estimator=LGBMRegressor(bagging_fraction=0.6, bagging_freq=1, boosting_type='gbdt',
              class_weight=None, colsample_bytree=1.0, feature_fraction=0.6,
              importance_type='split', learning_rate=0.2, max_depth=-1,
              min_child_samples=21, min_child_weight=0.001, min_split_gain=0.4,
              n_estimators=90, n_jobs=-1, num_leaves=20, objective=None,
              random_state=7791, reg_alpha=5, reg_lambda=0.3, silent='warn',
              subsample=1.0, subsample_for_bin=200000, subsample_freq=0), fit_kwargs=None, groups=None, model_only=True, display=None, experiment_custom_tags=None, return_train_score=False)
[2022-08-30 22:43:19,864]: INFO: tabular: Finalizing LGBMRegressor(bagging_fraction=0.6, bagging_freq=1, boosting_type='gbdt',
              class_weight=None, colsample_bytree=1.0, feature_fraction=0.6,
              importance_type='split', learning_rate=0.2, max_depth=-1,
              min_child_samples=21, min_child_weight=0.001, min_split_gain=0.4,
              n_estimators=90, n_jobs=-1, num_leaves=20, objective=None,
              random_state=7791, reg_alpha=5, reg_lambda=0.3, silent='warn',
              subsample=1.0, subsample_for_bin=200000, subsample_freq=0)
[2022-08-30 22:43:19,865]: INFO: tabular: Initializing create_model()
[2022-08-30 22:43:19,865]: INFO: tabular: create_model(estimator=LGBMRegressor(bagging_fraction=0.6, bagging_freq=1, boosting_type='gbdt',
              class_weight=None, colsample_bytree=1.0, feature_fraction=0.6,
              importance_type='split', learning_rate=0.2, max_depth=-1,
              min_child_samples=21, min_child_weight=0.001, min_split_gain=0.4,
              n_estimators=90, n_jobs=-1, num_leaves=20, objective=None,
              random_state=7791, reg_alpha=5, reg_lambda=0.3, silent='warn',
              subsample=1.0, subsample_for_bin=200000, subsample_freq=0), fold=None, round=4, cross_validation=True, predict=True, fit_kwargs={}, groups=None, refit=True, verbose=False, system=False, metrics=None, experiment_custom_tags=None, add_to_model_list=False, probability_threshold=None, display=None, return_train_score=False, kwargs={})
[2022-08-30 22:43:19,865]: INFO: tabular: Checking exceptions
[2022-08-30 22:43:19,865]: INFO: tabular: Importing libraries
[2022-08-30 22:43:19,865]: INFO: tabular: Copying training dataset
[2022-08-30 22:43:19,866]: INFO: tabular: Defining folds
[2022-08-30 22:43:19,866]: INFO: tabular: Declaring metric variables
[2022-08-30 22:43:19,866]: INFO: tabular: Importing untrained model
[2022-08-30 22:43:19,866]: INFO: tabular: Declaring custom model
[2022-08-30 22:43:19,867]: INFO: tabular: Light Gradient Boosting Machine Imported succesfully
[2022-08-30 22:43:19,867]: INFO: tabular: Starting cross validation
[2022-08-30 22:43:19,867]: INFO: tabular: Cross validating with KFold(n_splits=10, random_state=7791, shuffle=True), n_jobs=-1
[2022-08-30 22:43:20,012]: INFO: tabular: Calculating mean and std
[2022-08-30 22:43:20,012]: INFO: tabular: Creating metrics dataframe
[2022-08-30 22:43:20,014]: INFO: tabular: Finalizing model
[2022-08-30 22:43:20,075]: INFO: tabular: create_model_container: 19
[2022-08-30 22:43:20,075]: INFO: tabular: master_model_container: 19
[2022-08-30 22:43:20,075]: INFO: tabular: display_container: 4
[2022-08-30 22:43:20,075]: INFO: tabular: LGBMRegressor(bagging_fraction=0.6, bagging_freq=1, boosting_type='gbdt',
              class_weight=None, colsample_bytree=1.0, feature_fraction=0.6,
              importance_type='split', learning_rate=0.2, max_depth=-1,
              min_child_samples=21, min_child_weight=0.001, min_split_gain=0.4,
              n_estimators=90, n_jobs=-1, num_leaves=20, objective=None,
              random_state=7791, reg_alpha=5, reg_lambda=0.3, silent='warn',
              subsample=1.0, subsample_for_bin=200000, subsample_freq=0)
[2022-08-30 22:43:20,076]: INFO: tabular: create_model() succesfully completed......................................
[2022-08-30 22:43:20,146]: INFO: tabular: create_model_container: 19
[2022-08-30 22:43:20,147]: INFO: tabular: master_model_container: 19
[2022-08-30 22:43:20,147]: INFO: tabular: display_container: 3
[2022-08-30 22:43:20,147]: INFO: tabular: LGBMRegressor(bagging_fraction=0.6, bagging_freq=1, boosting_type='gbdt',
              class_weight=None, colsample_bytree=1.0, feature_fraction=0.6,
              importance_type='split', learning_rate=0.2, max_depth=-1,
              min_child_samples=21, min_child_weight=0.001, min_split_gain=0.4,
              n_estimators=90, n_jobs=-1, num_leaves=20, objective=None,
              random_state=7791, reg_alpha=5, reg_lambda=0.3, silent='warn',
              subsample=1.0, subsample_for_bin=200000, subsample_freq=0)
[2022-08-30 22:43:20,147]: INFO: tabular: finalize_model() succesfully completed......................................
[2022-08-30 22:43:20,207]: INFO: model_training: Best model found sucessfully
[2022-08-30 22:43:20,210]: INFO: model_training: Experiment results saved successfully at artifacts\MODEL_TRAINER\experiment_results.csv
[2022-08-30 22:43:20,216]: INFO: model_training: Best Model saved successfully at prediction_service/models\model.pkl
[2022-08-30 22:43:20,217]: INFO: stage_03_model_training: >>>>>>>>> Model Training Stage 03 Completed <<<<<<<<<
