[2022-08-29 17:47:06,883: INFO: stage_03_model_training]: >>>>>>>>> Model Training Stage 03 Started <<<<<<<<<
[2022-08-29 17:47:06,890: INFO: model_training]: Training Data Loaded successfully
[2022-08-29 17:47:06,892: INFO: tabular]: PyCaret Supervised Module
[2022-08-29 17:47:06,894: INFO: tabular]: ML Usecase: regression
[2022-08-29 17:47:06,894: INFO: tabular]: version 2.3.10
[2022-08-29 17:47:06,894: INFO: tabular]: Initializing setup()
[2022-08-29 17:47:06,894: INFO: tabular]: setup(target=concrete_compressive_strength, ml_usecase=regression, available_plots={'parameter': 'Hyperparameters', 'residuals': 'Residuals', 'error': 'Prediction Error', 'cooks': 'Cooks Distance', 'rfe': 'Feature Selection', 'learning': 'Learning Curve', 'manifold': 'Manifold Learning', 'vc': 'Validation Curve', 'feature': 'Feature Importance', 'feature_all': 'Feature Importance (All)', 'tree': 'Decision Tree', 'residuals_interactive': 'Interactive Residuals'}, train_size=0.8, test_data=None, preprocess=False, imputation_type=simple, iterative_imputation_iters=5, categorical_features=None, categorical_imputation=constant, categorical_iterative_imputer=lightgbm, ordinal_features=None, high_cardinality_features=None, high_cardinality_method=frequency, numeric_features=None, numeric_imputation=mean, numeric_iterative_imputer=lightgbm, date_features=None, ignore_features=None, normalize=False, normalize_method=zscore, transformation=False, transformation_method=yeo-johnson, handle_unknown_categorical=True, unknown_categorical_method=least_frequent, pca=False, pca_method=linear, pca_components=None, ignore_low_variance=False, combine_rare_levels=False, rare_level_threshold=0.1, bin_numeric_features=None, remove_outliers=False, outliers_threshold=0.05, remove_multicollinearity=False, multicollinearity_threshold=0.9, remove_perfect_collinearity=True, create_clusters=False, cluster_iter=20, polynomial_features=False, polynomial_degree=2, trigonometry_features=False, polynomial_threshold=0.1, group_features=None, group_names=None, feature_selection=False, feature_selection_threshold=0.8, feature_selection_method=classic, feature_interaction=False, feature_ratio=False, interaction_threshold=0.01, fix_imbalance=False, fix_imbalance_method=None, transform_target=False, transform_target_method=box-cox, data_split_shuffle=True, data_split_stratify=False, fold_strategy=kfold, fold=10, fold_shuffle=True, fold_groups=None, n_jobs=-1, use_gpu=False, custom_pipeline=None, html=True, session_id=None, log_experiment=False, experiment_name=None, experiment_custom_tags=None, log_plots=False, log_profile=False, log_data=False, silent=True, verbose=True, profile=False, profile_kwargs=None, display=None)
[2022-08-29 17:47:06,894: INFO: tabular]: Checking environment
[2022-08-29 17:47:06,894: INFO: tabular]: python_version: 3.7.13
[2022-08-29 17:47:06,894: INFO: tabular]: python_build: ('default', 'Mar 28 2022 08:03:21')
[2022-08-29 17:47:06,894: INFO: tabular]: machine: AMD64
[2022-08-29 17:47:06,894: INFO: tabular]: platform: Windows-10-10.0.22000-SP0
[2022-08-29 17:47:06,901: INFO: tabular]: Memory: svmem(total=8394625024, available=489078784, percent=94.2, used=7905546240, free=489078784)
[2022-08-29 17:47:06,901: INFO: tabular]: Physical Core: 4
[2022-08-29 17:47:06,901: INFO: tabular]: Logical Core: 8
[2022-08-29 17:47:06,901: INFO: tabular]: Checking libraries
[2022-08-29 17:47:06,901: INFO: tabular]: pd==1.3.5
[2022-08-29 17:47:06,901: INFO: tabular]: numpy==1.19.5
[2022-08-29 17:47:06,901: INFO: tabular]: sklearn==0.23.2
[2022-08-29 17:47:06,902: INFO: tabular]: lightgbm==3.3.2
[2022-08-29 17:47:06,902: WARNING: tabular]: catboost not found
[2022-08-29 17:47:06,903: WARNING: tabular]: xgboost not found
[2022-08-29 17:47:06,903: INFO: tabular]: mlflow==1.28.0
[2022-08-29 17:47:06,903: INFO: tabular]: Checking Exceptions
[2022-08-29 17:47:06,904: INFO: tabular]: Declaring global variables
[2022-08-29 17:47:06,904: INFO: tabular]: USI: 4496
[2022-08-29 17:47:06,904: INFO: tabular]: pycaret_globals: {'html_param', 'display_container', 'gpu_param', 'y_train', 'imputation_classifier', 'fix_imbalance_param', 'X_test', 'create_model_container', 'seed', '_all_metrics', 'fold_groups_param', 'stratify_param', '_gpu_n_jobs_param', 'n_jobs_param', 'prep_pipe', 'iterative_imputation_iters_param', 'master_model_container', 'experiment__', '_all_models', 'transform_target_param', 'logging_param', 'y', 'X_train', '_ml_usecase', 'target_param', 'dashboard_logger', 'fix_imbalance_method_param', 'fold_groups_param_full', 'X', 'data_before_preprocess', '_available_plots', 'transform_target_method_param', 'pycaret_globals', 'fold_shuffle_param', 'imputation_regressor', 'USI', '_internal_pipeline', 'exp_name_log', 'log_plots_param', 'y_test', '_all_models_internal', 'fold_generator', 'fold_param'}
[2022-08-29 17:47:06,904: INFO: tabular]: Preparing display monitor
[2022-08-29 17:47:06,904: INFO: Display]: Preparing display monitor
[2022-08-29 17:47:06,915: INFO: tabular]: Importing libraries
[2022-08-29 17:47:06,915: INFO: tabular]: Copying data for preprocessing
[2022-08-29 17:47:06,920: INFO: tabular]: Declaring preprocessing parameters
[2022-08-29 17:47:06,922: INFO: tabular]: Creating preprocessing pipeline
[2022-08-29 17:47:06,931: INFO: tabular]: Preprocessing pipeline created successfully
[2022-08-29 17:47:06,931: ERROR: tabular]: (Process Exit): setup has been interupted with user command 'quit'. setup must rerun.
[2022-08-29 17:47:06,931: INFO: tabular]: Creating global containers
[2022-08-29 17:47:06,934: INFO: tabular]: Internal pipeline: Pipeline(memory=None, steps=[('empty_step', 'passthrough')], verbose=False)
[2022-08-29 17:47:07,106: WARNING: regression]: Couldn't import xgboost.XGBRegressor
[2022-08-29 17:47:07,106: WARNING: regression]: Couldn't import catboost.CatBoostRegressor
[2022-08-29 17:47:07,213: WARNING: regression]: Couldn't import xgboost.XGBRegressor
[2022-08-29 17:47:07,213: WARNING: regression]: Couldn't import catboost.CatBoostRegressor
[2022-08-29 17:47:07,213: INFO: tabular]: Creating grid variables
[2022-08-29 17:47:07,233: INFO: tabular]: create_model_container: 0
[2022-08-29 17:47:07,234: INFO: tabular]: master_model_container: 0
[2022-08-29 17:47:07,234: INFO: tabular]: display_container: 1
[2022-08-29 17:47:07,235: INFO: tabular]: Pipeline(memory=None,
         steps=[('dtypes',
                 DataTypes_Auto_infer(categorical_features=[],
                                      display_types=False, features_todrop=[],
                                      id_columns=[], ml_usecase='regression',
                                      numerical_features=[],
                                      target='concrete_compressive_strength',
                                      time_features=[]))],
         verbose=False)
[2022-08-29 17:47:07,235: INFO: tabular]: setup() succesfully completed......................................
[2022-08-29 17:47:07,307: INFO: tabular]: Initializing compare_models()
[2022-08-29 17:47:07,308: INFO: tabular]: compare_models(include=None, fold=None, round=4, cross_validation=True, sort=R2, n_select=1, budget_time=None, turbo=True, errors=ignore, fit_kwargs=None, groups=None, experiment_custom_tags=None, probability_threshold=None, verbose=True, display=None, exclude=None)
[2022-08-29 17:47:07,308: INFO: tabular]: Checking exceptions
[2022-08-29 17:47:07,308: INFO: tabular]: Preparing display monitor
[2022-08-29 17:47:07,308: INFO: Display]: Preparing display monitor
[2022-08-29 17:47:07,334: INFO: tabular]: Initializing Linear Regression
[2022-08-29 17:47:07,334: INFO: tabular]: Total runtime is 0.0 minutes
[2022-08-29 17:47:07,343: INFO: tabular]: SubProcess create_model() called ==================================
[2022-08-29 17:47:07,346: INFO: tabular]: Initializing create_model()
[2022-08-29 17:47:07,346: INFO: tabular]: create_model(estimator=lr, fold=KFold(n_splits=10, random_state=6096, shuffle=True), round=4, cross_validation=True, predict=True, fit_kwargs={}, groups=None, refit=False, verbose=False, system=False, metrics=None, experiment_custom_tags=None, add_to_model_list=True, probability_threshold=None, display=<pycaret.internal.Display.Display object at 0x0000012A99BF1F88>, return_train_score=False, kwargs={})
[2022-08-29 17:47:07,346: INFO: tabular]: Checking exceptions
[2022-08-29 17:47:07,346: INFO: tabular]: Importing libraries
[2022-08-29 17:47:07,346: INFO: tabular]: Copying training dataset
[2022-08-29 17:47:07,347: INFO: tabular]: Defining folds
[2022-08-29 17:47:07,347: INFO: tabular]: Declaring metric variables
[2022-08-29 17:47:07,354: INFO: tabular]: Importing untrained model
[2022-08-29 17:47:07,362: INFO: tabular]: Linear Regression Imported succesfully
[2022-08-29 17:47:07,379: INFO: tabular]: Starting cross validation
[2022-08-29 17:47:07,390: INFO: tabular]: Cross validating with KFold(n_splits=10, random_state=6096, shuffle=True), n_jobs=-1
[2022-08-29 17:47:18,946: INFO: tabular]: Calculating mean and std
[2022-08-29 17:47:18,949: INFO: tabular]: Creating metrics dataframe
[2022-08-29 17:47:18,965: INFO: tabular]: Uploading results into container
[2022-08-29 17:47:18,967: INFO: tabular]: Uploading model into container now
[2022-08-29 17:47:18,967: INFO: tabular]: create_model_container: 1
[2022-08-29 17:47:18,968: INFO: tabular]: master_model_container: 1
[2022-08-29 17:47:18,968: INFO: tabular]: display_container: 2
[2022-08-29 17:47:18,969: INFO: tabular]: LinearRegression(copy_X=True, fit_intercept=True, n_jobs=-1, normalize=False)
[2022-08-29 17:47:18,969: INFO: tabular]: create_model() succesfully completed......................................
[2022-08-29 17:47:19,125: INFO: tabular]: SubProcess create_model() end ==================================
[2022-08-29 17:47:19,126: INFO: tabular]: Creating metrics dataframe
[2022-08-29 17:47:19,145: INFO: tabular]: Initializing Lasso Regression
[2022-08-29 17:47:19,145: INFO: tabular]: Total runtime is 0.19683693647384642 minutes
[2022-08-29 17:47:19,154: INFO: tabular]: SubProcess create_model() called ==================================
[2022-08-29 17:47:19,154: INFO: tabular]: Initializing create_model()
[2022-08-29 17:47:19,155: INFO: tabular]: create_model(estimator=lasso, fold=KFold(n_splits=10, random_state=6096, shuffle=True), round=4, cross_validation=True, predict=True, fit_kwargs={}, groups=None, refit=False, verbose=False, system=False, metrics=None, experiment_custom_tags=None, add_to_model_list=True, probability_threshold=None, display=<pycaret.internal.Display.Display object at 0x0000012A99BF1F88>, return_train_score=False, kwargs={})
[2022-08-29 17:47:19,155: INFO: tabular]: Checking exceptions
[2022-08-29 17:47:19,155: INFO: tabular]: Importing libraries
[2022-08-29 17:47:19,155: INFO: tabular]: Copying training dataset
[2022-08-29 17:47:19,156: INFO: tabular]: Defining folds
[2022-08-29 17:47:19,156: INFO: tabular]: Declaring metric variables
[2022-08-29 17:47:19,166: INFO: tabular]: Importing untrained model
[2022-08-29 17:47:19,190: INFO: tabular]: Lasso Regression Imported succesfully
[2022-08-29 17:47:19,228: INFO: tabular]: Starting cross validation
[2022-08-29 17:47:19,229: INFO: tabular]: Cross validating with KFold(n_splits=10, random_state=6096, shuffle=True), n_jobs=-1
[2022-08-29 17:47:19,428: INFO: tabular]: Calculating mean and std
[2022-08-29 17:47:19,428: INFO: tabular]: Creating metrics dataframe
[2022-08-29 17:47:19,437: INFO: tabular]: Uploading results into container
[2022-08-29 17:47:19,438: INFO: tabular]: Uploading model into container now
[2022-08-29 17:47:19,438: INFO: tabular]: create_model_container: 2
[2022-08-29 17:47:19,439: INFO: tabular]: master_model_container: 2
[2022-08-29 17:47:19,439: INFO: tabular]: display_container: 2
[2022-08-29 17:47:19,439: INFO: tabular]: Lasso(alpha=1.0, copy_X=True, fit_intercept=True, max_iter=1000,
      normalize=False, positive=False, precompute=False, random_state=6096,
      selection='cyclic', tol=0.0001, warm_start=False)
[2022-08-29 17:47:19,439: INFO: tabular]: create_model() succesfully completed......................................
[2022-08-29 17:47:19,512: INFO: tabular]: SubProcess create_model() end ==================================
[2022-08-29 17:47:19,512: INFO: tabular]: Creating metrics dataframe
[2022-08-29 17:47:19,522: INFO: tabular]: Initializing Ridge Regression
[2022-08-29 17:47:19,522: INFO: tabular]: Total runtime is 0.203129510084788 minutes
[2022-08-29 17:47:19,530: INFO: tabular]: SubProcess create_model() called ==================================
[2022-08-29 17:47:19,530: INFO: tabular]: Initializing create_model()
[2022-08-29 17:47:19,531: INFO: tabular]: create_model(estimator=ridge, fold=KFold(n_splits=10, random_state=6096, shuffle=True), round=4, cross_validation=True, predict=True, fit_kwargs={}, groups=None, refit=False, verbose=False, system=False, metrics=None, experiment_custom_tags=None, add_to_model_list=True, probability_threshold=None, display=<pycaret.internal.Display.Display object at 0x0000012A99BF1F88>, return_train_score=False, kwargs={})
[2022-08-29 17:47:19,531: INFO: tabular]: Checking exceptions
[2022-08-29 17:47:19,531: INFO: tabular]: Importing libraries
[2022-08-29 17:47:19,531: INFO: tabular]: Copying training dataset
[2022-08-29 17:47:19,531: INFO: tabular]: Defining folds
[2022-08-29 17:47:19,531: INFO: tabular]: Declaring metric variables
[2022-08-29 17:47:19,543: INFO: tabular]: Importing untrained model
[2022-08-29 17:47:19,554: INFO: tabular]: Ridge Regression Imported succesfully
[2022-08-29 17:47:19,574: INFO: tabular]: Starting cross validation
[2022-08-29 17:47:19,575: INFO: tabular]: Cross validating with KFold(n_splits=10, random_state=6096, shuffle=True), n_jobs=-1
[2022-08-29 17:47:19,709: INFO: tabular]: Calculating mean and std
[2022-08-29 17:47:19,709: INFO: tabular]: Creating metrics dataframe
[2022-08-29 17:47:19,714: INFO: tabular]: Uploading results into container
[2022-08-29 17:47:19,714: INFO: tabular]: Uploading model into container now
[2022-08-29 17:47:19,715: INFO: tabular]: create_model_container: 3
[2022-08-29 17:47:19,715: INFO: tabular]: master_model_container: 3
[2022-08-29 17:47:19,715: INFO: tabular]: display_container: 2
[2022-08-29 17:47:19,715: INFO: tabular]: Ridge(alpha=1.0, copy_X=True, fit_intercept=True, max_iter=None,
      normalize=False, random_state=6096, solver='auto', tol=0.001)
[2022-08-29 17:47:19,715: INFO: tabular]: create_model() succesfully completed......................................
[2022-08-29 17:47:19,788: INFO: tabular]: SubProcess create_model() end ==================================
[2022-08-29 17:47:19,789: INFO: tabular]: Creating metrics dataframe
[2022-08-29 17:47:19,799: INFO: tabular]: Initializing Elastic Net
[2022-08-29 17:47:19,800: INFO: tabular]: Total runtime is 0.20774309635162352 minutes
[2022-08-29 17:47:19,805: INFO: tabular]: SubProcess create_model() called ==================================
[2022-08-29 17:47:19,808: INFO: tabular]: Initializing create_model()
[2022-08-29 17:47:19,808: INFO: tabular]: create_model(estimator=en, fold=KFold(n_splits=10, random_state=6096, shuffle=True), round=4, cross_validation=True, predict=True, fit_kwargs={}, groups=None, refit=False, verbose=False, system=False, metrics=None, experiment_custom_tags=None, add_to_model_list=True, probability_threshold=None, display=<pycaret.internal.Display.Display object at 0x0000012A99BF1F88>, return_train_score=False, kwargs={})
[2022-08-29 17:47:19,808: INFO: tabular]: Checking exceptions
[2022-08-29 17:47:19,808: INFO: tabular]: Importing libraries
[2022-08-29 17:47:19,808: INFO: tabular]: Copying training dataset
[2022-08-29 17:47:19,809: INFO: tabular]: Defining folds
[2022-08-29 17:47:19,809: INFO: tabular]: Declaring metric variables
[2022-08-29 17:47:19,816: INFO: tabular]: Importing untrained model
[2022-08-29 17:47:19,824: INFO: tabular]: Elastic Net Imported succesfully
[2022-08-29 17:47:19,842: INFO: tabular]: Starting cross validation
[2022-08-29 17:47:19,843: INFO: tabular]: Cross validating with KFold(n_splits=10, random_state=6096, shuffle=True), n_jobs=-1
[2022-08-29 17:47:20,004: INFO: tabular]: Calculating mean and std
[2022-08-29 17:47:20,005: INFO: tabular]: Creating metrics dataframe
[2022-08-29 17:47:20,011: INFO: tabular]: Uploading results into container
[2022-08-29 17:47:20,011: INFO: tabular]: Uploading model into container now
[2022-08-29 17:47:20,012: INFO: tabular]: create_model_container: 4
[2022-08-29 17:47:20,012: INFO: tabular]: master_model_container: 4
[2022-08-29 17:47:20,012: INFO: tabular]: display_container: 2
[2022-08-29 17:47:20,012: INFO: tabular]: ElasticNet(alpha=1.0, copy_X=True, fit_intercept=True, l1_ratio=0.5,
           max_iter=1000, normalize=False, positive=False, precompute=False,
           random_state=6096, selection='cyclic', tol=0.0001, warm_start=False)
[2022-08-29 17:47:20,012: INFO: tabular]: create_model() succesfully completed......................................
[2022-08-29 17:47:20,094: INFO: tabular]: SubProcess create_model() end ==================================
[2022-08-29 17:47:20,094: INFO: tabular]: Creating metrics dataframe
[2022-08-29 17:47:20,104: INFO: tabular]: Initializing Least Angle Regression
[2022-08-29 17:47:20,104: INFO: tabular]: Total runtime is 0.21282742420832315 minutes
[2022-08-29 17:47:20,114: INFO: tabular]: SubProcess create_model() called ==================================
[2022-08-29 17:47:20,115: INFO: tabular]: Initializing create_model()
[2022-08-29 17:47:20,115: INFO: tabular]: create_model(estimator=lar, fold=KFold(n_splits=10, random_state=6096, shuffle=True), round=4, cross_validation=True, predict=True, fit_kwargs={}, groups=None, refit=False, verbose=False, system=False, metrics=None, experiment_custom_tags=None, add_to_model_list=True, probability_threshold=None, display=<pycaret.internal.Display.Display object at 0x0000012A99BF1F88>, return_train_score=False, kwargs={})
[2022-08-29 17:47:20,115: INFO: tabular]: Checking exceptions
[2022-08-29 17:47:20,115: INFO: tabular]: Importing libraries
[2022-08-29 17:47:20,116: INFO: tabular]: Copying training dataset
[2022-08-29 17:47:20,116: INFO: tabular]: Defining folds
[2022-08-29 17:47:20,116: INFO: tabular]: Declaring metric variables
[2022-08-29 17:47:20,135: INFO: tabular]: Importing untrained model
[2022-08-29 17:47:20,151: INFO: tabular]: Least Angle Regression Imported succesfully
[2022-08-29 17:47:20,176: INFO: tabular]: Starting cross validation
[2022-08-29 17:47:20,178: INFO: tabular]: Cross validating with KFold(n_splits=10, random_state=6096, shuffle=True), n_jobs=-1
[2022-08-29 17:47:20,337: INFO: tabular]: Calculating mean and std
[2022-08-29 17:47:20,339: INFO: tabular]: Creating metrics dataframe
[2022-08-29 17:47:20,348: INFO: tabular]: Uploading results into container
[2022-08-29 17:47:20,348: INFO: tabular]: Uploading model into container now
[2022-08-29 17:47:20,348: INFO: tabular]: create_model_container: 5
[2022-08-29 17:47:20,348: INFO: tabular]: master_model_container: 5
[2022-08-29 17:47:20,348: INFO: tabular]: display_container: 2
[2022-08-29 17:47:20,349: INFO: tabular]: Lars(copy_X=True, eps=2.220446049250313e-16, fit_intercept=True, fit_path=True,
     jitter=None, n_nonzero_coefs=500, normalize=True, precompute='auto',
     random_state=6096, verbose=False)
[2022-08-29 17:47:20,350: INFO: tabular]: create_model() succesfully completed......................................
[2022-08-29 17:47:20,449: INFO: tabular]: SubProcess create_model() end ==================================
[2022-08-29 17:47:20,449: INFO: tabular]: Creating metrics dataframe
[2022-08-29 17:47:20,464: INFO: tabular]: Initializing Lasso Least Angle Regression
[2022-08-29 17:47:20,464: INFO: tabular]: Total runtime is 0.21882278124491372 minutes
[2022-08-29 17:47:20,505: INFO: tabular]: SubProcess create_model() called ==================================
[2022-08-29 17:47:20,506: INFO: tabular]: Initializing create_model()
[2022-08-29 17:47:20,508: INFO: tabular]: create_model(estimator=llar, fold=KFold(n_splits=10, random_state=6096, shuffle=True), round=4, cross_validation=True, predict=True, fit_kwargs={}, groups=None, refit=False, verbose=False, system=False, metrics=None, experiment_custom_tags=None, add_to_model_list=True, probability_threshold=None, display=<pycaret.internal.Display.Display object at 0x0000012A99BF1F88>, return_train_score=False, kwargs={})
[2022-08-29 17:47:20,508: INFO: tabular]: Checking exceptions
[2022-08-29 17:47:20,508: INFO: tabular]: Importing libraries
[2022-08-29 17:47:20,508: INFO: tabular]: Copying training dataset
[2022-08-29 17:47:20,509: INFO: tabular]: Defining folds
[2022-08-29 17:47:20,509: INFO: tabular]: Declaring metric variables
[2022-08-29 17:47:20,549: INFO: tabular]: Importing untrained model
[2022-08-29 17:47:20,568: INFO: tabular]: Lasso Least Angle Regression Imported succesfully
[2022-08-29 17:47:20,611: INFO: tabular]: Starting cross validation
[2022-08-29 17:47:20,612: INFO: tabular]: Cross validating with KFold(n_splits=10, random_state=6096, shuffle=True), n_jobs=-1
[2022-08-29 17:47:20,789: INFO: tabular]: Calculating mean and std
[2022-08-29 17:47:20,790: INFO: tabular]: Creating metrics dataframe
[2022-08-29 17:47:20,799: INFO: tabular]: Uploading results into container
[2022-08-29 17:47:20,800: INFO: tabular]: Uploading model into container now
[2022-08-29 17:47:20,800: INFO: tabular]: create_model_container: 6
[2022-08-29 17:47:20,800: INFO: tabular]: master_model_container: 6
[2022-08-29 17:47:20,800: INFO: tabular]: display_container: 2
[2022-08-29 17:47:20,801: INFO: tabular]: LassoLars(alpha=1.0, copy_X=True, eps=2.220446049250313e-16, fit_intercept=True,
          fit_path=True, jitter=None, max_iter=500, normalize=True,
          positive=False, precompute='auto', random_state=6096, verbose=False)
[2022-08-29 17:47:20,801: INFO: tabular]: create_model() succesfully completed......................................
[2022-08-29 17:47:20,913: INFO: tabular]: SubProcess create_model() end ==================================
[2022-08-29 17:47:20,914: INFO: tabular]: Creating metrics dataframe
[2022-08-29 17:47:20,927: INFO: tabular]: Initializing Orthogonal Matching Pursuit
[2022-08-29 17:47:20,927: INFO: tabular]: Total runtime is 0.2265475233395894 minutes
[2022-08-29 17:47:20,937: INFO: tabular]: SubProcess create_model() called ==================================
[2022-08-29 17:47:20,938: INFO: tabular]: Initializing create_model()
[2022-08-29 17:47:20,938: INFO: tabular]: create_model(estimator=omp, fold=KFold(n_splits=10, random_state=6096, shuffle=True), round=4, cross_validation=True, predict=True, fit_kwargs={}, groups=None, refit=False, verbose=False, system=False, metrics=None, experiment_custom_tags=None, add_to_model_list=True, probability_threshold=None, display=<pycaret.internal.Display.Display object at 0x0000012A99BF1F88>, return_train_score=False, kwargs={})
[2022-08-29 17:47:20,938: INFO: tabular]: Checking exceptions
[2022-08-29 17:47:20,939: INFO: tabular]: Importing libraries
[2022-08-29 17:47:20,939: INFO: tabular]: Copying training dataset
[2022-08-29 17:47:20,940: INFO: tabular]: Defining folds
[2022-08-29 17:47:20,940: INFO: tabular]: Declaring metric variables
[2022-08-29 17:47:20,956: INFO: tabular]: Importing untrained model
[2022-08-29 17:47:20,971: INFO: tabular]: Orthogonal Matching Pursuit Imported succesfully
[2022-08-29 17:47:21,000: INFO: tabular]: Starting cross validation
[2022-08-29 17:47:21,002: INFO: tabular]: Cross validating with KFold(n_splits=10, random_state=6096, shuffle=True), n_jobs=-1
[2022-08-29 17:47:21,142: INFO: tabular]: Calculating mean and std
[2022-08-29 17:47:21,142: INFO: tabular]: Creating metrics dataframe
[2022-08-29 17:47:21,148: INFO: tabular]: Uploading results into container
[2022-08-29 17:47:21,148: INFO: tabular]: Uploading model into container now
[2022-08-29 17:47:21,148: INFO: tabular]: create_model_container: 7
[2022-08-29 17:47:21,148: INFO: tabular]: master_model_container: 7
[2022-08-29 17:47:21,148: INFO: tabular]: display_container: 2
[2022-08-29 17:47:21,149: INFO: tabular]: OrthogonalMatchingPursuit(fit_intercept=True, n_nonzero_coefs=None,
                          normalize=True, precompute='auto', tol=None)
[2022-08-29 17:47:21,149: INFO: tabular]: create_model() succesfully completed......................................
[2022-08-29 17:47:21,251: INFO: tabular]: SubProcess create_model() end ==================================
[2022-08-29 17:47:21,252: INFO: tabular]: Creating metrics dataframe
[2022-08-29 17:47:21,263: INFO: tabular]: Initializing Bayesian Ridge
[2022-08-29 17:47:21,264: INFO: tabular]: Total runtime is 0.23216725190480547 minutes
[2022-08-29 17:47:21,272: INFO: tabular]: SubProcess create_model() called ==================================
[2022-08-29 17:47:21,273: INFO: tabular]: Initializing create_model()
[2022-08-29 17:47:21,273: INFO: tabular]: create_model(estimator=br, fold=KFold(n_splits=10, random_state=6096, shuffle=True), round=4, cross_validation=True, predict=True, fit_kwargs={}, groups=None, refit=False, verbose=False, system=False, metrics=None, experiment_custom_tags=None, add_to_model_list=True, probability_threshold=None, display=<pycaret.internal.Display.Display object at 0x0000012A99BF1F88>, return_train_score=False, kwargs={})
[2022-08-29 17:47:21,273: INFO: tabular]: Checking exceptions
[2022-08-29 17:47:21,274: INFO: tabular]: Importing libraries
[2022-08-29 17:47:21,274: INFO: tabular]: Copying training dataset
[2022-08-29 17:47:21,274: INFO: tabular]: Defining folds
[2022-08-29 17:47:21,274: INFO: tabular]: Declaring metric variables
[2022-08-29 17:47:21,283: INFO: tabular]: Importing untrained model
[2022-08-29 17:47:21,295: INFO: tabular]: Bayesian Ridge Imported succesfully
[2022-08-29 17:47:21,323: INFO: tabular]: Starting cross validation
[2022-08-29 17:47:21,340: INFO: tabular]: Cross validating with KFold(n_splits=10, random_state=6096, shuffle=True), n_jobs=-1
[2022-08-29 17:47:21,511: INFO: tabular]: Calculating mean and std
[2022-08-29 17:47:21,512: INFO: tabular]: Creating metrics dataframe
[2022-08-29 17:47:21,521: INFO: tabular]: Uploading results into container
[2022-08-29 17:47:21,522: INFO: tabular]: Uploading model into container now
[2022-08-29 17:47:21,522: INFO: tabular]: create_model_container: 8
[2022-08-29 17:47:21,522: INFO: tabular]: master_model_container: 8
[2022-08-29 17:47:21,522: INFO: tabular]: display_container: 2
[2022-08-29 17:47:21,523: INFO: tabular]: BayesianRidge(alpha_1=1e-06, alpha_2=1e-06, alpha_init=None,
              compute_score=False, copy_X=True, fit_intercept=True,
              lambda_1=1e-06, lambda_2=1e-06, lambda_init=None, n_iter=300,
              normalize=False, tol=0.001, verbose=False)
[2022-08-29 17:47:21,523: INFO: tabular]: create_model() succesfully completed......................................
[2022-08-29 17:47:21,602: INFO: tabular]: SubProcess create_model() end ==================================
[2022-08-29 17:47:21,603: INFO: tabular]: Creating metrics dataframe
[2022-08-29 17:47:21,611: INFO: tabular]: Initializing Passive Aggressive Regressor
[2022-08-29 17:47:21,612: INFO: tabular]: Total runtime is 0.23795358339945472 minutes
[2022-08-29 17:47:21,618: INFO: tabular]: SubProcess create_model() called ==================================
[2022-08-29 17:47:21,618: INFO: tabular]: Initializing create_model()
[2022-08-29 17:47:21,618: INFO: tabular]: create_model(estimator=par, fold=KFold(n_splits=10, random_state=6096, shuffle=True), round=4, cross_validation=True, predict=True, fit_kwargs={}, groups=None, refit=False, verbose=False, system=False, metrics=None, experiment_custom_tags=None, add_to_model_list=True, probability_threshold=None, display=<pycaret.internal.Display.Display object at 0x0000012A99BF1F88>, return_train_score=False, kwargs={})
[2022-08-29 17:47:21,618: INFO: tabular]: Checking exceptions
[2022-08-29 17:47:21,619: INFO: tabular]: Importing libraries
[2022-08-29 17:47:21,619: INFO: tabular]: Copying training dataset
[2022-08-29 17:47:21,619: INFO: tabular]: Defining folds
[2022-08-29 17:47:21,620: INFO: tabular]: Declaring metric variables
[2022-08-29 17:47:21,627: INFO: tabular]: Importing untrained model
[2022-08-29 17:47:21,641: INFO: tabular]: Passive Aggressive Regressor Imported succesfully
[2022-08-29 17:47:21,659: INFO: tabular]: Starting cross validation
[2022-08-29 17:47:21,661: INFO: tabular]: Cross validating with KFold(n_splits=10, random_state=6096, shuffle=True), n_jobs=-1
[2022-08-29 17:47:21,836: INFO: tabular]: Calculating mean and std
[2022-08-29 17:47:21,837: INFO: tabular]: Creating metrics dataframe
[2022-08-29 17:47:21,847: INFO: tabular]: Uploading results into container
[2022-08-29 17:47:21,847: INFO: tabular]: Uploading model into container now
[2022-08-29 17:47:21,848: INFO: tabular]: create_model_container: 9
[2022-08-29 17:47:21,848: INFO: tabular]: master_model_container: 9
[2022-08-29 17:47:21,848: INFO: tabular]: display_container: 2
[2022-08-29 17:47:21,849: INFO: tabular]: PassiveAggressiveRegressor(C=1.0, average=False, early_stopping=False,
                           epsilon=0.1, fit_intercept=True,
                           loss='epsilon_insensitive', max_iter=1000,
                           n_iter_no_change=5, random_state=6096, shuffle=True,
                           tol=0.001, validation_fraction=0.1, verbose=0,
                           warm_start=False)
[2022-08-29 17:47:21,849: INFO: tabular]: create_model() succesfully completed......................................
[2022-08-29 17:47:21,938: INFO: tabular]: SubProcess create_model() end ==================================
[2022-08-29 17:47:21,942: INFO: tabular]: Creating metrics dataframe
[2022-08-29 17:47:21,955: INFO: tabular]: Initializing Huber Regressor
[2022-08-29 17:47:21,955: INFO: tabular]: Total runtime is 0.24368032217025754 minutes
[2022-08-29 17:47:21,962: INFO: tabular]: SubProcess create_model() called ==================================
[2022-08-29 17:47:21,963: INFO: tabular]: Initializing create_model()
[2022-08-29 17:47:21,963: INFO: tabular]: create_model(estimator=huber, fold=KFold(n_splits=10, random_state=6096, shuffle=True), round=4, cross_validation=True, predict=True, fit_kwargs={}, groups=None, refit=False, verbose=False, system=False, metrics=None, experiment_custom_tags=None, add_to_model_list=True, probability_threshold=None, display=<pycaret.internal.Display.Display object at 0x0000012A99BF1F88>, return_train_score=False, kwargs={})
[2022-08-29 17:47:21,963: INFO: tabular]: Checking exceptions
[2022-08-29 17:47:21,963: INFO: tabular]: Importing libraries
[2022-08-29 17:47:21,963: INFO: tabular]: Copying training dataset
[2022-08-29 17:47:21,964: INFO: tabular]: Defining folds
[2022-08-29 17:47:21,964: INFO: tabular]: Declaring metric variables
[2022-08-29 17:47:21,971: INFO: tabular]: Importing untrained model
[2022-08-29 17:47:21,983: INFO: tabular]: Huber Regressor Imported succesfully
[2022-08-29 17:47:22,001: INFO: tabular]: Starting cross validation
[2022-08-29 17:47:22,003: INFO: tabular]: Cross validating with KFold(n_splits=10, random_state=6096, shuffle=True), n_jobs=-1
[2022-08-29 17:47:22,152: INFO: tabular]: Calculating mean and std
[2022-08-29 17:47:22,153: INFO: tabular]: Creating metrics dataframe
[2022-08-29 17:47:22,153: INFO: tabular]: Uploading results into container
[2022-08-29 17:47:22,153: INFO: tabular]: Uploading model into container now
[2022-08-29 17:47:22,153: INFO: tabular]: create_model_container: 10
[2022-08-29 17:47:22,153: INFO: tabular]: master_model_container: 10
[2022-08-29 17:47:22,153: INFO: tabular]: display_container: 2
[2022-08-29 17:47:22,153: INFO: tabular]: HuberRegressor(alpha=0.0001, epsilon=1.35, fit_intercept=True, max_iter=100,
               tol=1e-05, warm_start=False)
[2022-08-29 17:47:22,153: INFO: tabular]: create_model() succesfully completed......................................
[2022-08-29 17:47:22,218: INFO: tabular]: SubProcess create_model() end ==================================
[2022-08-29 17:47:22,218: INFO: tabular]: Creating metrics dataframe
[2022-08-29 17:47:22,229: INFO: tabular]: Initializing K Neighbors Regressor
[2022-08-29 17:47:22,229: INFO: tabular]: Total runtime is 0.24824304580688472 minutes
[2022-08-29 17:47:22,236: INFO: tabular]: SubProcess create_model() called ==================================
[2022-08-29 17:47:22,239: INFO: tabular]: Initializing create_model()
[2022-08-29 17:47:22,239: INFO: tabular]: create_model(estimator=knn, fold=KFold(n_splits=10, random_state=6096, shuffle=True), round=4, cross_validation=True, predict=True, fit_kwargs={}, groups=None, refit=False, verbose=False, system=False, metrics=None, experiment_custom_tags=None, add_to_model_list=True, probability_threshold=None, display=<pycaret.internal.Display.Display object at 0x0000012A99BF1F88>, return_train_score=False, kwargs={})
[2022-08-29 17:47:22,239: INFO: tabular]: Checking exceptions
[2022-08-29 17:47:22,239: INFO: tabular]: Importing libraries
[2022-08-29 17:47:22,240: INFO: tabular]: Copying training dataset
[2022-08-29 17:47:22,240: INFO: tabular]: Defining folds
[2022-08-29 17:47:22,240: INFO: tabular]: Declaring metric variables
[2022-08-29 17:47:22,247: INFO: tabular]: Importing untrained model
[2022-08-29 17:47:22,255: INFO: tabular]: K Neighbors Regressor Imported succesfully
[2022-08-29 17:47:22,275: INFO: tabular]: Starting cross validation
[2022-08-29 17:47:22,276: INFO: tabular]: Cross validating with KFold(n_splits=10, random_state=6096, shuffle=True), n_jobs=-1
[2022-08-29 17:47:22,623: INFO: tabular]: Calculating mean and std
[2022-08-29 17:47:22,624: INFO: tabular]: Creating metrics dataframe
[2022-08-29 17:47:22,630: INFO: tabular]: Uploading results into container
[2022-08-29 17:47:22,631: INFO: tabular]: Uploading model into container now
[2022-08-29 17:47:22,631: INFO: tabular]: create_model_container: 11
[2022-08-29 17:47:22,631: INFO: tabular]: master_model_container: 11
[2022-08-29 17:47:22,631: INFO: tabular]: display_container: 2
[2022-08-29 17:47:22,632: INFO: tabular]: KNeighborsRegressor(algorithm='auto', leaf_size=30, metric='minkowski',
                    metric_params=None, n_jobs=-1, n_neighbors=5, p=2,
                    weights='uniform')
[2022-08-29 17:47:22,632: INFO: tabular]: create_model() succesfully completed......................................
[2022-08-29 17:47:22,701: INFO: tabular]: SubProcess create_model() end ==================================
[2022-08-29 17:47:22,701: INFO: tabular]: Creating metrics dataframe
[2022-08-29 17:47:22,712: INFO: tabular]: Initializing Decision Tree Regressor
[2022-08-29 17:47:22,712: INFO: tabular]: Total runtime is 0.2563011527061462 minutes
[2022-08-29 17:47:22,723: INFO: tabular]: SubProcess create_model() called ==================================
[2022-08-29 17:47:22,724: INFO: tabular]: Initializing create_model()
[2022-08-29 17:47:22,724: INFO: tabular]: create_model(estimator=dt, fold=KFold(n_splits=10, random_state=6096, shuffle=True), round=4, cross_validation=True, predict=True, fit_kwargs={}, groups=None, refit=False, verbose=False, system=False, metrics=None, experiment_custom_tags=None, add_to_model_list=True, probability_threshold=None, display=<pycaret.internal.Display.Display object at 0x0000012A99BF1F88>, return_train_score=False, kwargs={})
[2022-08-29 17:47:22,724: INFO: tabular]: Checking exceptions
[2022-08-29 17:47:22,724: INFO: tabular]: Importing libraries
[2022-08-29 17:47:22,724: INFO: tabular]: Copying training dataset
[2022-08-29 17:47:22,725: INFO: tabular]: Defining folds
[2022-08-29 17:47:22,725: INFO: tabular]: Declaring metric variables
[2022-08-29 17:47:22,735: INFO: tabular]: Importing untrained model
[2022-08-29 17:47:22,747: INFO: tabular]: Decision Tree Regressor Imported succesfully
[2022-08-29 17:47:22,768: INFO: tabular]: Starting cross validation
[2022-08-29 17:47:22,770: INFO: tabular]: Cross validating with KFold(n_splits=10, random_state=6096, shuffle=True), n_jobs=-1
[2022-08-29 17:47:22,926: INFO: tabular]: Calculating mean and std
[2022-08-29 17:47:22,926: INFO: tabular]: Creating metrics dataframe
[2022-08-29 17:47:22,937: INFO: tabular]: Uploading results into container
[2022-08-29 17:47:22,938: INFO: tabular]: Uploading model into container now
[2022-08-29 17:47:22,938: INFO: tabular]: create_model_container: 12
[2022-08-29 17:47:22,938: INFO: tabular]: master_model_container: 12
[2022-08-29 17:47:22,938: INFO: tabular]: display_container: 2
[2022-08-29 17:47:22,939: INFO: tabular]: DecisionTreeRegressor(ccp_alpha=0.0, criterion='mse', max_depth=None,
                      max_features=None, max_leaf_nodes=None,
                      min_impurity_decrease=0.0, min_impurity_split=None,
                      min_samples_leaf=1, min_samples_split=2,
                      min_weight_fraction_leaf=0.0, presort='deprecated',
                      random_state=6096, splitter='best')
[2022-08-29 17:47:22,939: INFO: tabular]: create_model() succesfully completed......................................
[2022-08-29 17:47:23,032: INFO: tabular]: SubProcess create_model() end ==================================
[2022-08-29 17:47:23,032: INFO: tabular]: Creating metrics dataframe
[2022-08-29 17:47:23,047: INFO: tabular]: Initializing Random Forest Regressor
[2022-08-29 17:47:23,047: INFO: tabular]: Total runtime is 0.2618796467781066 minutes
[2022-08-29 17:47:23,056: INFO: tabular]: SubProcess create_model() called ==================================
[2022-08-29 17:47:23,056: INFO: tabular]: Initializing create_model()
[2022-08-29 17:47:23,057: INFO: tabular]: create_model(estimator=rf, fold=KFold(n_splits=10, random_state=6096, shuffle=True), round=4, cross_validation=True, predict=True, fit_kwargs={}, groups=None, refit=False, verbose=False, system=False, metrics=None, experiment_custom_tags=None, add_to_model_list=True, probability_threshold=None, display=<pycaret.internal.Display.Display object at 0x0000012A99BF1F88>, return_train_score=False, kwargs={})
[2022-08-29 17:47:23,057: INFO: tabular]: Checking exceptions
[2022-08-29 17:47:23,057: INFO: tabular]: Importing libraries
[2022-08-29 17:47:23,057: INFO: tabular]: Copying training dataset
[2022-08-29 17:47:23,058: INFO: tabular]: Defining folds
[2022-08-29 17:47:23,058: INFO: tabular]: Declaring metric variables
[2022-08-29 17:47:23,068: INFO: tabular]: Importing untrained model
[2022-08-29 17:47:23,077: INFO: tabular]: Random Forest Regressor Imported succesfully
[2022-08-29 17:47:23,097: INFO: tabular]: Starting cross validation
[2022-08-29 17:47:23,098: INFO: tabular]: Cross validating with KFold(n_splits=10, random_state=6096, shuffle=True), n_jobs=-1
[2022-08-29 17:47:25,384: INFO: tabular]: Calculating mean and std
[2022-08-29 17:47:25,384: INFO: tabular]: Creating metrics dataframe
[2022-08-29 17:47:25,385: INFO: tabular]: Uploading results into container
[2022-08-29 17:47:25,385: INFO: tabular]: Uploading model into container now
[2022-08-29 17:47:25,385: INFO: tabular]: create_model_container: 13
[2022-08-29 17:47:25,385: INFO: tabular]: master_model_container: 13
[2022-08-29 17:47:25,385: INFO: tabular]: display_container: 2
[2022-08-29 17:47:25,385: INFO: tabular]: RandomForestRegressor(bootstrap=True, ccp_alpha=0.0, criterion='mse',
                      max_depth=None, max_features='auto', max_leaf_nodes=None,
                      max_samples=None, min_impurity_decrease=0.0,
                      min_impurity_split=None, min_samples_leaf=1,
                      min_samples_split=2, min_weight_fraction_leaf=0.0,
                      n_estimators=100, n_jobs=-1, oob_score=False,
                      random_state=6096, verbose=0, warm_start=False)
[2022-08-29 17:47:25,385: INFO: tabular]: create_model() succesfully completed......................................
[2022-08-29 17:47:25,461: INFO: tabular]: SubProcess create_model() end ==================================
[2022-08-29 17:47:25,461: INFO: tabular]: Creating metrics dataframe
[2022-08-29 17:47:25,470: INFO: tabular]: Initializing Extra Trees Regressor
[2022-08-29 17:47:25,470: INFO: tabular]: Total runtime is 0.30226654609044384 minutes
[2022-08-29 17:47:25,477: INFO: tabular]: SubProcess create_model() called ==================================
[2022-08-29 17:47:25,478: INFO: tabular]: Initializing create_model()
[2022-08-29 17:47:25,478: INFO: tabular]: create_model(estimator=et, fold=KFold(n_splits=10, random_state=6096, shuffle=True), round=4, cross_validation=True, predict=True, fit_kwargs={}, groups=None, refit=False, verbose=False, system=False, metrics=None, experiment_custom_tags=None, add_to_model_list=True, probability_threshold=None, display=<pycaret.internal.Display.Display object at 0x0000012A99BF1F88>, return_train_score=False, kwargs={})
[2022-08-29 17:47:25,478: INFO: tabular]: Checking exceptions
[2022-08-29 17:47:25,478: INFO: tabular]: Importing libraries
[2022-08-29 17:47:25,479: INFO: tabular]: Copying training dataset
[2022-08-29 17:47:25,479: INFO: tabular]: Defining folds
[2022-08-29 17:47:25,479: INFO: tabular]: Declaring metric variables
[2022-08-29 17:47:25,493: INFO: tabular]: Importing untrained model
[2022-08-29 17:47:25,503: INFO: tabular]: Extra Trees Regressor Imported succesfully
[2022-08-29 17:47:25,523: INFO: tabular]: Starting cross validation
[2022-08-29 17:47:25,524: INFO: tabular]: Cross validating with KFold(n_splits=10, random_state=6096, shuffle=True), n_jobs=-1
[2022-08-29 17:47:27,442: INFO: tabular]: Calculating mean and std
[2022-08-29 17:47:27,443: INFO: tabular]: Creating metrics dataframe
[2022-08-29 17:47:27,448: INFO: tabular]: Uploading results into container
[2022-08-29 17:47:27,448: INFO: tabular]: Uploading model into container now
[2022-08-29 17:47:27,448: INFO: tabular]: create_model_container: 14
[2022-08-29 17:47:27,448: INFO: tabular]: master_model_container: 14
[2022-08-29 17:47:27,448: INFO: tabular]: display_container: 2
[2022-08-29 17:47:27,450: INFO: tabular]: ExtraTreesRegressor(bootstrap=False, ccp_alpha=0.0, criterion='mse',
                    max_depth=None, max_features='auto', max_leaf_nodes=None,
                    max_samples=None, min_impurity_decrease=0.0,
                    min_impurity_split=None, min_samples_leaf=1,
                    min_samples_split=2, min_weight_fraction_leaf=0.0,
                    n_estimators=100, n_jobs=-1, oob_score=False,
                    random_state=6096, verbose=0, warm_start=False)
[2022-08-29 17:47:27,450: INFO: tabular]: create_model() succesfully completed......................................
[2022-08-29 17:47:27,524: INFO: tabular]: SubProcess create_model() end ==================================
[2022-08-29 17:47:27,525: INFO: tabular]: Creating metrics dataframe
[2022-08-29 17:47:27,534: INFO: tabular]: Initializing AdaBoost Regressor
[2022-08-29 17:47:27,536: INFO: tabular]: Total runtime is 0.3366904258728026 minutes
[2022-08-29 17:47:27,544: INFO: tabular]: SubProcess create_model() called ==================================
[2022-08-29 17:47:27,545: INFO: tabular]: Initializing create_model()
[2022-08-29 17:47:27,545: INFO: tabular]: create_model(estimator=ada, fold=KFold(n_splits=10, random_state=6096, shuffle=True), round=4, cross_validation=True, predict=True, fit_kwargs={}, groups=None, refit=False, verbose=False, system=False, metrics=None, experiment_custom_tags=None, add_to_model_list=True, probability_threshold=None, display=<pycaret.internal.Display.Display object at 0x0000012A99BF1F88>, return_train_score=False, kwargs={})
[2022-08-29 17:47:27,545: INFO: tabular]: Checking exceptions
[2022-08-29 17:47:27,546: INFO: tabular]: Importing libraries
[2022-08-29 17:47:27,546: INFO: tabular]: Copying training dataset
[2022-08-29 17:47:27,547: INFO: tabular]: Defining folds
[2022-08-29 17:47:27,548: INFO: tabular]: Declaring metric variables
[2022-08-29 17:47:27,561: INFO: tabular]: Importing untrained model
[2022-08-29 17:47:27,571: INFO: tabular]: AdaBoost Regressor Imported succesfully
[2022-08-29 17:47:27,589: INFO: tabular]: Starting cross validation
[2022-08-29 17:47:27,590: INFO: tabular]: Cross validating with KFold(n_splits=10, random_state=6096, shuffle=True), n_jobs=-1
[2022-08-29 17:47:28,020: INFO: tabular]: Calculating mean and std
[2022-08-29 17:47:28,021: INFO: tabular]: Creating metrics dataframe
[2022-08-29 17:47:28,030: INFO: tabular]: Uploading results into container
[2022-08-29 17:47:28,030: INFO: tabular]: Uploading model into container now
[2022-08-29 17:47:28,030: INFO: tabular]: create_model_container: 15
[2022-08-29 17:47:28,031: INFO: tabular]: master_model_container: 15
[2022-08-29 17:47:28,031: INFO: tabular]: display_container: 2
[2022-08-29 17:47:28,031: INFO: tabular]: AdaBoostRegressor(base_estimator=None, learning_rate=1.0, loss='linear',
                  n_estimators=50, random_state=6096)
[2022-08-29 17:47:28,031: INFO: tabular]: create_model() succesfully completed......................................
[2022-08-29 17:47:28,132: INFO: tabular]: SubProcess create_model() end ==================================
[2022-08-29 17:47:28,133: INFO: tabular]: Creating metrics dataframe
[2022-08-29 17:47:28,148: INFO: tabular]: Initializing Gradient Boosting Regressor
[2022-08-29 17:47:28,148: INFO: tabular]: Total runtime is 0.3468948205312092 minutes
[2022-08-29 17:47:28,157: INFO: tabular]: SubProcess create_model() called ==================================
[2022-08-29 17:47:28,158: INFO: tabular]: Initializing create_model()
[2022-08-29 17:47:28,158: INFO: tabular]: create_model(estimator=gbr, fold=KFold(n_splits=10, random_state=6096, shuffle=True), round=4, cross_validation=True, predict=True, fit_kwargs={}, groups=None, refit=False, verbose=False, system=False, metrics=None, experiment_custom_tags=None, add_to_model_list=True, probability_threshold=None, display=<pycaret.internal.Display.Display object at 0x0000012A99BF1F88>, return_train_score=False, kwargs={})
[2022-08-29 17:47:28,159: INFO: tabular]: Checking exceptions
[2022-08-29 17:47:28,159: INFO: tabular]: Importing libraries
[2022-08-29 17:47:28,159: INFO: tabular]: Copying training dataset
[2022-08-29 17:47:28,160: INFO: tabular]: Defining folds
[2022-08-29 17:47:28,160: INFO: tabular]: Declaring metric variables
[2022-08-29 17:47:28,177: INFO: tabular]: Importing untrained model
[2022-08-29 17:47:28,191: INFO: tabular]: Gradient Boosting Regressor Imported succesfully
[2022-08-29 17:47:28,209: INFO: tabular]: Starting cross validation
[2022-08-29 17:47:28,210: INFO: tabular]: Cross validating with KFold(n_splits=10, random_state=6096, shuffle=True), n_jobs=-1
[2022-08-29 17:47:28,629: INFO: tabular]: Calculating mean and std
[2022-08-29 17:47:28,630: INFO: tabular]: Creating metrics dataframe
[2022-08-29 17:47:28,634: INFO: tabular]: Uploading results into container
[2022-08-29 17:47:28,635: INFO: tabular]: Uploading model into container now
[2022-08-29 17:47:28,635: INFO: tabular]: create_model_container: 16
[2022-08-29 17:47:28,635: INFO: tabular]: master_model_container: 16
[2022-08-29 17:47:28,635: INFO: tabular]: display_container: 2
[2022-08-29 17:47:28,635: INFO: tabular]: GradientBoostingRegressor(alpha=0.9, ccp_alpha=0.0, criterion='friedman_mse',
                          init=None, learning_rate=0.1, loss='ls', max_depth=3,
                          max_features=None, max_leaf_nodes=None,
                          min_impurity_decrease=0.0, min_impurity_split=None,
                          min_samples_leaf=1, min_samples_split=2,
                          min_weight_fraction_leaf=0.0, n_estimators=100,
                          n_iter_no_change=None, presort='deprecated',
                          random_state=6096, subsample=1.0, tol=0.0001,
                          validation_fraction=0.1, verbose=0, warm_start=False)
[2022-08-29 17:47:28,636: INFO: tabular]: create_model() succesfully completed......................................
[2022-08-29 17:47:28,701: INFO: tabular]: SubProcess create_model() end ==================================
[2022-08-29 17:47:28,701: INFO: tabular]: Creating metrics dataframe
[2022-08-29 17:47:28,710: INFO: tabular]: Initializing Light Gradient Boosting Machine
[2022-08-29 17:47:28,710: INFO: tabular]: Total runtime is 0.3562550306320189 minutes
[2022-08-29 17:47:28,719: INFO: tabular]: SubProcess create_model() called ==================================
[2022-08-29 17:47:28,719: INFO: tabular]: Initializing create_model()
[2022-08-29 17:47:28,720: INFO: tabular]: create_model(estimator=lightgbm, fold=KFold(n_splits=10, random_state=6096, shuffle=True), round=4, cross_validation=True, predict=True, fit_kwargs={}, groups=None, refit=False, verbose=False, system=False, metrics=None, experiment_custom_tags=None, add_to_model_list=True, probability_threshold=None, display=<pycaret.internal.Display.Display object at 0x0000012A99BF1F88>, return_train_score=False, kwargs={})
[2022-08-29 17:47:28,720: INFO: tabular]: Checking exceptions
[2022-08-29 17:47:28,720: INFO: tabular]: Importing libraries
[2022-08-29 17:47:28,720: INFO: tabular]: Copying training dataset
[2022-08-29 17:47:28,721: INFO: tabular]: Defining folds
[2022-08-29 17:47:28,721: INFO: tabular]: Declaring metric variables
[2022-08-29 17:47:28,731: INFO: tabular]: Importing untrained model
[2022-08-29 17:47:28,743: INFO: tabular]: Light Gradient Boosting Machine Imported succesfully
[2022-08-29 17:47:28,764: INFO: tabular]: Starting cross validation
[2022-08-29 17:47:28,767: INFO: tabular]: Cross validating with KFold(n_splits=10, random_state=6096, shuffle=True), n_jobs=-1
[2022-08-29 17:47:29,030: INFO: tabular]: Calculating mean and std
[2022-08-29 17:47:29,031: INFO: tabular]: Creating metrics dataframe
[2022-08-29 17:47:29,036: INFO: tabular]: Uploading results into container
[2022-08-29 17:47:29,037: INFO: tabular]: Uploading model into container now
[2022-08-29 17:47:29,037: INFO: tabular]: create_model_container: 17
[2022-08-29 17:47:29,037: INFO: tabular]: master_model_container: 17
[2022-08-29 17:47:29,037: INFO: tabular]: display_container: 2
[2022-08-29 17:47:29,037: INFO: tabular]: LGBMRegressor(boosting_type='gbdt', class_weight=None, colsample_bytree=1.0,
              importance_type='split', learning_rate=0.1, max_depth=-1,
              min_child_samples=20, min_child_weight=0.001, min_split_gain=0.0,
              n_estimators=100, n_jobs=-1, num_leaves=31, objective=None,
              random_state=6096, reg_alpha=0.0, reg_lambda=0.0, silent='warn',
              subsample=1.0, subsample_for_bin=200000, subsample_freq=0)
[2022-08-29 17:47:29,037: INFO: tabular]: create_model() succesfully completed......................................
[2022-08-29 17:47:29,099: INFO: tabular]: SubProcess create_model() end ==================================
[2022-08-29 17:47:29,101: INFO: tabular]: Creating metrics dataframe
[2022-08-29 17:47:29,109: INFO: tabular]: Initializing Dummy Regressor
[2022-08-29 17:47:29,109: INFO: tabular]: Total runtime is 0.3629023273785908 minutes
[2022-08-29 17:47:29,115: INFO: tabular]: SubProcess create_model() called ==================================
[2022-08-29 17:47:29,116: INFO: tabular]: Initializing create_model()
[2022-08-29 17:47:29,116: INFO: tabular]: create_model(estimator=dummy, fold=KFold(n_splits=10, random_state=6096, shuffle=True), round=4, cross_validation=True, predict=True, fit_kwargs={}, groups=None, refit=False, verbose=False, system=False, metrics=None, experiment_custom_tags=None, add_to_model_list=True, probability_threshold=None, display=<pycaret.internal.Display.Display object at 0x0000012A99BF1F88>, return_train_score=False, kwargs={})
[2022-08-29 17:47:29,116: INFO: tabular]: Checking exceptions
[2022-08-29 17:47:29,116: INFO: tabular]: Importing libraries
[2022-08-29 17:47:29,117: INFO: tabular]: Copying training dataset
[2022-08-29 17:47:29,119: INFO: tabular]: Defining folds
[2022-08-29 17:47:29,120: INFO: tabular]: Declaring metric variables
[2022-08-29 17:47:29,126: INFO: tabular]: Importing untrained model
[2022-08-29 17:47:29,133: INFO: tabular]: Dummy Regressor Imported succesfully
[2022-08-29 17:47:29,152: INFO: tabular]: Starting cross validation
[2022-08-29 17:47:29,153: INFO: tabular]: Cross validating with KFold(n_splits=10, random_state=6096, shuffle=True), n_jobs=-1
[2022-08-29 17:47:29,243: INFO: tabular]: Calculating mean and std
[2022-08-29 17:47:29,243: INFO: tabular]: Creating metrics dataframe
[2022-08-29 17:47:29,249: INFO: tabular]: Uploading results into container
[2022-08-29 17:47:29,250: INFO: tabular]: Uploading model into container now
[2022-08-29 17:47:29,250: INFO: tabular]: create_model_container: 18
[2022-08-29 17:47:29,250: INFO: tabular]: master_model_container: 18
[2022-08-29 17:47:29,250: INFO: tabular]: display_container: 2
[2022-08-29 17:47:29,250: INFO: tabular]: DummyRegressor(constant=None, quantile=None, strategy='mean')
[2022-08-29 17:47:29,250: INFO: tabular]: create_model() succesfully completed......................................
[2022-08-29 17:47:29,317: INFO: tabular]: SubProcess create_model() end ==================================
[2022-08-29 17:47:29,317: INFO: tabular]: Creating metrics dataframe
[2022-08-29 17:47:29,344: INFO: tabular]: Initializing create_model()
[2022-08-29 17:47:29,344: INFO: tabular]: create_model(estimator=LGBMRegressor(boosting_type='gbdt', class_weight=None, colsample_bytree=1.0,
              importance_type='split', learning_rate=0.1, max_depth=-1,
              min_child_samples=20, min_child_weight=0.001, min_split_gain=0.0,
              n_estimators=100, n_jobs=-1, num_leaves=31, objective=None,
              random_state=6096, reg_alpha=0.0, reg_lambda=0.0, silent='warn',
              subsample=1.0, subsample_for_bin=200000, subsample_freq=0), fold=KFold(n_splits=10, random_state=6096, shuffle=True), round=4, cross_validation=False, predict=False, fit_kwargs={}, groups=None, refit=True, verbose=False, system=False, metrics=None, experiment_custom_tags=None, add_to_model_list=True, probability_threshold=None, display=None, return_train_score=False, kwargs={})
[2022-08-29 17:47:29,345: INFO: tabular]: Checking exceptions
[2022-08-29 17:47:29,345: INFO: tabular]: Importing libraries
[2022-08-29 17:47:29,345: INFO: tabular]: Copying training dataset
[2022-08-29 17:47:29,346: INFO: tabular]: Defining folds
[2022-08-29 17:47:29,346: INFO: tabular]: Declaring metric variables
[2022-08-29 17:47:29,346: INFO: tabular]: Importing untrained model
[2022-08-29 17:47:29,346: INFO: tabular]: Declaring custom model
[2022-08-29 17:47:29,347: INFO: tabular]: Light Gradient Boosting Machine Imported succesfully
[2022-08-29 17:47:29,347: INFO: tabular]: Cross validation set to False
[2022-08-29 17:47:29,347: INFO: tabular]: Fitting Model
[2022-08-29 17:47:29,416: INFO: tabular]: LGBMRegressor(boosting_type='gbdt', class_weight=None, colsample_bytree=1.0,
              importance_type='split', learning_rate=0.1, max_depth=-1,
              min_child_samples=20, min_child_weight=0.001, min_split_gain=0.0,
              n_estimators=100, n_jobs=-1, num_leaves=31, objective=None,
              random_state=6096, reg_alpha=0.0, reg_lambda=0.0, silent='warn',
              subsample=1.0, subsample_for_bin=200000, subsample_freq=0)
[2022-08-29 17:47:29,416: INFO: tabular]: create_models() succesfully completed......................................
[2022-08-29 17:47:29,515: INFO: tabular]: create_model_container: 18
[2022-08-29 17:47:29,515: INFO: tabular]: master_model_container: 18
[2022-08-29 17:47:29,516: INFO: tabular]: display_container: 2
[2022-08-29 17:47:29,516: INFO: tabular]: LGBMRegressor(boosting_type='gbdt', class_weight=None, colsample_bytree=1.0,
              importance_type='split', learning_rate=0.1, max_depth=-1,
              min_child_samples=20, min_child_weight=0.001, min_split_gain=0.0,
              n_estimators=100, n_jobs=-1, num_leaves=31, objective=None,
              random_state=6096, reg_alpha=0.0, reg_lambda=0.0, silent='warn',
              subsample=1.0, subsample_for_bin=200000, subsample_freq=0)
[2022-08-29 17:47:29,517: INFO: tabular]: compare_models() succesfully completed......................................
[2022-08-29 17:47:29,517: INFO: tabular]: Initializing tune_model()
[2022-08-29 17:47:29,517: INFO: tabular]: tune_model(estimator=LGBMRegressor(boosting_type='gbdt', class_weight=None, colsample_bytree=1.0,
              importance_type='split', learning_rate=0.1, max_depth=-1,
              min_child_samples=20, min_child_weight=0.001, min_split_gain=0.0,
              n_estimators=100, n_jobs=-1, num_leaves=31, objective=None,
              random_state=6096, reg_alpha=0.0, reg_lambda=0.0, silent='warn',
              subsample=1.0, subsample_for_bin=200000, subsample_freq=0), fold=None, round=4, n_iter=10, custom_grid=None, optimize=R2, custom_scorer=None, search_library=scikit-learn, search_algorithm=None, early_stopping=False, early_stopping_max_iters=10, choose_better=False, fit_kwargs=None, groups=None, return_tuner=False, verbose=True, tuner_verbose=True, display=None, return_train_score=False, kwargs={})
[2022-08-29 17:47:29,518: INFO: tabular]: Checking exceptions
[2022-08-29 17:47:29,518: INFO: Display]: Preparing display monitor
[2022-08-29 17:47:29,534: INFO: tabular]: Copying training dataset
[2022-08-29 17:47:29,535: INFO: tabular]: Checking base model
[2022-08-29 17:47:29,535: INFO: tabular]: Base model : Light Gradient Boosting Machine
[2022-08-29 17:47:29,550: INFO: tabular]: Declaring metric variables
[2022-08-29 17:47:29,565: INFO: tabular]: Defining Hyperparameters
[2022-08-29 17:47:29,630: INFO: tabular]: Tuning with n_jobs=-1
[2022-08-29 17:47:29,630: INFO: tabular]: Initializing RandomizedSearchCV
[2022-08-29 17:47:31,693: INFO: tabular]: best_params: {'actual_estimator__reg_lambda': 0.5, 'actual_estimator__reg_alpha': 5, 'actual_estimator__num_leaves': 200, 'actual_estimator__n_estimators': 270, 'actual_estimator__min_split_gain': 0.9, 'actual_estimator__min_child_samples': 51, 'actual_estimator__learning_rate': 0.5, 'actual_estimator__feature_fraction': 0.8, 'actual_estimator__bagging_freq': 6, 'actual_estimator__bagging_fraction': 0.8}
[2022-08-29 17:47:31,693: INFO: tabular]: Hyperparameter search completed
[2022-08-29 17:47:31,693: INFO: tabular]: SubProcess create_model() called ==================================
[2022-08-29 17:47:31,694: INFO: tabular]: Initializing create_model()
[2022-08-29 17:47:31,694: INFO: tabular]: create_model(estimator=LGBMRegressor(boosting_type='gbdt', class_weight=None, colsample_bytree=1.0,
              importance_type='split', learning_rate=0.1, max_depth=-1,
              min_child_samples=20, min_child_weight=0.001, min_split_gain=0.0,
              n_estimators=100, n_jobs=-1, num_leaves=31, objective=None,
              random_state=6096, reg_alpha=0.0, reg_lambda=0.0, silent='warn',
              subsample=1.0, subsample_for_bin=200000, subsample_freq=0), fold=KFold(n_splits=10, random_state=6096, shuffle=True), round=4, cross_validation=True, predict=True, fit_kwargs={}, groups=None, refit=True, verbose=True, system=False, metrics=None, experiment_custom_tags=None, add_to_model_list=True, probability_threshold=None, display=<pycaret.internal.Display.Display object at 0x0000012A9730A2C8>, return_train_score=False, kwargs={'reg_lambda': 0.5, 'reg_alpha': 5, 'num_leaves': 200, 'n_estimators': 270, 'min_split_gain': 0.9, 'min_child_samples': 51, 'learning_rate': 0.5, 'feature_fraction': 0.8, 'bagging_freq': 6, 'bagging_fraction': 0.8})
[2022-08-29 17:47:31,694: INFO: tabular]: Checking exceptions
[2022-08-29 17:47:31,694: INFO: tabular]: Importing libraries
[2022-08-29 17:47:31,695: INFO: tabular]: Copying training dataset
[2022-08-29 17:47:31,695: INFO: tabular]: Defining folds
[2022-08-29 17:47:31,695: INFO: tabular]: Declaring metric variables
[2022-08-29 17:47:31,707: INFO: tabular]: Importing untrained model
[2022-08-29 17:47:31,707: INFO: tabular]: Declaring custom model
[2022-08-29 17:47:31,725: INFO: tabular]: Light Gradient Boosting Machine Imported succesfully
[2022-08-29 17:47:31,752: INFO: tabular]: Starting cross validation
[2022-08-29 17:47:31,753: INFO: tabular]: Cross validating with KFold(n_splits=10, random_state=6096, shuffle=True), n_jobs=-1
[2022-08-29 17:47:31,989: INFO: tabular]: Calculating mean and std
[2022-08-29 17:47:31,990: INFO: tabular]: Creating metrics dataframe
[2022-08-29 17:47:32,002: INFO: tabular]: Finalizing model
[2022-08-29 17:47:32,084: INFO: tabular]: Uploading results into container
[2022-08-29 17:47:32,084: INFO: tabular]: Uploading model into container now
[2022-08-29 17:47:32,084: INFO: tabular]: create_model_container: 19
[2022-08-29 17:47:32,084: INFO: tabular]: master_model_container: 19
[2022-08-29 17:47:32,084: INFO: tabular]: display_container: 3
[2022-08-29 17:47:32,084: INFO: tabular]: LGBMRegressor(bagging_fraction=0.8, bagging_freq=6, boosting_type='gbdt',
              class_weight=None, colsample_bytree=1.0, feature_fraction=0.8,
              importance_type='split', learning_rate=0.5, max_depth=-1,
              min_child_samples=51, min_child_weight=0.001, min_split_gain=0.9,
              n_estimators=270, n_jobs=-1, num_leaves=200, objective=None,
              random_state=6096, reg_alpha=5, reg_lambda=0.5, silent='warn',
              subsample=1.0, subsample_for_bin=200000, subsample_freq=0)
[2022-08-29 17:47:32,084: INFO: tabular]: create_model() succesfully completed......................................
[2022-08-29 17:47:32,151: INFO: tabular]: SubProcess create_model() end ==================================
[2022-08-29 17:47:32,157: INFO: tabular]: create_model_container: 19
[2022-08-29 17:47:32,157: INFO: tabular]: master_model_container: 19
[2022-08-29 17:47:32,157: INFO: tabular]: display_container: 3
[2022-08-29 17:47:32,158: INFO: tabular]: LGBMRegressor(bagging_fraction=0.8, bagging_freq=6, boosting_type='gbdt',
              class_weight=None, colsample_bytree=1.0, feature_fraction=0.8,
              importance_type='split', learning_rate=0.5, max_depth=-1,
              min_child_samples=51, min_child_weight=0.001, min_split_gain=0.9,
              n_estimators=270, n_jobs=-1, num_leaves=200, objective=None,
              random_state=6096, reg_alpha=5, reg_lambda=0.5, silent='warn',
              subsample=1.0, subsample_for_bin=200000, subsample_freq=0)
[2022-08-29 17:47:32,158: INFO: tabular]: tune_model() succesfully completed......................................
[2022-08-29 17:47:32,224: INFO: tabular]: Initializing finalize_model()
[2022-08-29 17:47:32,224: INFO: tabular]: finalize_model(estimator=LGBMRegressor(bagging_fraction=0.8, bagging_freq=6, boosting_type='gbdt',
              class_weight=None, colsample_bytree=1.0, feature_fraction=0.8,
              importance_type='split', learning_rate=0.5, max_depth=-1,
              min_child_samples=51, min_child_weight=0.001, min_split_gain=0.9,
              n_estimators=270, n_jobs=-1, num_leaves=200, objective=None,
              random_state=6096, reg_alpha=5, reg_lambda=0.5, silent='warn',
              subsample=1.0, subsample_for_bin=200000, subsample_freq=0), fit_kwargs=None, groups=None, model_only=True, display=None, experiment_custom_tags=None, return_train_score=False)
[2022-08-29 17:47:32,224: INFO: tabular]: Finalizing LGBMRegressor(bagging_fraction=0.8, bagging_freq=6, boosting_type='gbdt',
              class_weight=None, colsample_bytree=1.0, feature_fraction=0.8,
              importance_type='split', learning_rate=0.5, max_depth=-1,
              min_child_samples=51, min_child_weight=0.001, min_split_gain=0.9,
              n_estimators=270, n_jobs=-1, num_leaves=200, objective=None,
              random_state=6096, reg_alpha=5, reg_lambda=0.5, silent='warn',
              subsample=1.0, subsample_for_bin=200000, subsample_freq=0)
[2022-08-29 17:47:32,226: INFO: tabular]: Initializing create_model()
[2022-08-29 17:47:32,226: INFO: tabular]: create_model(estimator=LGBMRegressor(bagging_fraction=0.8, bagging_freq=6, boosting_type='gbdt',
              class_weight=None, colsample_bytree=1.0, feature_fraction=0.8,
              importance_type='split', learning_rate=0.5, max_depth=-1,
              min_child_samples=51, min_child_weight=0.001, min_split_gain=0.9,
              n_estimators=270, n_jobs=-1, num_leaves=200, objective=None,
              random_state=6096, reg_alpha=5, reg_lambda=0.5, silent='warn',
              subsample=1.0, subsample_for_bin=200000, subsample_freq=0), fold=None, round=4, cross_validation=True, predict=True, fit_kwargs={}, groups=None, refit=True, verbose=False, system=False, metrics=None, experiment_custom_tags=None, add_to_model_list=False, probability_threshold=None, display=None, return_train_score=False, kwargs={})
[2022-08-29 17:47:32,226: INFO: tabular]: Checking exceptions
[2022-08-29 17:47:32,226: INFO: tabular]: Importing libraries
[2022-08-29 17:47:32,227: INFO: tabular]: Copying training dataset
[2022-08-29 17:47:32,227: INFO: tabular]: Defining folds
[2022-08-29 17:47:32,227: INFO: tabular]: Declaring metric variables
[2022-08-29 17:47:32,227: INFO: tabular]: Importing untrained model
[2022-08-29 17:47:32,227: INFO: tabular]: Declaring custom model
[2022-08-29 17:47:32,228: INFO: tabular]: Light Gradient Boosting Machine Imported succesfully
[2022-08-29 17:47:32,228: INFO: tabular]: Starting cross validation
[2022-08-29 17:47:32,229: INFO: tabular]: Cross validating with KFold(n_splits=10, random_state=6096, shuffle=True), n_jobs=-1
[2022-08-29 17:47:32,461: INFO: tabular]: Calculating mean and std
[2022-08-29 17:47:32,461: INFO: tabular]: Creating metrics dataframe
[2022-08-29 17:47:32,464: INFO: tabular]: Finalizing model
[2022-08-29 17:47:32,529: INFO: tabular]: create_model_container: 19
[2022-08-29 17:47:32,530: INFO: tabular]: master_model_container: 19
[2022-08-29 17:47:32,530: INFO: tabular]: display_container: 4
[2022-08-29 17:47:32,531: INFO: tabular]: LGBMRegressor(bagging_fraction=0.8, bagging_freq=6, boosting_type='gbdt',
              class_weight=None, colsample_bytree=1.0, feature_fraction=0.8,
              importance_type='split', learning_rate=0.5, max_depth=-1,
              min_child_samples=51, min_child_weight=0.001, min_split_gain=0.9,
              n_estimators=270, n_jobs=-1, num_leaves=200, objective=None,
              random_state=6096, reg_alpha=5, reg_lambda=0.5, silent='warn',
              subsample=1.0, subsample_for_bin=200000, subsample_freq=0)
[2022-08-29 17:47:32,531: INFO: tabular]: create_model() succesfully completed......................................
[2022-08-29 17:47:32,602: INFO: tabular]: create_model_container: 19
[2022-08-29 17:47:32,602: INFO: tabular]: master_model_container: 19
[2022-08-29 17:47:32,602: INFO: tabular]: display_container: 3
[2022-08-29 17:47:32,603: INFO: tabular]: LGBMRegressor(bagging_fraction=0.8, bagging_freq=6, boosting_type='gbdt',
              class_weight=None, colsample_bytree=1.0, feature_fraction=0.8,
              importance_type='split', learning_rate=0.5, max_depth=-1,
              min_child_samples=51, min_child_weight=0.001, min_split_gain=0.9,
              n_estimators=270, n_jobs=-1, num_leaves=200, objective=None,
              random_state=6096, reg_alpha=5, reg_lambda=0.5, silent='warn',
              subsample=1.0, subsample_for_bin=200000, subsample_freq=0)
[2022-08-29 17:47:32,603: INFO: tabular]: finalize_model() succesfully completed......................................
[2022-08-29 17:47:32,664: INFO: model_training]: Best model found sucessfully
[2022-08-29 17:47:32,670: INFO: model_training]: Experiment results saved successfully at artifacts\MODEL_TRAINER\experiment_results.csv
[2022-08-29 17:47:32,678: INFO: model_training]: Best Model saved successfully at prediction_service/models\model.pkl
[2022-08-29 17:47:32,678: INFO: stage_03_model_training]: >>>>>>>>> Model Training Stage 03 Completed <<<<<<<<<
