[2022-08-31 09:05:50,599: INFO: stage_03_model_training]: >>>>>>>>> Model Training Stage 03 Started <<<<<<<<<
[2022-08-31 09:05:50,631: INFO: model_training]: Training Data Loaded successfully
[2022-08-31 09:05:50,631: INFO: tabular]: PyCaret Supervised Module
[2022-08-31 09:05:50,632: INFO: tabular]: ML Usecase: regression
[2022-08-31 09:05:50,632: INFO: tabular]: version 2.3.10
[2022-08-31 09:05:50,632: INFO: tabular]: Initializing setup()
[2022-08-31 09:05:50,632: INFO: tabular]: setup(target=concrete_compressive_strength, ml_usecase=regression, available_plots={'parameter': 'Hyperparameters', 'residuals': 'Residuals', 'error': 'Prediction Error', 'cooks': 'Cooks Distance', 'rfe': 'Feature Selection', 'learning': 'Learning Curve', 'manifold': 'Manifold Learning', 'vc': 'Validation Curve', 'feature': 'Feature Importance', 'feature_all': 'Feature Importance (All)', 'tree': 'Decision Tree', 'residuals_interactive': 'Interactive Residuals'}, train_size=0.8, test_data=None, preprocess=False, imputation_type=simple, iterative_imputation_iters=5, categorical_features=None, categorical_imputation=constant, categorical_iterative_imputer=lightgbm, ordinal_features=None, high_cardinality_features=None, high_cardinality_method=frequency, numeric_features=None, numeric_imputation=mean, numeric_iterative_imputer=lightgbm, date_features=None, ignore_features=None, normalize=False, normalize_method=zscore, transformation=False, transformation_method=yeo-johnson, handle_unknown_categorical=True, unknown_categorical_method=least_frequent, pca=False, pca_method=linear, pca_components=None, ignore_low_variance=False, combine_rare_levels=False, rare_level_threshold=0.1, bin_numeric_features=None, remove_outliers=False, outliers_threshold=0.05, remove_multicollinearity=False, multicollinearity_threshold=0.9, remove_perfect_collinearity=True, create_clusters=False, cluster_iter=20, polynomial_features=False, polynomial_degree=2, trigonometry_features=False, polynomial_threshold=0.1, group_features=None, group_names=None, feature_selection=False, feature_selection_threshold=0.8, feature_selection_method=classic, feature_interaction=False, feature_ratio=False, interaction_threshold=0.01, fix_imbalance=False, fix_imbalance_method=None, transform_target=False, transform_target_method=box-cox, data_split_shuffle=True, data_split_stratify=False, fold_strategy=kfold, fold=10, fold_shuffle=True, fold_groups=None, n_jobs=-1, use_gpu=False, custom_pipeline=None, html=True, session_id=None, log_experiment=False, experiment_name=None, experiment_custom_tags=None, log_plots=False, log_profile=False, log_data=False, silent=True, verbose=True, profile=False, profile_kwargs=None, display=None)
[2022-08-31 09:05:50,633: INFO: tabular]: Checking environment
[2022-08-31 09:05:50,633: INFO: tabular]: python_version: 3.7.13
[2022-08-31 09:05:50,633: INFO: tabular]: python_build: ('default', 'Mar 28 2022 08:03:21')
[2022-08-31 09:05:50,633: INFO: tabular]: machine: AMD64
[2022-08-31 09:05:50,634: INFO: tabular]: platform: Windows-10-10.0.22000-SP0
[2022-08-31 09:05:50,634: INFO: tabular]: Memory: svmem(total=8394625024, available=1137180672, percent=86.5, used=7257444352, free=1137180672)
[2022-08-31 09:05:50,635: INFO: tabular]: Physical Core: 4
[2022-08-31 09:05:50,635: INFO: tabular]: Logical Core: 8
[2022-08-31 09:05:50,635: INFO: tabular]: Checking libraries
[2022-08-31 09:05:50,635: INFO: tabular]: pd==1.3.5
[2022-08-31 09:05:50,635: INFO: tabular]: numpy==1.19.5
[2022-08-31 09:05:50,635: INFO: tabular]: sklearn==0.23.2
[2022-08-31 09:05:50,636: INFO: tabular]: lightgbm==3.3.2
[2022-08-31 09:05:50,636: WARNING: tabular]: catboost not found
[2022-08-31 09:05:50,637: WARNING: tabular]: xgboost not found
[2022-08-31 09:05:50,637: INFO: tabular]: mlflow==1.28.0
[2022-08-31 09:05:50,638: INFO: tabular]: Checking Exceptions
[2022-08-31 09:05:50,638: INFO: tabular]: Declaring global variables
[2022-08-31 09:05:50,638: INFO: tabular]: USI: 268e
[2022-08-31 09:05:50,638: INFO: tabular]: pycaret_globals: {'fold_generator', 'html_param', '_all_models_internal', '_ml_usecase', 'experiment__', 'imputation_regressor', 'X', 'pycaret_globals', '_gpu_n_jobs_param', 'iterative_imputation_iters_param', 'y_train', 'data_before_preprocess', 'create_model_container', 'imputation_classifier', 'X_train', 'fix_imbalance_param', 'n_jobs_param', 'log_plots_param', 'fold_groups_param_full', 'y_test', '_all_models', 'gpu_param', '_available_plots', 'X_test', '_all_metrics', 'target_param', 'seed', 'dashboard_logger', 'logging_param', 'transform_target_method_param', '_internal_pipeline', 'prep_pipe', 'fix_imbalance_method_param', 'y', 'stratify_param', 'transform_target_param', 'fold_param', 'fold_shuffle_param', 'exp_name_log', 'fold_groups_param', 'master_model_container', 'USI', 'display_container'}
[2022-08-31 09:05:50,639: INFO: tabular]: Preparing display monitor
[2022-08-31 09:05:50,639: INFO: Display]: Preparing display monitor
[2022-08-31 09:05:50,660: INFO: tabular]: Importing libraries
[2022-08-31 09:05:50,661: INFO: tabular]: Copying data for preprocessing
[2022-08-31 09:05:50,671: INFO: tabular]: Declaring preprocessing parameters
[2022-08-31 09:05:50,673: INFO: tabular]: Creating preprocessing pipeline
[2022-08-31 09:05:50,689: INFO: tabular]: Preprocessing pipeline created successfully
[2022-08-31 09:05:50,689: ERROR: tabular]: (Process Exit): setup has been interupted with user command 'quit'. setup must rerun.
[2022-08-31 09:05:50,689: INFO: tabular]: Creating global containers
[2022-08-31 09:05:50,692: INFO: tabular]: Internal pipeline: Pipeline(memory=None, steps=[('empty_step', 'passthrough')], verbose=False)
[2022-08-31 09:05:50,909: WARNING: regression]: Couldn't import xgboost.XGBRegressor
[2022-08-31 09:05:50,909: WARNING: regression]: Couldn't import catboost.CatBoostRegressor
[2022-08-31 09:05:51,029: WARNING: regression]: Couldn't import xgboost.XGBRegressor
[2022-08-31 09:05:51,030: WARNING: regression]: Couldn't import catboost.CatBoostRegressor
[2022-08-31 09:05:51,030: INFO: tabular]: Creating grid variables
[2022-08-31 09:05:51,034: INFO: tabular]: create_model_container: 0
[2022-08-31 09:05:51,035: INFO: tabular]: master_model_container: 0
[2022-08-31 09:05:51,035: INFO: tabular]: display_container: 1
[2022-08-31 09:05:51,036: INFO: tabular]: Pipeline(memory=None,
         steps=[('dtypes',
                 DataTypes_Auto_infer(categorical_features=[],
                                      display_types=False, features_todrop=[],
                                      id_columns=[], ml_usecase='regression',
                                      numerical_features=[],
                                      target='concrete_compressive_strength',
                                      time_features=[]))],
         verbose=False)
[2022-08-31 09:05:51,036: INFO: tabular]: setup() succesfully completed......................................
[2022-08-31 09:05:51,115: INFO: tabular]: Initializing compare_models()
[2022-08-31 09:05:51,115: INFO: tabular]: compare_models(include=None, fold=None, round=4, cross_validation=True, sort=R2, n_select=1, budget_time=None, turbo=True, errors=ignore, fit_kwargs=None, groups=None, experiment_custom_tags=None, probability_threshold=None, verbose=True, display=None, exclude=None)
[2022-08-31 09:05:51,115: INFO: tabular]: Checking exceptions
[2022-08-31 09:05:51,116: INFO: tabular]: Preparing display monitor
[2022-08-31 09:05:51,116: INFO: Display]: Preparing display monitor
[2022-08-31 09:05:51,145: INFO: tabular]: Initializing Linear Regression
[2022-08-31 09:05:51,146: INFO: tabular]: Total runtime is 1.6645590464274088e-05 minutes
[2022-08-31 09:05:51,152: INFO: tabular]: SubProcess create_model() called ==================================
[2022-08-31 09:05:51,152: INFO: tabular]: Initializing create_model()
[2022-08-31 09:05:51,153: INFO: tabular]: create_model(estimator=lr, fold=KFold(n_splits=10, random_state=3770, shuffle=True), round=4, cross_validation=True, predict=True, fit_kwargs={}, groups=None, refit=False, verbose=False, system=False, metrics=None, experiment_custom_tags=None, add_to_model_list=True, probability_threshold=None, display=<pycaret.internal.Display.Display object at 0x0000028E5012A888>, return_train_score=False, kwargs={})
[2022-08-31 09:05:51,153: INFO: tabular]: Checking exceptions
[2022-08-31 09:05:51,153: INFO: tabular]: Importing libraries
[2022-08-31 09:05:51,153: INFO: tabular]: Copying training dataset
[2022-08-31 09:05:51,154: INFO: tabular]: Defining folds
[2022-08-31 09:05:51,154: INFO: tabular]: Declaring metric variables
[2022-08-31 09:05:51,166: INFO: tabular]: Importing untrained model
[2022-08-31 09:05:51,172: INFO: tabular]: Linear Regression Imported succesfully
[2022-08-31 09:05:51,194: INFO: tabular]: Starting cross validation
[2022-08-31 09:05:51,212: INFO: tabular]: Cross validating with KFold(n_splits=10, random_state=3770, shuffle=True), n_jobs=-1
[2022-08-31 09:05:58,441: INFO: tabular]: Calculating mean and std
[2022-08-31 09:05:58,442: INFO: tabular]: Creating metrics dataframe
[2022-08-31 09:05:58,457: INFO: tabular]: Uploading results into container
[2022-08-31 09:05:58,457: INFO: tabular]: Uploading model into container now
[2022-08-31 09:05:58,457: INFO: tabular]: create_model_container: 1
[2022-08-31 09:05:58,458: INFO: tabular]: master_model_container: 1
[2022-08-31 09:05:58,458: INFO: tabular]: display_container: 2
[2022-08-31 09:05:58,458: INFO: tabular]: LinearRegression(copy_X=True, fit_intercept=True, n_jobs=-1, normalize=False)
[2022-08-31 09:05:58,458: INFO: tabular]: create_model() succesfully completed......................................
[2022-08-31 09:05:58,540: INFO: tabular]: SubProcess create_model() end ==================================
[2022-08-31 09:05:58,540: INFO: tabular]: Creating metrics dataframe
[2022-08-31 09:05:58,568: INFO: tabular]: Initializing Lasso Regression
[2022-08-31 09:05:58,568: INFO: tabular]: Total runtime is 0.12372549772262573 minutes
[2022-08-31 09:05:58,580: INFO: tabular]: SubProcess create_model() called ==================================
[2022-08-31 09:05:58,581: INFO: tabular]: Initializing create_model()
[2022-08-31 09:05:58,582: INFO: tabular]: create_model(estimator=lasso, fold=KFold(n_splits=10, random_state=3770, shuffle=True), round=4, cross_validation=True, predict=True, fit_kwargs={}, groups=None, refit=False, verbose=False, system=False, metrics=None, experiment_custom_tags=None, add_to_model_list=True, probability_threshold=None, display=<pycaret.internal.Display.Display object at 0x0000028E5012A888>, return_train_score=False, kwargs={})
[2022-08-31 09:05:58,582: INFO: tabular]: Checking exceptions
[2022-08-31 09:05:58,582: INFO: tabular]: Importing libraries
[2022-08-31 09:05:58,582: INFO: tabular]: Copying training dataset
[2022-08-31 09:05:58,583: INFO: tabular]: Defining folds
[2022-08-31 09:05:58,583: INFO: tabular]: Declaring metric variables
[2022-08-31 09:05:58,597: INFO: tabular]: Importing untrained model
[2022-08-31 09:05:58,613: INFO: tabular]: Lasso Regression Imported succesfully
[2022-08-31 09:05:58,642: INFO: tabular]: Starting cross validation
[2022-08-31 09:05:58,643: INFO: tabular]: Cross validating with KFold(n_splits=10, random_state=3770, shuffle=True), n_jobs=-1
[2022-08-31 09:05:58,753: INFO: tabular]: Calculating mean and std
[2022-08-31 09:05:58,754: INFO: tabular]: Creating metrics dataframe
[2022-08-31 09:05:58,754: INFO: tabular]: Uploading results into container
[2022-08-31 09:05:58,754: INFO: tabular]: Uploading model into container now
[2022-08-31 09:05:58,754: INFO: tabular]: create_model_container: 2
[2022-08-31 09:05:58,754: INFO: tabular]: master_model_container: 2
[2022-08-31 09:05:58,754: INFO: tabular]: display_container: 2
[2022-08-31 09:05:58,754: INFO: tabular]: Lasso(alpha=1.0, copy_X=True, fit_intercept=True, max_iter=1000,
      normalize=False, positive=False, precompute=False, random_state=3770,
      selection='cyclic', tol=0.0001, warm_start=False)
[2022-08-31 09:05:58,754: INFO: tabular]: create_model() succesfully completed......................................
[2022-08-31 09:05:58,814: INFO: tabular]: SubProcess create_model() end ==================================
[2022-08-31 09:05:58,814: INFO: tabular]: Creating metrics dataframe
[2022-08-31 09:05:58,834: INFO: tabular]: Initializing Ridge Regression
[2022-08-31 09:05:58,834: INFO: tabular]: Total runtime is 0.1281590461730957 minutes
[2022-08-31 09:05:58,843: INFO: tabular]: SubProcess create_model() called ==================================
[2022-08-31 09:05:58,843: INFO: tabular]: Initializing create_model()
[2022-08-31 09:05:58,843: INFO: tabular]: create_model(estimator=ridge, fold=KFold(n_splits=10, random_state=3770, shuffle=True), round=4, cross_validation=True, predict=True, fit_kwargs={}, groups=None, refit=False, verbose=False, system=False, metrics=None, experiment_custom_tags=None, add_to_model_list=True, probability_threshold=None, display=<pycaret.internal.Display.Display object at 0x0000028E5012A888>, return_train_score=False, kwargs={})
[2022-08-31 09:05:58,844: INFO: tabular]: Checking exceptions
[2022-08-31 09:05:58,844: INFO: tabular]: Importing libraries
[2022-08-31 09:05:58,844: INFO: tabular]: Copying training dataset
[2022-08-31 09:05:58,844: INFO: tabular]: Defining folds
[2022-08-31 09:05:58,844: INFO: tabular]: Declaring metric variables
[2022-08-31 09:05:58,852: INFO: tabular]: Importing untrained model
[2022-08-31 09:05:58,859: INFO: tabular]: Ridge Regression Imported succesfully
[2022-08-31 09:05:58,876: INFO: tabular]: Starting cross validation
[2022-08-31 09:05:58,877: INFO: tabular]: Cross validating with KFold(n_splits=10, random_state=3770, shuffle=True), n_jobs=-1
[2022-08-31 09:05:58,981: INFO: tabular]: Calculating mean and std
[2022-08-31 09:05:58,982: INFO: tabular]: Creating metrics dataframe
[2022-08-31 09:05:58,989: INFO: tabular]: Uploading results into container
[2022-08-31 09:05:58,989: INFO: tabular]: Uploading model into container now
[2022-08-31 09:05:58,989: INFO: tabular]: create_model_container: 3
[2022-08-31 09:05:58,989: INFO: tabular]: master_model_container: 3
[2022-08-31 09:05:58,989: INFO: tabular]: display_container: 2
[2022-08-31 09:05:58,990: INFO: tabular]: Ridge(alpha=1.0, copy_X=True, fit_intercept=True, max_iter=None,
      normalize=False, random_state=3770, solver='auto', tol=0.001)
[2022-08-31 09:05:58,990: INFO: tabular]: create_model() succesfully completed......................................
[2022-08-31 09:05:59,060: INFO: tabular]: SubProcess create_model() end ==================================
[2022-08-31 09:05:59,060: INFO: tabular]: Creating metrics dataframe
[2022-08-31 09:05:59,067: INFO: tabular]: Initializing Elastic Net
[2022-08-31 09:05:59,068: INFO: tabular]: Total runtime is 0.1320617953936259 minutes
[2022-08-31 09:05:59,072: INFO: tabular]: SubProcess create_model() called ==================================
[2022-08-31 09:05:59,073: INFO: tabular]: Initializing create_model()
[2022-08-31 09:05:59,073: INFO: tabular]: create_model(estimator=en, fold=KFold(n_splits=10, random_state=3770, shuffle=True), round=4, cross_validation=True, predict=True, fit_kwargs={}, groups=None, refit=False, verbose=False, system=False, metrics=None, experiment_custom_tags=None, add_to_model_list=True, probability_threshold=None, display=<pycaret.internal.Display.Display object at 0x0000028E5012A888>, return_train_score=False, kwargs={})
[2022-08-31 09:05:59,073: INFO: tabular]: Checking exceptions
[2022-08-31 09:05:59,073: INFO: tabular]: Importing libraries
[2022-08-31 09:05:59,073: INFO: tabular]: Copying training dataset
[2022-08-31 09:05:59,074: INFO: tabular]: Defining folds
[2022-08-31 09:05:59,074: INFO: tabular]: Declaring metric variables
[2022-08-31 09:05:59,082: INFO: tabular]: Importing untrained model
[2022-08-31 09:05:59,088: INFO: tabular]: Elastic Net Imported succesfully
[2022-08-31 09:05:59,101: INFO: tabular]: Starting cross validation
[2022-08-31 09:05:59,102: INFO: tabular]: Cross validating with KFold(n_splits=10, random_state=3770, shuffle=True), n_jobs=-1
[2022-08-31 09:05:59,201: INFO: tabular]: Calculating mean and std
[2022-08-31 09:05:59,201: INFO: tabular]: Creating metrics dataframe
[2022-08-31 09:05:59,205: INFO: tabular]: Uploading results into container
[2022-08-31 09:05:59,205: INFO: tabular]: Uploading model into container now
[2022-08-31 09:05:59,205: INFO: tabular]: create_model_container: 4
[2022-08-31 09:05:59,205: INFO: tabular]: master_model_container: 4
[2022-08-31 09:05:59,205: INFO: tabular]: display_container: 2
[2022-08-31 09:05:59,206: INFO: tabular]: ElasticNet(alpha=1.0, copy_X=True, fit_intercept=True, l1_ratio=0.5,
           max_iter=1000, normalize=False, positive=False, precompute=False,
           random_state=3770, selection='cyclic', tol=0.0001, warm_start=False)
[2022-08-31 09:05:59,206: INFO: tabular]: create_model() succesfully completed......................................
[2022-08-31 09:05:59,263: INFO: tabular]: SubProcess create_model() end ==================================
[2022-08-31 09:05:59,263: INFO: tabular]: Creating metrics dataframe
[2022-08-31 09:05:59,270: INFO: tabular]: Initializing Least Angle Regression
[2022-08-31 09:05:59,270: INFO: tabular]: Total runtime is 0.13542823394139608 minutes
[2022-08-31 09:05:59,275: INFO: tabular]: SubProcess create_model() called ==================================
[2022-08-31 09:05:59,276: INFO: tabular]: Initializing create_model()
[2022-08-31 09:05:59,276: INFO: tabular]: create_model(estimator=lar, fold=KFold(n_splits=10, random_state=3770, shuffle=True), round=4, cross_validation=True, predict=True, fit_kwargs={}, groups=None, refit=False, verbose=False, system=False, metrics=None, experiment_custom_tags=None, add_to_model_list=True, probability_threshold=None, display=<pycaret.internal.Display.Display object at 0x0000028E5012A888>, return_train_score=False, kwargs={})
[2022-08-31 09:05:59,276: INFO: tabular]: Checking exceptions
[2022-08-31 09:05:59,276: INFO: tabular]: Importing libraries
[2022-08-31 09:05:59,276: INFO: tabular]: Copying training dataset
[2022-08-31 09:05:59,277: INFO: tabular]: Defining folds
[2022-08-31 09:05:59,277: INFO: tabular]: Declaring metric variables
[2022-08-31 09:05:59,282: INFO: tabular]: Importing untrained model
[2022-08-31 09:05:59,289: INFO: tabular]: Least Angle Regression Imported succesfully
[2022-08-31 09:05:59,304: INFO: tabular]: Starting cross validation
[2022-08-31 09:05:59,304: INFO: tabular]: Cross validating with KFold(n_splits=10, random_state=3770, shuffle=True), n_jobs=-1
[2022-08-31 09:05:59,375: INFO: tabular]: Calculating mean and std
[2022-08-31 09:05:59,375: INFO: tabular]: Creating metrics dataframe
[2022-08-31 09:05:59,379: INFO: tabular]: Uploading results into container
[2022-08-31 09:05:59,379: INFO: tabular]: Uploading model into container now
[2022-08-31 09:05:59,379: INFO: tabular]: create_model_container: 5
[2022-08-31 09:05:59,379: INFO: tabular]: master_model_container: 5
[2022-08-31 09:05:59,379: INFO: tabular]: display_container: 2
[2022-08-31 09:05:59,379: INFO: tabular]: Lars(copy_X=True, eps=2.220446049250313e-16, fit_intercept=True, fit_path=True,
     jitter=None, n_nonzero_coefs=500, normalize=True, precompute='auto',
     random_state=3770, verbose=False)
[2022-08-31 09:05:59,379: INFO: tabular]: create_model() succesfully completed......................................
[2022-08-31 09:05:59,447: INFO: tabular]: SubProcess create_model() end ==================================
[2022-08-31 09:05:59,447: INFO: tabular]: Creating metrics dataframe
[2022-08-31 09:05:59,457: INFO: tabular]: Initializing Lasso Least Angle Regression
[2022-08-31 09:05:59,457: INFO: tabular]: Total runtime is 0.13854687611262004 minutes
[2022-08-31 09:05:59,464: INFO: tabular]: SubProcess create_model() called ==================================
[2022-08-31 09:05:59,465: INFO: tabular]: Initializing create_model()
[2022-08-31 09:05:59,465: INFO: tabular]: create_model(estimator=llar, fold=KFold(n_splits=10, random_state=3770, shuffle=True), round=4, cross_validation=True, predict=True, fit_kwargs={}, groups=None, refit=False, verbose=False, system=False, metrics=None, experiment_custom_tags=None, add_to_model_list=True, probability_threshold=None, display=<pycaret.internal.Display.Display object at 0x0000028E5012A888>, return_train_score=False, kwargs={})
[2022-08-31 09:05:59,465: INFO: tabular]: Checking exceptions
[2022-08-31 09:05:59,465: INFO: tabular]: Importing libraries
[2022-08-31 09:05:59,466: INFO: tabular]: Copying training dataset
[2022-08-31 09:05:59,466: INFO: tabular]: Defining folds
[2022-08-31 09:05:59,466: INFO: tabular]: Declaring metric variables
[2022-08-31 09:05:59,476: INFO: tabular]: Importing untrained model
[2022-08-31 09:05:59,490: INFO: tabular]: Lasso Least Angle Regression Imported succesfully
[2022-08-31 09:05:59,503: INFO: tabular]: Starting cross validation
[2022-08-31 09:05:59,504: INFO: tabular]: Cross validating with KFold(n_splits=10, random_state=3770, shuffle=True), n_jobs=-1
[2022-08-31 09:05:59,580: INFO: tabular]: Calculating mean and std
[2022-08-31 09:05:59,580: INFO: tabular]: Creating metrics dataframe
[2022-08-31 09:05:59,581: INFO: tabular]: Uploading results into container
[2022-08-31 09:05:59,581: INFO: tabular]: Uploading model into container now
[2022-08-31 09:05:59,581: INFO: tabular]: create_model_container: 6
[2022-08-31 09:05:59,581: INFO: tabular]: master_model_container: 6
[2022-08-31 09:05:59,581: INFO: tabular]: display_container: 2
[2022-08-31 09:05:59,581: INFO: tabular]: LassoLars(alpha=1.0, copy_X=True, eps=2.220446049250313e-16, fit_intercept=True,
          fit_path=True, jitter=None, max_iter=500, normalize=True,
          positive=False, precompute='auto', random_state=3770, verbose=False)
[2022-08-31 09:05:59,581: INFO: tabular]: create_model() succesfully completed......................................
[2022-08-31 09:05:59,650: INFO: tabular]: SubProcess create_model() end ==================================
[2022-08-31 09:05:59,650: INFO: tabular]: Creating metrics dataframe
[2022-08-31 09:05:59,663: INFO: tabular]: Initializing Orthogonal Matching Pursuit
[2022-08-31 09:05:59,663: INFO: tabular]: Total runtime is 0.14197015364964805 minutes
[2022-08-31 09:05:59,670: INFO: tabular]: SubProcess create_model() called ==================================
[2022-08-31 09:05:59,671: INFO: tabular]: Initializing create_model()
[2022-08-31 09:05:59,671: INFO: tabular]: create_model(estimator=omp, fold=KFold(n_splits=10, random_state=3770, shuffle=True), round=4, cross_validation=True, predict=True, fit_kwargs={}, groups=None, refit=False, verbose=False, system=False, metrics=None, experiment_custom_tags=None, add_to_model_list=True, probability_threshold=None, display=<pycaret.internal.Display.Display object at 0x0000028E5012A888>, return_train_score=False, kwargs={})
[2022-08-31 09:05:59,671: INFO: tabular]: Checking exceptions
[2022-08-31 09:05:59,671: INFO: tabular]: Importing libraries
[2022-08-31 09:05:59,672: INFO: tabular]: Copying training dataset
[2022-08-31 09:05:59,672: INFO: tabular]: Defining folds
[2022-08-31 09:05:59,672: INFO: tabular]: Declaring metric variables
[2022-08-31 09:05:59,681: INFO: tabular]: Importing untrained model
[2022-08-31 09:05:59,704: INFO: tabular]: Orthogonal Matching Pursuit Imported succesfully
[2022-08-31 09:05:59,730: INFO: tabular]: Starting cross validation
[2022-08-31 09:05:59,731: INFO: tabular]: Cross validating with KFold(n_splits=10, random_state=3770, shuffle=True), n_jobs=-1
[2022-08-31 09:05:59,799: INFO: tabular]: Calculating mean and std
[2022-08-31 09:05:59,799: INFO: tabular]: Creating metrics dataframe
[2022-08-31 09:05:59,799: INFO: tabular]: Uploading results into container
[2022-08-31 09:05:59,799: INFO: tabular]: Uploading model into container now
[2022-08-31 09:05:59,799: INFO: tabular]: create_model_container: 7
[2022-08-31 09:05:59,799: INFO: tabular]: master_model_container: 7
[2022-08-31 09:05:59,799: INFO: tabular]: display_container: 2
[2022-08-31 09:05:59,807: INFO: tabular]: OrthogonalMatchingPursuit(fit_intercept=True, n_nonzero_coefs=None,
                          normalize=True, precompute='auto', tol=None)
[2022-08-31 09:05:59,807: INFO: tabular]: create_model() succesfully completed......................................
[2022-08-31 09:05:59,874: INFO: tabular]: SubProcess create_model() end ==================================
[2022-08-31 09:05:59,874: INFO: tabular]: Creating metrics dataframe
[2022-08-31 09:05:59,885: INFO: tabular]: Initializing Bayesian Ridge
[2022-08-31 09:05:59,885: INFO: tabular]: Total runtime is 0.14567513068517052 minutes
[2022-08-31 09:05:59,893: INFO: tabular]: SubProcess create_model() called ==================================
[2022-08-31 09:05:59,893: INFO: tabular]: Initializing create_model()
[2022-08-31 09:05:59,894: INFO: tabular]: create_model(estimator=br, fold=KFold(n_splits=10, random_state=3770, shuffle=True), round=4, cross_validation=True, predict=True, fit_kwargs={}, groups=None, refit=False, verbose=False, system=False, metrics=None, experiment_custom_tags=None, add_to_model_list=True, probability_threshold=None, display=<pycaret.internal.Display.Display object at 0x0000028E5012A888>, return_train_score=False, kwargs={})
[2022-08-31 09:05:59,894: INFO: tabular]: Checking exceptions
[2022-08-31 09:05:59,894: INFO: tabular]: Importing libraries
[2022-08-31 09:05:59,894: INFO: tabular]: Copying training dataset
[2022-08-31 09:05:59,895: INFO: tabular]: Defining folds
[2022-08-31 09:05:59,895: INFO: tabular]: Declaring metric variables
[2022-08-31 09:05:59,909: INFO: tabular]: Importing untrained model
[2022-08-31 09:05:59,919: INFO: tabular]: Bayesian Ridge Imported succesfully
[2022-08-31 09:05:59,932: INFO: tabular]: Starting cross validation
[2022-08-31 09:05:59,933: INFO: tabular]: Cross validating with KFold(n_splits=10, random_state=3770, shuffle=True), n_jobs=-1
[2022-08-31 09:06:00,002: INFO: tabular]: Calculating mean and std
[2022-08-31 09:06:00,002: INFO: tabular]: Creating metrics dataframe
[2022-08-31 09:06:00,002: INFO: tabular]: Uploading results into container
[2022-08-31 09:06:00,002: INFO: tabular]: Uploading model into container now
[2022-08-31 09:06:00,002: INFO: tabular]: create_model_container: 8
[2022-08-31 09:06:00,002: INFO: tabular]: master_model_container: 8
[2022-08-31 09:06:00,002: INFO: tabular]: display_container: 2
[2022-08-31 09:06:00,002: INFO: tabular]: BayesianRidge(alpha_1=1e-06, alpha_2=1e-06, alpha_init=None,
              compute_score=False, copy_X=True, fit_intercept=True,
              lambda_1=1e-06, lambda_2=1e-06, lambda_init=None, n_iter=300,
              normalize=False, tol=0.001, verbose=False)
[2022-08-31 09:06:00,002: INFO: tabular]: create_model() succesfully completed......................................
[2022-08-31 09:06:00,078: INFO: tabular]: SubProcess create_model() end ==================================
[2022-08-31 09:06:00,078: INFO: tabular]: Creating metrics dataframe
[2022-08-31 09:06:00,093: INFO: tabular]: Initializing Passive Aggressive Regressor
[2022-08-31 09:06:00,093: INFO: tabular]: Total runtime is 0.14913735389709476 minutes
[2022-08-31 09:06:00,102: INFO: tabular]: SubProcess create_model() called ==================================
[2022-08-31 09:06:00,103: INFO: tabular]: Initializing create_model()
[2022-08-31 09:06:00,103: INFO: tabular]: create_model(estimator=par, fold=KFold(n_splits=10, random_state=3770, shuffle=True), round=4, cross_validation=True, predict=True, fit_kwargs={}, groups=None, refit=False, verbose=False, system=False, metrics=None, experiment_custom_tags=None, add_to_model_list=True, probability_threshold=None, display=<pycaret.internal.Display.Display object at 0x0000028E5012A888>, return_train_score=False, kwargs={})
[2022-08-31 09:06:00,104: INFO: tabular]: Checking exceptions
[2022-08-31 09:06:00,104: INFO: tabular]: Importing libraries
[2022-08-31 09:06:00,104: INFO: tabular]: Copying training dataset
[2022-08-31 09:06:00,105: INFO: tabular]: Defining folds
[2022-08-31 09:06:00,105: INFO: tabular]: Declaring metric variables
[2022-08-31 09:06:00,114: INFO: tabular]: Importing untrained model
[2022-08-31 09:06:00,121: INFO: tabular]: Passive Aggressive Regressor Imported succesfully
[2022-08-31 09:06:00,133: INFO: tabular]: Starting cross validation
[2022-08-31 09:06:00,133: INFO: tabular]: Cross validating with KFold(n_splits=10, random_state=3770, shuffle=True), n_jobs=-1
[2022-08-31 09:06:00,236: INFO: tabular]: Calculating mean and std
[2022-08-31 09:06:00,237: INFO: tabular]: Creating metrics dataframe
[2022-08-31 09:06:00,242: INFO: tabular]: Uploading results into container
[2022-08-31 09:06:00,242: INFO: tabular]: Uploading model into container now
[2022-08-31 09:06:00,242: INFO: tabular]: create_model_container: 9
[2022-08-31 09:06:00,242: INFO: tabular]: master_model_container: 9
[2022-08-31 09:06:00,242: INFO: tabular]: display_container: 2
[2022-08-31 09:06:00,242: INFO: tabular]: PassiveAggressiveRegressor(C=1.0, average=False, early_stopping=False,
                           epsilon=0.1, fit_intercept=True,
                           loss='epsilon_insensitive', max_iter=1000,
                           n_iter_no_change=5, random_state=3770, shuffle=True,
                           tol=0.001, validation_fraction=0.1, verbose=0,
                           warm_start=False)
[2022-08-31 09:06:00,242: INFO: tabular]: create_model() succesfully completed......................................
[2022-08-31 09:06:00,312: INFO: tabular]: SubProcess create_model() end ==================================
[2022-08-31 09:06:00,312: INFO: tabular]: Creating metrics dataframe
[2022-08-31 09:06:00,326: INFO: tabular]: Initializing Huber Regressor
[2022-08-31 09:06:00,327: INFO: tabular]: Total runtime is 0.15303509235382085 minutes
[2022-08-31 09:06:00,333: INFO: tabular]: SubProcess create_model() called ==================================
[2022-08-31 09:06:00,334: INFO: tabular]: Initializing create_model()
[2022-08-31 09:06:00,334: INFO: tabular]: create_model(estimator=huber, fold=KFold(n_splits=10, random_state=3770, shuffle=True), round=4, cross_validation=True, predict=True, fit_kwargs={}, groups=None, refit=False, verbose=False, system=False, metrics=None, experiment_custom_tags=None, add_to_model_list=True, probability_threshold=None, display=<pycaret.internal.Display.Display object at 0x0000028E5012A888>, return_train_score=False, kwargs={})
[2022-08-31 09:06:00,334: INFO: tabular]: Checking exceptions
[2022-08-31 09:06:00,334: INFO: tabular]: Importing libraries
[2022-08-31 09:06:00,335: INFO: tabular]: Copying training dataset
[2022-08-31 09:06:00,335: INFO: tabular]: Defining folds
[2022-08-31 09:06:00,335: INFO: tabular]: Declaring metric variables
[2022-08-31 09:06:00,343: INFO: tabular]: Importing untrained model
[2022-08-31 09:06:00,350: INFO: tabular]: Huber Regressor Imported succesfully
[2022-08-31 09:06:00,366: INFO: tabular]: Starting cross validation
[2022-08-31 09:06:00,367: INFO: tabular]: Cross validating with KFold(n_splits=10, random_state=3770, shuffle=True), n_jobs=-1
[2022-08-31 09:06:00,467: INFO: tabular]: Calculating mean and std
[2022-08-31 09:06:00,468: INFO: tabular]: Creating metrics dataframe
[2022-08-31 09:06:00,470: INFO: tabular]: Uploading results into container
[2022-08-31 09:06:00,470: INFO: tabular]: Uploading model into container now
[2022-08-31 09:06:00,470: INFO: tabular]: create_model_container: 10
[2022-08-31 09:06:00,470: INFO: tabular]: master_model_container: 10
[2022-08-31 09:06:00,470: INFO: tabular]: display_container: 2
[2022-08-31 09:06:00,470: INFO: tabular]: HuberRegressor(alpha=0.0001, epsilon=1.35, fit_intercept=True, max_iter=100,
               tol=1e-05, warm_start=False)
[2022-08-31 09:06:00,470: INFO: tabular]: create_model() succesfully completed......................................
[2022-08-31 09:06:00,531: INFO: tabular]: SubProcess create_model() end ==================================
[2022-08-31 09:06:00,531: INFO: tabular]: Creating metrics dataframe
[2022-08-31 09:06:00,553: INFO: tabular]: Initializing K Neighbors Regressor
[2022-08-31 09:06:00,553: INFO: tabular]: Total runtime is 0.15681380033493048 minutes
[2022-08-31 09:06:00,560: INFO: tabular]: SubProcess create_model() called ==================================
[2022-08-31 09:06:00,561: INFO: tabular]: Initializing create_model()
[2022-08-31 09:06:00,561: INFO: tabular]: create_model(estimator=knn, fold=KFold(n_splits=10, random_state=3770, shuffle=True), round=4, cross_validation=True, predict=True, fit_kwargs={}, groups=None, refit=False, verbose=False, system=False, metrics=None, experiment_custom_tags=None, add_to_model_list=True, probability_threshold=None, display=<pycaret.internal.Display.Display object at 0x0000028E5012A888>, return_train_score=False, kwargs={})
[2022-08-31 09:06:00,561: INFO: tabular]: Checking exceptions
[2022-08-31 09:06:00,562: INFO: tabular]: Importing libraries
[2022-08-31 09:06:00,562: INFO: tabular]: Copying training dataset
[2022-08-31 09:06:00,562: INFO: tabular]: Defining folds
[2022-08-31 09:06:00,562: INFO: tabular]: Declaring metric variables
[2022-08-31 09:06:00,571: INFO: tabular]: Importing untrained model
[2022-08-31 09:06:00,578: INFO: tabular]: K Neighbors Regressor Imported succesfully
[2022-08-31 09:06:00,591: INFO: tabular]: Starting cross validation
[2022-08-31 09:06:00,592: INFO: tabular]: Cross validating with KFold(n_splits=10, random_state=3770, shuffle=True), n_jobs=-1
[2022-08-31 09:06:00,923: INFO: tabular]: Calculating mean and std
[2022-08-31 09:06:00,924: INFO: tabular]: Creating metrics dataframe
[2022-08-31 09:06:00,924: INFO: tabular]: Uploading results into container
[2022-08-31 09:06:00,924: INFO: tabular]: Uploading model into container now
[2022-08-31 09:06:00,924: INFO: tabular]: create_model_container: 11
[2022-08-31 09:06:00,924: INFO: tabular]: master_model_container: 11
[2022-08-31 09:06:00,924: INFO: tabular]: display_container: 2
[2022-08-31 09:06:00,940: INFO: tabular]: KNeighborsRegressor(algorithm='auto', leaf_size=30, metric='minkowski',
                    metric_params=None, n_jobs=-1, n_neighbors=5, p=2,
                    weights='uniform')
[2022-08-31 09:06:00,940: INFO: tabular]: create_model() succesfully completed......................................
[2022-08-31 09:06:01,025: INFO: tabular]: SubProcess create_model() end ==================================
[2022-08-31 09:06:01,025: INFO: tabular]: Creating metrics dataframe
[2022-08-31 09:06:01,049: INFO: tabular]: Initializing Decision Tree Regressor
[2022-08-31 09:06:01,049: INFO: tabular]: Total runtime is 0.16506800254186 minutes
[2022-08-31 09:06:01,058: INFO: tabular]: SubProcess create_model() called ==================================
[2022-08-31 09:06:01,059: INFO: tabular]: Initializing create_model()
[2022-08-31 09:06:01,059: INFO: tabular]: create_model(estimator=dt, fold=KFold(n_splits=10, random_state=3770, shuffle=True), round=4, cross_validation=True, predict=True, fit_kwargs={}, groups=None, refit=False, verbose=False, system=False, metrics=None, experiment_custom_tags=None, add_to_model_list=True, probability_threshold=None, display=<pycaret.internal.Display.Display object at 0x0000028E5012A888>, return_train_score=False, kwargs={})
[2022-08-31 09:06:01,060: INFO: tabular]: Checking exceptions
[2022-08-31 09:06:01,060: INFO: tabular]: Importing libraries
[2022-08-31 09:06:01,060: INFO: tabular]: Copying training dataset
[2022-08-31 09:06:01,060: INFO: tabular]: Defining folds
[2022-08-31 09:06:01,060: INFO: tabular]: Declaring metric variables
[2022-08-31 09:06:01,070: INFO: tabular]: Importing untrained model
[2022-08-31 09:06:01,078: INFO: tabular]: Decision Tree Regressor Imported succesfully
[2022-08-31 09:06:01,093: INFO: tabular]: Starting cross validation
[2022-08-31 09:06:01,094: INFO: tabular]: Cross validating with KFold(n_splits=10, random_state=3770, shuffle=True), n_jobs=-1
[2022-08-31 09:06:01,190: INFO: tabular]: Calculating mean and std
[2022-08-31 09:06:01,190: INFO: tabular]: Creating metrics dataframe
[2022-08-31 09:06:01,195: INFO: tabular]: Uploading results into container
[2022-08-31 09:06:01,195: INFO: tabular]: Uploading model into container now
[2022-08-31 09:06:01,195: INFO: tabular]: create_model_container: 12
[2022-08-31 09:06:01,195: INFO: tabular]: master_model_container: 12
[2022-08-31 09:06:01,195: INFO: tabular]: display_container: 2
[2022-08-31 09:06:01,195: INFO: tabular]: DecisionTreeRegressor(ccp_alpha=0.0, criterion='mse', max_depth=None,
                      max_features=None, max_leaf_nodes=None,
                      min_impurity_decrease=0.0, min_impurity_split=None,
                      min_samples_leaf=1, min_samples_split=2,
                      min_weight_fraction_leaf=0.0, presort='deprecated',
                      random_state=3770, splitter='best')
[2022-08-31 09:06:01,195: INFO: tabular]: create_model() succesfully completed......................................
[2022-08-31 09:06:01,268: INFO: tabular]: SubProcess create_model() end ==================================
[2022-08-31 09:06:01,268: INFO: tabular]: Creating metrics dataframe
[2022-08-31 09:06:01,283: INFO: tabular]: Initializing Random Forest Regressor
[2022-08-31 09:06:01,283: INFO: tabular]: Total runtime is 0.16897030274073288 minutes
[2022-08-31 09:06:01,300: INFO: tabular]: SubProcess create_model() called ==================================
[2022-08-31 09:06:01,301: INFO: tabular]: Initializing create_model()
[2022-08-31 09:06:01,301: INFO: tabular]: create_model(estimator=rf, fold=KFold(n_splits=10, random_state=3770, shuffle=True), round=4, cross_validation=True, predict=True, fit_kwargs={}, groups=None, refit=False, verbose=False, system=False, metrics=None, experiment_custom_tags=None, add_to_model_list=True, probability_threshold=None, display=<pycaret.internal.Display.Display object at 0x0000028E5012A888>, return_train_score=False, kwargs={})
[2022-08-31 09:06:01,301: INFO: tabular]: Checking exceptions
[2022-08-31 09:06:01,301: INFO: tabular]: Importing libraries
[2022-08-31 09:06:01,302: INFO: tabular]: Copying training dataset
[2022-08-31 09:06:01,302: INFO: tabular]: Defining folds
[2022-08-31 09:06:01,303: INFO: tabular]: Declaring metric variables
[2022-08-31 09:06:01,316: INFO: tabular]: Importing untrained model
[2022-08-31 09:06:01,327: INFO: tabular]: Random Forest Regressor Imported succesfully
[2022-08-31 09:06:01,341: INFO: tabular]: Starting cross validation
[2022-08-31 09:06:01,342: INFO: tabular]: Cross validating with KFold(n_splits=10, random_state=3770, shuffle=True), n_jobs=-1
[2022-08-31 09:06:03,214: INFO: tabular]: Calculating mean and std
[2022-08-31 09:06:03,215: INFO: tabular]: Creating metrics dataframe
[2022-08-31 09:06:03,215: INFO: tabular]: Uploading results into container
[2022-08-31 09:06:03,215: INFO: tabular]: Uploading model into container now
[2022-08-31 09:06:03,215: INFO: tabular]: create_model_container: 13
[2022-08-31 09:06:03,215: INFO: tabular]: master_model_container: 13
[2022-08-31 09:06:03,215: INFO: tabular]: display_container: 2
[2022-08-31 09:06:03,215: INFO: tabular]: RandomForestRegressor(bootstrap=True, ccp_alpha=0.0, criterion='mse',
                      max_depth=None, max_features='auto', max_leaf_nodes=None,
                      max_samples=None, min_impurity_decrease=0.0,
                      min_impurity_split=None, min_samples_leaf=1,
                      min_samples_split=2, min_weight_fraction_leaf=0.0,
                      n_estimators=100, n_jobs=-1, oob_score=False,
                      random_state=3770, verbose=0, warm_start=False)
[2022-08-31 09:06:03,231: INFO: tabular]: create_model() succesfully completed......................................
[2022-08-31 09:06:03,329: INFO: tabular]: SubProcess create_model() end ==================================
[2022-08-31 09:06:03,329: INFO: tabular]: Creating metrics dataframe
[2022-08-31 09:06:03,348: INFO: tabular]: Initializing Extra Trees Regressor
[2022-08-31 09:06:03,348: INFO: tabular]: Total runtime is 0.2033854166666667 minutes
[2022-08-31 09:06:03,356: INFO: tabular]: SubProcess create_model() called ==================================
[2022-08-31 09:06:03,357: INFO: tabular]: Initializing create_model()
[2022-08-31 09:06:03,357: INFO: tabular]: create_model(estimator=et, fold=KFold(n_splits=10, random_state=3770, shuffle=True), round=4, cross_validation=True, predict=True, fit_kwargs={}, groups=None, refit=False, verbose=False, system=False, metrics=None, experiment_custom_tags=None, add_to_model_list=True, probability_threshold=None, display=<pycaret.internal.Display.Display object at 0x0000028E5012A888>, return_train_score=False, kwargs={})
[2022-08-31 09:06:03,357: INFO: tabular]: Checking exceptions
[2022-08-31 09:06:03,357: INFO: tabular]: Importing libraries
[2022-08-31 09:06:03,357: INFO: tabular]: Copying training dataset
[2022-08-31 09:06:03,358: INFO: tabular]: Defining folds
[2022-08-31 09:06:03,358: INFO: tabular]: Declaring metric variables
[2022-08-31 09:06:03,368: INFO: tabular]: Importing untrained model
[2022-08-31 09:06:03,375: INFO: tabular]: Extra Trees Regressor Imported succesfully
[2022-08-31 09:06:03,402: INFO: tabular]: Starting cross validation
[2022-08-31 09:06:03,403: INFO: tabular]: Cross validating with KFold(n_splits=10, random_state=3770, shuffle=True), n_jobs=-1
[2022-08-31 09:06:05,062: INFO: tabular]: Calculating mean and std
[2022-08-31 09:06:05,062: INFO: tabular]: Creating metrics dataframe
[2022-08-31 09:06:05,079: INFO: tabular]: Uploading results into container
[2022-08-31 09:06:05,079: INFO: tabular]: Uploading model into container now
[2022-08-31 09:06:05,079: INFO: tabular]: create_model_container: 14
[2022-08-31 09:06:05,079: INFO: tabular]: master_model_container: 14
[2022-08-31 09:06:05,079: INFO: tabular]: display_container: 2
[2022-08-31 09:06:05,079: INFO: tabular]: ExtraTreesRegressor(bootstrap=False, ccp_alpha=0.0, criterion='mse',
                    max_depth=None, max_features='auto', max_leaf_nodes=None,
                    max_samples=None, min_impurity_decrease=0.0,
                    min_impurity_split=None, min_samples_leaf=1,
                    min_samples_split=2, min_weight_fraction_leaf=0.0,
                    n_estimators=100, n_jobs=-1, oob_score=False,
                    random_state=3770, verbose=0, warm_start=False)
[2022-08-31 09:06:05,079: INFO: tabular]: create_model() succesfully completed......................................
[2022-08-31 09:06:05,171: INFO: tabular]: SubProcess create_model() end ==================================
[2022-08-31 09:06:05,171: INFO: tabular]: Creating metrics dataframe
[2022-08-31 09:06:05,195: INFO: tabular]: Initializing AdaBoost Regressor
[2022-08-31 09:06:05,195: INFO: tabular]: Total runtime is 0.23416779041290287 minutes
[2022-08-31 09:06:05,203: INFO: tabular]: SubProcess create_model() called ==================================
[2022-08-31 09:06:05,204: INFO: tabular]: Initializing create_model()
[2022-08-31 09:06:05,204: INFO: tabular]: create_model(estimator=ada, fold=KFold(n_splits=10, random_state=3770, shuffle=True), round=4, cross_validation=True, predict=True, fit_kwargs={}, groups=None, refit=False, verbose=False, system=False, metrics=None, experiment_custom_tags=None, add_to_model_list=True, probability_threshold=None, display=<pycaret.internal.Display.Display object at 0x0000028E5012A888>, return_train_score=False, kwargs={})
[2022-08-31 09:06:05,204: INFO: tabular]: Checking exceptions
[2022-08-31 09:06:05,205: INFO: tabular]: Importing libraries
[2022-08-31 09:06:05,205: INFO: tabular]: Copying training dataset
[2022-08-31 09:06:05,205: INFO: tabular]: Defining folds
[2022-08-31 09:06:05,205: INFO: tabular]: Declaring metric variables
[2022-08-31 09:06:05,214: INFO: tabular]: Importing untrained model
[2022-08-31 09:06:05,224: INFO: tabular]: AdaBoost Regressor Imported succesfully
[2022-08-31 09:06:05,237: INFO: tabular]: Starting cross validation
[2022-08-31 09:06:05,238: INFO: tabular]: Cross validating with KFold(n_splits=10, random_state=3770, shuffle=True), n_jobs=-1
[2022-08-31 09:06:05,532: INFO: tabular]: Calculating mean and std
[2022-08-31 09:06:05,532: INFO: tabular]: Creating metrics dataframe
[2022-08-31 09:06:05,532: INFO: tabular]: Uploading results into container
[2022-08-31 09:06:05,532: INFO: tabular]: Uploading model into container now
[2022-08-31 09:06:05,532: INFO: tabular]: create_model_container: 15
[2022-08-31 09:06:05,532: INFO: tabular]: master_model_container: 15
[2022-08-31 09:06:05,532: INFO: tabular]: display_container: 2
[2022-08-31 09:06:05,532: INFO: tabular]: AdaBoostRegressor(base_estimator=None, learning_rate=1.0, loss='linear',
                  n_estimators=50, random_state=3770)
[2022-08-31 09:06:05,532: INFO: tabular]: create_model() succesfully completed......................................
[2022-08-31 09:06:05,607: INFO: tabular]: SubProcess create_model() end ==================================
[2022-08-31 09:06:05,607: INFO: tabular]: Creating metrics dataframe
[2022-08-31 09:06:05,628: INFO: tabular]: Initializing Gradient Boosting Regressor
[2022-08-31 09:06:05,628: INFO: tabular]: Total runtime is 0.24139511187871301 minutes
[2022-08-31 09:06:05,638: INFO: tabular]: SubProcess create_model() called ==================================
[2022-08-31 09:06:05,638: INFO: tabular]: Initializing create_model()
[2022-08-31 09:06:05,638: INFO: tabular]: create_model(estimator=gbr, fold=KFold(n_splits=10, random_state=3770, shuffle=True), round=4, cross_validation=True, predict=True, fit_kwargs={}, groups=None, refit=False, verbose=False, system=False, metrics=None, experiment_custom_tags=None, add_to_model_list=True, probability_threshold=None, display=<pycaret.internal.Display.Display object at 0x0000028E5012A888>, return_train_score=False, kwargs={})
[2022-08-31 09:06:05,639: INFO: tabular]: Checking exceptions
[2022-08-31 09:06:05,639: INFO: tabular]: Importing libraries
[2022-08-31 09:06:05,639: INFO: tabular]: Copying training dataset
[2022-08-31 09:06:05,639: INFO: tabular]: Defining folds
[2022-08-31 09:06:05,639: INFO: tabular]: Declaring metric variables
[2022-08-31 09:06:05,649: INFO: tabular]: Importing untrained model
[2022-08-31 09:06:05,656: INFO: tabular]: Gradient Boosting Regressor Imported succesfully
[2022-08-31 09:06:05,672: INFO: tabular]: Starting cross validation
[2022-08-31 09:06:05,673: INFO: tabular]: Cross validating with KFold(n_splits=10, random_state=3770, shuffle=True), n_jobs=-1
[2022-08-31 09:06:05,939: INFO: tabular]: Calculating mean and std
[2022-08-31 09:06:05,939: INFO: tabular]: Creating metrics dataframe
[2022-08-31 09:06:05,947: INFO: tabular]: Uploading results into container
[2022-08-31 09:06:05,947: INFO: tabular]: Uploading model into container now
[2022-08-31 09:06:05,947: INFO: tabular]: create_model_container: 16
[2022-08-31 09:06:05,947: INFO: tabular]: master_model_container: 16
[2022-08-31 09:06:05,947: INFO: tabular]: display_container: 2
[2022-08-31 09:06:05,947: INFO: tabular]: GradientBoostingRegressor(alpha=0.9, ccp_alpha=0.0, criterion='friedman_mse',
                          init=None, learning_rate=0.1, loss='ls', max_depth=3,
                          max_features=None, max_leaf_nodes=None,
                          min_impurity_decrease=0.0, min_impurity_split=None,
                          min_samples_leaf=1, min_samples_split=2,
                          min_weight_fraction_leaf=0.0, n_estimators=100,
                          n_iter_no_change=None, presort='deprecated',
                          random_state=3770, subsample=1.0, tol=0.0001,
                          validation_fraction=0.1, verbose=0, warm_start=False)
[2022-08-31 09:06:05,947: INFO: tabular]: create_model() succesfully completed......................................
[2022-08-31 09:06:06,010: INFO: tabular]: SubProcess create_model() end ==================================
[2022-08-31 09:06:06,010: INFO: tabular]: Creating metrics dataframe
[2022-08-31 09:06:06,030: INFO: tabular]: Initializing Light Gradient Boosting Machine
[2022-08-31 09:06:06,030: INFO: tabular]: Total runtime is 0.24808649619420373 minutes
[2022-08-31 09:06:06,039: INFO: tabular]: SubProcess create_model() called ==================================
[2022-08-31 09:06:06,040: INFO: tabular]: Initializing create_model()
[2022-08-31 09:06:06,040: INFO: tabular]: create_model(estimator=lightgbm, fold=KFold(n_splits=10, random_state=3770, shuffle=True), round=4, cross_validation=True, predict=True, fit_kwargs={}, groups=None, refit=False, verbose=False, system=False, metrics=None, experiment_custom_tags=None, add_to_model_list=True, probability_threshold=None, display=<pycaret.internal.Display.Display object at 0x0000028E5012A888>, return_train_score=False, kwargs={})
[2022-08-31 09:06:06,041: INFO: tabular]: Checking exceptions
[2022-08-31 09:06:06,041: INFO: tabular]: Importing libraries
[2022-08-31 09:06:06,041: INFO: tabular]: Copying training dataset
[2022-08-31 09:06:06,042: INFO: tabular]: Defining folds
[2022-08-31 09:06:06,042: INFO: tabular]: Declaring metric variables
[2022-08-31 09:06:06,054: INFO: tabular]: Importing untrained model
[2022-08-31 09:06:06,064: INFO: tabular]: Light Gradient Boosting Machine Imported succesfully
[2022-08-31 09:06:06,082: INFO: tabular]: Starting cross validation
[2022-08-31 09:06:06,083: INFO: tabular]: Cross validating with KFold(n_splits=10, random_state=3770, shuffle=True), n_jobs=-1
[2022-08-31 09:06:06,271: INFO: tabular]: Calculating mean and std
[2022-08-31 09:06:06,271: INFO: tabular]: Creating metrics dataframe
[2022-08-31 09:06:06,271: INFO: tabular]: Uploading results into container
[2022-08-31 09:06:06,271: INFO: tabular]: Uploading model into container now
[2022-08-31 09:06:06,271: INFO: tabular]: create_model_container: 17
[2022-08-31 09:06:06,271: INFO: tabular]: master_model_container: 17
[2022-08-31 09:06:06,271: INFO: tabular]: display_container: 2
[2022-08-31 09:06:06,271: INFO: tabular]: LGBMRegressor(boosting_type='gbdt', class_weight=None, colsample_bytree=1.0,
              importance_type='split', learning_rate=0.1, max_depth=-1,
              min_child_samples=20, min_child_weight=0.001, min_split_gain=0.0,
              n_estimators=100, n_jobs=-1, num_leaves=31, objective=None,
              random_state=3770, reg_alpha=0.0, reg_lambda=0.0, silent='warn',
              subsample=1.0, subsample_for_bin=200000, subsample_freq=0)
[2022-08-31 09:06:06,271: INFO: tabular]: create_model() succesfully completed......................................
[2022-08-31 09:06:06,338: INFO: tabular]: SubProcess create_model() end ==================================
[2022-08-31 09:06:06,338: INFO: tabular]: Creating metrics dataframe
[2022-08-31 09:06:06,354: INFO: tabular]: Initializing Dummy Regressor
[2022-08-31 09:06:06,354: INFO: tabular]: Total runtime is 0.2534855842590332 minutes
[2022-08-31 09:06:06,361: INFO: tabular]: SubProcess create_model() called ==================================
[2022-08-31 09:06:06,362: INFO: tabular]: Initializing create_model()
[2022-08-31 09:06:06,362: INFO: tabular]: create_model(estimator=dummy, fold=KFold(n_splits=10, random_state=3770, shuffle=True), round=4, cross_validation=True, predict=True, fit_kwargs={}, groups=None, refit=False, verbose=False, system=False, metrics=None, experiment_custom_tags=None, add_to_model_list=True, probability_threshold=None, display=<pycaret.internal.Display.Display object at 0x0000028E5012A888>, return_train_score=False, kwargs={})
[2022-08-31 09:06:06,362: INFO: tabular]: Checking exceptions
[2022-08-31 09:06:06,362: INFO: tabular]: Importing libraries
[2022-08-31 09:06:06,362: INFO: tabular]: Copying training dataset
[2022-08-31 09:06:06,363: INFO: tabular]: Defining folds
[2022-08-31 09:06:06,363: INFO: tabular]: Declaring metric variables
[2022-08-31 09:06:06,369: INFO: tabular]: Importing untrained model
[2022-08-31 09:06:06,375: INFO: tabular]: Dummy Regressor Imported succesfully
[2022-08-31 09:06:06,390: INFO: tabular]: Starting cross validation
[2022-08-31 09:06:06,391: INFO: tabular]: Cross validating with KFold(n_splits=10, random_state=3770, shuffle=True), n_jobs=-1
[2022-08-31 09:06:06,478: INFO: tabular]: Calculating mean and std
[2022-08-31 09:06:06,479: INFO: tabular]: Creating metrics dataframe
[2022-08-31 09:06:06,485: INFO: tabular]: Uploading results into container
[2022-08-31 09:06:06,485: INFO: tabular]: Uploading model into container now
[2022-08-31 09:06:06,485: INFO: tabular]: create_model_container: 18
[2022-08-31 09:06:06,485: INFO: tabular]: master_model_container: 18
[2022-08-31 09:06:06,485: INFO: tabular]: display_container: 2
[2022-08-31 09:06:06,485: INFO: tabular]: DummyRegressor(constant=None, quantile=None, strategy='mean')
[2022-08-31 09:06:06,485: INFO: tabular]: create_model() succesfully completed......................................
[2022-08-31 09:06:06,545: INFO: tabular]: SubProcess create_model() end ==================================
[2022-08-31 09:06:06,545: INFO: tabular]: Creating metrics dataframe
[2022-08-31 09:06:06,595: INFO: tabular]: Initializing create_model()
[2022-08-31 09:06:06,595: INFO: tabular]: create_model(estimator=LGBMRegressor(boosting_type='gbdt', class_weight=None, colsample_bytree=1.0,
              importance_type='split', learning_rate=0.1, max_depth=-1,
              min_child_samples=20, min_child_weight=0.001, min_split_gain=0.0,
              n_estimators=100, n_jobs=-1, num_leaves=31, objective=None,
              random_state=3770, reg_alpha=0.0, reg_lambda=0.0, silent='warn',
              subsample=1.0, subsample_for_bin=200000, subsample_freq=0), fold=KFold(n_splits=10, random_state=3770, shuffle=True), round=4, cross_validation=False, predict=False, fit_kwargs={}, groups=None, refit=True, verbose=False, system=False, metrics=None, experiment_custom_tags=None, add_to_model_list=True, probability_threshold=None, display=None, return_train_score=False, kwargs={})
[2022-08-31 09:06:06,595: INFO: tabular]: Checking exceptions
[2022-08-31 09:06:06,595: INFO: tabular]: Importing libraries
[2022-08-31 09:06:06,595: INFO: tabular]: Copying training dataset
[2022-08-31 09:06:06,596: INFO: tabular]: Defining folds
[2022-08-31 09:06:06,596: INFO: tabular]: Declaring metric variables
[2022-08-31 09:06:06,596: INFO: tabular]: Importing untrained model
[2022-08-31 09:06:06,596: INFO: tabular]: Declaring custom model
[2022-08-31 09:06:06,597: INFO: tabular]: Light Gradient Boosting Machine Imported succesfully
[2022-08-31 09:06:06,597: INFO: tabular]: Cross validation set to False
[2022-08-31 09:06:06,597: INFO: tabular]: Fitting Model
[2022-08-31 09:06:06,652: INFO: tabular]: LGBMRegressor(boosting_type='gbdt', class_weight=None, colsample_bytree=1.0,
              importance_type='split', learning_rate=0.1, max_depth=-1,
              min_child_samples=20, min_child_weight=0.001, min_split_gain=0.0,
              n_estimators=100, n_jobs=-1, num_leaves=31, objective=None,
              random_state=3770, reg_alpha=0.0, reg_lambda=0.0, silent='warn',
              subsample=1.0, subsample_for_bin=200000, subsample_freq=0)
[2022-08-31 09:06:06,660: INFO: tabular]: create_models() succesfully completed......................................
[2022-08-31 09:06:06,738: INFO: tabular]: create_model_container: 18
[2022-08-31 09:06:06,738: INFO: tabular]: master_model_container: 18
[2022-08-31 09:06:06,738: INFO: tabular]: display_container: 2
[2022-08-31 09:06:06,748: INFO: tabular]: LGBMRegressor(boosting_type='gbdt', class_weight=None, colsample_bytree=1.0,
              importance_type='split', learning_rate=0.1, max_depth=-1,
              min_child_samples=20, min_child_weight=0.001, min_split_gain=0.0,
              n_estimators=100, n_jobs=-1, num_leaves=31, objective=None,
              random_state=3770, reg_alpha=0.0, reg_lambda=0.0, silent='warn',
              subsample=1.0, subsample_for_bin=200000, subsample_freq=0)
[2022-08-31 09:06:06,748: INFO: tabular]: compare_models() succesfully completed......................................
[2022-08-31 09:06:06,748: INFO: tabular]: Initializing tune_model()
[2022-08-31 09:06:06,748: INFO: tabular]: tune_model(estimator=LGBMRegressor(boosting_type='gbdt', class_weight=None, colsample_bytree=1.0,
              importance_type='split', learning_rate=0.1, max_depth=-1,
              min_child_samples=20, min_child_weight=0.001, min_split_gain=0.0,
              n_estimators=100, n_jobs=-1, num_leaves=31, objective=None,
              random_state=3770, reg_alpha=0.0, reg_lambda=0.0, silent='warn',
              subsample=1.0, subsample_for_bin=200000, subsample_freq=0), fold=None, round=4, n_iter=10, custom_grid=None, optimize=R2, custom_scorer=None, search_library=scikit-learn, search_algorithm=None, early_stopping=False, early_stopping_max_iters=10, choose_better=False, fit_kwargs=None, groups=None, return_tuner=False, verbose=True, tuner_verbose=True, display=None, return_train_score=False, kwargs={})
[2022-08-31 09:06:06,748: INFO: tabular]: Checking exceptions
[2022-08-31 09:06:06,748: INFO: Display]: Preparing display monitor
[2022-08-31 09:06:06,763: INFO: tabular]: Copying training dataset
[2022-08-31 09:06:06,764: INFO: tabular]: Checking base model
[2022-08-31 09:06:06,764: INFO: tabular]: Base model : Light Gradient Boosting Machine
[2022-08-31 09:06:06,773: INFO: tabular]: Declaring metric variables
[2022-08-31 09:06:06,784: INFO: tabular]: Defining Hyperparameters
[2022-08-31 09:06:06,853: INFO: tabular]: Tuning with n_jobs=-1
[2022-08-31 09:06:06,858: INFO: tabular]: Initializing RandomizedSearchCV
[2022-08-31 09:06:08,379: INFO: tabular]: best_params: {'actual_estimator__reg_lambda': 10, 'actual_estimator__reg_alpha': 0.0005, 'actual_estimator__num_leaves': 80, 'actual_estimator__n_estimators': 270, 'actual_estimator__min_split_gain': 0.8, 'actual_estimator__min_child_samples': 21, 'actual_estimator__learning_rate': 0.3, 'actual_estimator__feature_fraction': 0.9, 'actual_estimator__bagging_freq': 4, 'actual_estimator__bagging_fraction': 0.6}
[2022-08-31 09:06:08,379: INFO: tabular]: Hyperparameter search completed
[2022-08-31 09:06:08,379: INFO: tabular]: SubProcess create_model() called ==================================
[2022-08-31 09:06:08,379: INFO: tabular]: Initializing create_model()
[2022-08-31 09:06:08,379: INFO: tabular]: create_model(estimator=LGBMRegressor(boosting_type='gbdt', class_weight=None, colsample_bytree=1.0,
              importance_type='split', learning_rate=0.1, max_depth=-1,
              min_child_samples=20, min_child_weight=0.001, min_split_gain=0.0,
              n_estimators=100, n_jobs=-1, num_leaves=31, objective=None,
              random_state=3770, reg_alpha=0.0, reg_lambda=0.0, silent='warn',
              subsample=1.0, subsample_for_bin=200000, subsample_freq=0), fold=KFold(n_splits=10, random_state=3770, shuffle=True), round=4, cross_validation=True, predict=True, fit_kwargs={}, groups=None, refit=True, verbose=True, system=False, metrics=None, experiment_custom_tags=None, add_to_model_list=True, probability_threshold=None, display=<pycaret.internal.Display.Display object at 0x0000028E506848C8>, return_train_score=False, kwargs={'reg_lambda': 10, 'reg_alpha': 0.0005, 'num_leaves': 80, 'n_estimators': 270, 'min_split_gain': 0.8, 'min_child_samples': 21, 'learning_rate': 0.3, 'feature_fraction': 0.9, 'bagging_freq': 4, 'bagging_fraction': 0.6})
[2022-08-31 09:06:08,379: INFO: tabular]: Checking exceptions
[2022-08-31 09:06:08,379: INFO: tabular]: Importing libraries
[2022-08-31 09:06:08,379: INFO: tabular]: Copying training dataset
[2022-08-31 09:06:08,379: INFO: tabular]: Defining folds
[2022-08-31 09:06:08,379: INFO: tabular]: Declaring metric variables
[2022-08-31 09:06:08,398: INFO: tabular]: Importing untrained model
[2022-08-31 09:06:08,398: INFO: tabular]: Declaring custom model
[2022-08-31 09:06:08,420: INFO: tabular]: Light Gradient Boosting Machine Imported succesfully
[2022-08-31 09:06:08,470: INFO: tabular]: Starting cross validation
[2022-08-31 09:06:08,471: INFO: tabular]: Cross validating with KFold(n_splits=10, random_state=3770, shuffle=True), n_jobs=-1
[2022-08-31 09:06:08,787: INFO: tabular]: Calculating mean and std
[2022-08-31 09:06:08,787: INFO: tabular]: Creating metrics dataframe
[2022-08-31 09:06:08,799: INFO: tabular]: Finalizing model
[2022-08-31 09:06:08,883: INFO: tabular]: Uploading results into container
[2022-08-31 09:06:08,883: INFO: tabular]: Uploading model into container now
[2022-08-31 09:06:08,883: INFO: tabular]: create_model_container: 19
[2022-08-31 09:06:08,883: INFO: tabular]: master_model_container: 19
[2022-08-31 09:06:08,883: INFO: tabular]: display_container: 3
[2022-08-31 09:06:08,883: INFO: tabular]: LGBMRegressor(bagging_fraction=0.6, bagging_freq=4, boosting_type='gbdt',
              class_weight=None, colsample_bytree=1.0, feature_fraction=0.9,
              importance_type='split', learning_rate=0.3, max_depth=-1,
              min_child_samples=21, min_child_weight=0.001, min_split_gain=0.8,
              n_estimators=270, n_jobs=-1, num_leaves=80, objective=None,
              random_state=3770, reg_alpha=0.0005, reg_lambda=10, silent='warn',
              subsample=1.0, subsample_for_bin=200000, subsample_freq=0)
[2022-08-31 09:06:08,883: INFO: tabular]: create_model() succesfully completed......................................
[2022-08-31 09:06:08,945: INFO: tabular]: SubProcess create_model() end ==================================
[2022-08-31 09:06:08,945: INFO: tabular]: create_model_container: 19
[2022-08-31 09:06:08,945: INFO: tabular]: master_model_container: 19
[2022-08-31 09:06:08,945: INFO: tabular]: display_container: 3
[2022-08-31 09:06:08,953: INFO: tabular]: LGBMRegressor(bagging_fraction=0.6, bagging_freq=4, boosting_type='gbdt',
              class_weight=None, colsample_bytree=1.0, feature_fraction=0.9,
              importance_type='split', learning_rate=0.3, max_depth=-1,
              min_child_samples=21, min_child_weight=0.001, min_split_gain=0.8,
              n_estimators=270, n_jobs=-1, num_leaves=80, objective=None,
              random_state=3770, reg_alpha=0.0005, reg_lambda=10, silent='warn',
              subsample=1.0, subsample_for_bin=200000, subsample_freq=0)
[2022-08-31 09:06:08,953: INFO: tabular]: tune_model() succesfully completed......................................
[2022-08-31 09:06:09,031: INFO: tabular]: Initializing finalize_model()
[2022-08-31 09:06:09,031: INFO: tabular]: finalize_model(estimator=LGBMRegressor(bagging_fraction=0.6, bagging_freq=4, boosting_type='gbdt',
              class_weight=None, colsample_bytree=1.0, feature_fraction=0.9,
              importance_type='split', learning_rate=0.3, max_depth=-1,
              min_child_samples=21, min_child_weight=0.001, min_split_gain=0.8,
              n_estimators=270, n_jobs=-1, num_leaves=80, objective=None,
              random_state=3770, reg_alpha=0.0005, reg_lambda=10, silent='warn',
              subsample=1.0, subsample_for_bin=200000, subsample_freq=0), fit_kwargs=None, groups=None, model_only=True, display=None, experiment_custom_tags=None, return_train_score=False)
[2022-08-31 09:06:09,031: INFO: tabular]: Finalizing LGBMRegressor(bagging_fraction=0.6, bagging_freq=4, boosting_type='gbdt',
              class_weight=None, colsample_bytree=1.0, feature_fraction=0.9,
              importance_type='split', learning_rate=0.3, max_depth=-1,
              min_child_samples=21, min_child_weight=0.001, min_split_gain=0.8,
              n_estimators=270, n_jobs=-1, num_leaves=80, objective=None,
              random_state=3770, reg_alpha=0.0005, reg_lambda=10, silent='warn',
              subsample=1.0, subsample_for_bin=200000, subsample_freq=0)
[2022-08-31 09:06:09,031: INFO: tabular]: Initializing create_model()
[2022-08-31 09:06:09,031: INFO: tabular]: create_model(estimator=LGBMRegressor(bagging_fraction=0.6, bagging_freq=4, boosting_type='gbdt',
              class_weight=None, colsample_bytree=1.0, feature_fraction=0.9,
              importance_type='split', learning_rate=0.3, max_depth=-1,
              min_child_samples=21, min_child_weight=0.001, min_split_gain=0.8,
              n_estimators=270, n_jobs=-1, num_leaves=80, objective=None,
              random_state=3770, reg_alpha=0.0005, reg_lambda=10, silent='warn',
              subsample=1.0, subsample_for_bin=200000, subsample_freq=0), fold=None, round=4, cross_validation=True, predict=True, fit_kwargs={}, groups=None, refit=True, verbose=False, system=False, metrics=None, experiment_custom_tags=None, add_to_model_list=False, probability_threshold=None, display=None, return_train_score=False, kwargs={})
[2022-08-31 09:06:09,037: INFO: tabular]: Checking exceptions
[2022-08-31 09:06:09,037: INFO: tabular]: Importing libraries
[2022-08-31 09:06:09,037: INFO: tabular]: Copying training dataset
[2022-08-31 09:06:09,037: INFO: tabular]: Defining folds
[2022-08-31 09:06:09,038: INFO: tabular]: Declaring metric variables
[2022-08-31 09:06:09,038: INFO: tabular]: Importing untrained model
[2022-08-31 09:06:09,038: INFO: tabular]: Declaring custom model
[2022-08-31 09:06:09,038: INFO: tabular]: Light Gradient Boosting Machine Imported succesfully
[2022-08-31 09:06:09,038: INFO: tabular]: Starting cross validation
[2022-08-31 09:06:09,038: INFO: tabular]: Cross validating with KFold(n_splits=10, random_state=3770, shuffle=True), n_jobs=-1
[2022-08-31 09:06:09,433: INFO: tabular]: Calculating mean and std
[2022-08-31 09:06:09,433: INFO: tabular]: Creating metrics dataframe
[2022-08-31 09:06:09,436: INFO: tabular]: Finalizing model
[2022-08-31 09:06:09,552: INFO: tabular]: create_model_container: 19
[2022-08-31 09:06:09,552: INFO: tabular]: master_model_container: 19
[2022-08-31 09:06:09,552: INFO: tabular]: display_container: 4
[2022-08-31 09:06:09,552: INFO: tabular]: LGBMRegressor(bagging_fraction=0.6, bagging_freq=4, boosting_type='gbdt',
              class_weight=None, colsample_bytree=1.0, feature_fraction=0.9,
              importance_type='split', learning_rate=0.3, max_depth=-1,
              min_child_samples=21, min_child_weight=0.001, min_split_gain=0.8,
              n_estimators=270, n_jobs=-1, num_leaves=80, objective=None,
              random_state=3770, reg_alpha=0.0005, reg_lambda=10, silent='warn',
              subsample=1.0, subsample_for_bin=200000, subsample_freq=0)
[2022-08-31 09:06:09,552: INFO: tabular]: create_model() succesfully completed......................................
[2022-08-31 09:06:09,631: INFO: tabular]: create_model_container: 19
[2022-08-31 09:06:09,631: INFO: tabular]: master_model_container: 19
[2022-08-31 09:06:09,631: INFO: tabular]: display_container: 3
[2022-08-31 09:06:09,632: INFO: tabular]: LGBMRegressor(bagging_fraction=0.6, bagging_freq=4, boosting_type='gbdt',
              class_weight=None, colsample_bytree=1.0, feature_fraction=0.9,
              importance_type='split', learning_rate=0.3, max_depth=-1,
              min_child_samples=21, min_child_weight=0.001, min_split_gain=0.8,
              n_estimators=270, n_jobs=-1, num_leaves=80, objective=None,
              random_state=3770, reg_alpha=0.0005, reg_lambda=10, silent='warn',
              subsample=1.0, subsample_for_bin=200000, subsample_freq=0)
[2022-08-31 09:06:09,632: INFO: tabular]: finalize_model() succesfully completed......................................
[2022-08-31 09:06:09,699: INFO: model_training]: Best model found sucessfully
[2022-08-31 09:06:09,719: INFO: model_training]: Experiment results saved successfully at artifacts\MODEL_TRAINER\experiment_results.csv
[2022-08-31 09:06:09,734: INFO: model_training]: Best Model saved successfully at prediction_service/models\model.pkl
[2022-08-31 09:06:09,736: INFO: stage_03_model_training]: >>>>>>>>> Model Training Stage 03 Completed <<<<<<<<<
