[2022-08-29 14:11:27,625: INFO: stage_03_model_training]: >>>>>>>>> Model Training Stage 03 Started <<<<<<<<<
[2022-08-29 14:11:27,640: INFO: model_training]: Training Data Loaded successfully
[2022-08-29 14:11:27,640: INFO: tabular]: PyCaret Supervised Module
[2022-08-29 14:11:27,640: INFO: tabular]: ML Usecase: regression
[2022-08-29 14:11:27,640: INFO: tabular]: version 2.3.10
[2022-08-29 14:11:27,640: INFO: tabular]: Initializing setup()
[2022-08-29 14:11:27,641: INFO: tabular]: setup(target=concrete_compressive_strength, ml_usecase=regression, available_plots={'parameter': 'Hyperparameters', 'residuals': 'Residuals', 'error': 'Prediction Error', 'cooks': 'Cooks Distance', 'rfe': 'Feature Selection', 'learning': 'Learning Curve', 'manifold': 'Manifold Learning', 'vc': 'Validation Curve', 'feature': 'Feature Importance', 'feature_all': 'Feature Importance (All)', 'tree': 'Decision Tree', 'residuals_interactive': 'Interactive Residuals'}, train_size=0.8, test_data=None, preprocess=False, imputation_type=simple, iterative_imputation_iters=5, categorical_features=None, categorical_imputation=constant, categorical_iterative_imputer=lightgbm, ordinal_features=None, high_cardinality_features=None, high_cardinality_method=frequency, numeric_features=None, numeric_imputation=mean, numeric_iterative_imputer=lightgbm, date_features=None, ignore_features=None, normalize=False, normalize_method=zscore, transformation=False, transformation_method=yeo-johnson, handle_unknown_categorical=True, unknown_categorical_method=least_frequent, pca=False, pca_method=linear, pca_components=None, ignore_low_variance=False, combine_rare_levels=False, rare_level_threshold=0.1, bin_numeric_features=None, remove_outliers=False, outliers_threshold=0.05, remove_multicollinearity=False, multicollinearity_threshold=0.9, remove_perfect_collinearity=True, create_clusters=False, cluster_iter=20, polynomial_features=False, polynomial_degree=2, trigonometry_features=False, polynomial_threshold=0.1, group_features=None, group_names=None, feature_selection=False, feature_selection_threshold=0.8, feature_selection_method=classic, feature_interaction=False, feature_ratio=False, interaction_threshold=0.01, fix_imbalance=False, fix_imbalance_method=None, transform_target=False, transform_target_method=box-cox, data_split_shuffle=True, data_split_stratify=False, fold_strategy=kfold, fold=10, fold_shuffle=True, fold_groups=None, n_jobs=-1, use_gpu=False, custom_pipeline=None, html=True, session_id=None, log_experiment=False, experiment_name=None, experiment_custom_tags=None, log_plots=False, log_profile=False, log_data=False, silent=True, verbose=True, profile=False, profile_kwargs=None, display=None)
[2022-08-29 14:11:27,641: INFO: tabular]: Checking environment
[2022-08-29 14:11:27,641: INFO: tabular]: python_version: 3.7.13
[2022-08-29 14:11:27,641: INFO: tabular]: python_build: ('default', 'Mar 28 2022 08:03:21')
[2022-08-29 14:11:27,641: INFO: tabular]: machine: AMD64
[2022-08-29 14:11:27,641: INFO: tabular]: platform: Windows-10-10.0.22000-SP0
[2022-08-29 14:11:27,642: INFO: tabular]: Memory: svmem(total=8394625024, available=852824064, percent=89.8, used=7541800960, free=852824064)
[2022-08-29 14:11:27,643: INFO: tabular]: Physical Core: 4
[2022-08-29 14:11:27,643: INFO: tabular]: Logical Core: 8
[2022-08-29 14:11:27,643: INFO: tabular]: Checking libraries
[2022-08-29 14:11:27,643: INFO: tabular]: pd==1.3.5
[2022-08-29 14:11:27,643: INFO: tabular]: numpy==1.19.5
[2022-08-29 14:11:27,643: INFO: tabular]: sklearn==0.23.2
[2022-08-29 14:11:27,643: INFO: tabular]: lightgbm==3.3.2
[2022-08-29 14:11:27,644: WARNING: tabular]: catboost not found
[2022-08-29 14:11:27,644: WARNING: tabular]: xgboost not found
[2022-08-29 14:11:27,644: INFO: tabular]: mlflow==1.28.0
[2022-08-29 14:11:27,644: INFO: tabular]: Checking Exceptions
[2022-08-29 14:11:27,644: INFO: tabular]: Declaring global variables
[2022-08-29 14:11:27,644: INFO: tabular]: USI: 6e06
[2022-08-29 14:11:27,644: INFO: tabular]: pycaret_globals: {'fold_shuffle_param', 'pycaret_globals', 'create_model_container', '_all_models_internal', 'y', 'gpu_param', 'prep_pipe', 'transform_target_method_param', 'html_param', 'transform_target_param', '_gpu_n_jobs_param', '_all_models', 'master_model_container', 'log_plots_param', 'X_test', 'y_test', 'X', 'seed', '_internal_pipeline', 'fold_groups_param_full', 'imputation_classifier', 'logging_param', 'iterative_imputation_iters_param', 'target_param', 'fold_groups_param', 'dashboard_logger', 'X_train', 'fix_imbalance_param', '_available_plots', 'stratify_param', 'fold_param', 'experiment__', 'fix_imbalance_method_param', 'n_jobs_param', 'imputation_regressor', 'display_container', 'exp_name_log', 'y_train', 'USI', 'data_before_preprocess', '_all_metrics', 'fold_generator', '_ml_usecase'}
[2022-08-29 14:11:27,644: INFO: tabular]: Preparing display monitor
[2022-08-29 14:11:27,644: INFO: Display]: Preparing display monitor
[2022-08-29 14:11:27,655: INFO: tabular]: Importing libraries
[2022-08-29 14:11:27,656: INFO: tabular]: Copying data for preprocessing
[2022-08-29 14:11:27,662: INFO: tabular]: Declaring preprocessing parameters
[2022-08-29 14:11:27,663: INFO: tabular]: Creating preprocessing pipeline
[2022-08-29 14:11:27,674: INFO: tabular]: Preprocessing pipeline created successfully
[2022-08-29 14:11:27,674: ERROR: tabular]: (Process Exit): setup has been interupted with user command 'quit'. setup must rerun.
[2022-08-29 14:11:27,674: INFO: tabular]: Creating global containers
[2022-08-29 14:11:27,676: INFO: tabular]: Internal pipeline: Pipeline(memory=None, steps=[('empty_step', 'passthrough')], verbose=False)
[2022-08-29 14:11:27,869: WARNING: regression]: Couldn't import xgboost.XGBRegressor
[2022-08-29 14:11:27,869: WARNING: regression]: Couldn't import catboost.CatBoostRegressor
[2022-08-29 14:11:27,998: WARNING: regression]: Couldn't import xgboost.XGBRegressor
[2022-08-29 14:11:27,999: WARNING: regression]: Couldn't import catboost.CatBoostRegressor
[2022-08-29 14:11:28,000: INFO: tabular]: Creating grid variables
[2022-08-29 14:11:28,003: INFO: tabular]: create_model_container: 0
[2022-08-29 14:11:28,003: INFO: tabular]: master_model_container: 0
[2022-08-29 14:11:28,003: INFO: tabular]: display_container: 1
[2022-08-29 14:11:28,005: INFO: tabular]: Pipeline(memory=None,
         steps=[('dtypes',
                 DataTypes_Auto_infer(categorical_features=[],
                                      display_types=False, features_todrop=[],
                                      id_columns=[], ml_usecase='regression',
                                      numerical_features=[],
                                      target='concrete_compressive_strength',
                                      time_features=[]))],
         verbose=False)
[2022-08-29 14:11:28,005: INFO: tabular]: setup() succesfully completed......................................
[2022-08-29 14:11:28,088: INFO: tabular]: Initializing compare_models()
[2022-08-29 14:11:28,088: INFO: tabular]: compare_models(include=None, fold=None, round=4, cross_validation=True, sort=R2, n_select=1, budget_time=None, turbo=True, errors=ignore, fit_kwargs=None, groups=None, experiment_custom_tags=None, probability_threshold=None, verbose=True, display=None, exclude=None)
[2022-08-29 14:11:28,088: INFO: tabular]: Checking exceptions
[2022-08-29 14:11:28,089: INFO: tabular]: Preparing display monitor
[2022-08-29 14:11:28,089: INFO: Display]: Preparing display monitor
[2022-08-29 14:11:28,113: INFO: tabular]: Initializing Linear Regression
[2022-08-29 14:11:28,113: INFO: tabular]: Total runtime is 0.0 minutes
[2022-08-29 14:11:28,121: INFO: tabular]: SubProcess create_model() called ==================================
[2022-08-29 14:11:28,122: INFO: tabular]: Initializing create_model()
[2022-08-29 14:11:28,122: INFO: tabular]: create_model(estimator=lr, fold=KFold(n_splits=10, random_state=8735, shuffle=True), round=4, cross_validation=True, predict=True, fit_kwargs={}, groups=None, refit=False, verbose=False, system=False, metrics=None, experiment_custom_tags=None, add_to_model_list=True, probability_threshold=None, display=<pycaret.internal.Display.Display object at 0x000002373FA75F08>, return_train_score=False, kwargs={})
[2022-08-29 14:11:28,122: INFO: tabular]: Checking exceptions
[2022-08-29 14:11:28,122: INFO: tabular]: Importing libraries
[2022-08-29 14:11:28,122: INFO: tabular]: Copying training dataset
[2022-08-29 14:11:28,123: INFO: tabular]: Defining folds
[2022-08-29 14:11:28,123: INFO: tabular]: Declaring metric variables
[2022-08-29 14:11:28,128: INFO: tabular]: Importing untrained model
[2022-08-29 14:11:28,139: INFO: tabular]: Linear Regression Imported succesfully
[2022-08-29 14:11:28,155: INFO: tabular]: Starting cross validation
[2022-08-29 14:11:28,168: INFO: tabular]: Cross validating with KFold(n_splits=10, random_state=8735, shuffle=True), n_jobs=-1
[2022-08-29 14:11:36,560: INFO: tabular]: Calculating mean and std
[2022-08-29 14:11:36,561: INFO: tabular]: Creating metrics dataframe
[2022-08-29 14:11:36,572: INFO: tabular]: Uploading results into container
[2022-08-29 14:11:36,572: INFO: tabular]: Uploading model into container now
[2022-08-29 14:11:36,572: INFO: tabular]: create_model_container: 1
[2022-08-29 14:11:36,572: INFO: tabular]: master_model_container: 1
[2022-08-29 14:11:36,572: INFO: tabular]: display_container: 2
[2022-08-29 14:11:36,573: INFO: tabular]: LinearRegression(copy_X=True, fit_intercept=True, n_jobs=-1, normalize=False)
[2022-08-29 14:11:36,573: INFO: tabular]: create_model() succesfully completed......................................
[2022-08-29 14:11:36,726: INFO: tabular]: SubProcess create_model() end ==================================
[2022-08-29 14:11:36,726: INFO: tabular]: Creating metrics dataframe
[2022-08-29 14:11:36,739: INFO: tabular]: Initializing Lasso Regression
[2022-08-29 14:11:36,739: INFO: tabular]: Total runtime is 0.1437730391820272 minutes
[2022-08-29 14:11:36,754: INFO: tabular]: SubProcess create_model() called ==================================
[2022-08-29 14:11:36,756: INFO: tabular]: Initializing create_model()
[2022-08-29 14:11:36,756: INFO: tabular]: create_model(estimator=lasso, fold=KFold(n_splits=10, random_state=8735, shuffle=True), round=4, cross_validation=True, predict=True, fit_kwargs={}, groups=None, refit=False, verbose=False, system=False, metrics=None, experiment_custom_tags=None, add_to_model_list=True, probability_threshold=None, display=<pycaret.internal.Display.Display object at 0x000002373FA75F08>, return_train_score=False, kwargs={})
[2022-08-29 14:11:36,757: INFO: tabular]: Checking exceptions
[2022-08-29 14:11:36,757: INFO: tabular]: Importing libraries
[2022-08-29 14:11:36,757: INFO: tabular]: Copying training dataset
[2022-08-29 14:11:36,758: INFO: tabular]: Defining folds
[2022-08-29 14:11:36,758: INFO: tabular]: Declaring metric variables
[2022-08-29 14:11:36,769: INFO: tabular]: Importing untrained model
[2022-08-29 14:11:36,798: INFO: tabular]: Lasso Regression Imported succesfully
[2022-08-29 14:11:36,829: INFO: tabular]: Starting cross validation
[2022-08-29 14:11:36,830: INFO: tabular]: Cross validating with KFold(n_splits=10, random_state=8735, shuffle=True), n_jobs=-1
[2022-08-29 14:11:37,067: INFO: tabular]: Calculating mean and std
[2022-08-29 14:11:37,068: INFO: tabular]: Creating metrics dataframe
[2022-08-29 14:11:37,077: INFO: tabular]: Uploading results into container
[2022-08-29 14:11:37,077: INFO: tabular]: Uploading model into container now
[2022-08-29 14:11:37,078: INFO: tabular]: create_model_container: 2
[2022-08-29 14:11:37,078: INFO: tabular]: master_model_container: 2
[2022-08-29 14:11:37,078: INFO: tabular]: display_container: 2
[2022-08-29 14:11:37,079: INFO: tabular]: Lasso(alpha=1.0, copy_X=True, fit_intercept=True, max_iter=1000,
      normalize=False, positive=False, precompute=False, random_state=8735,
      selection='cyclic', tol=0.0001, warm_start=False)
[2022-08-29 14:11:37,079: INFO: tabular]: create_model() succesfully completed......................................
[2022-08-29 14:11:37,236: INFO: tabular]: SubProcess create_model() end ==================================
[2022-08-29 14:11:37,236: INFO: tabular]: Creating metrics dataframe
[2022-08-29 14:11:37,248: INFO: tabular]: Initializing Ridge Regression
[2022-08-29 14:11:37,248: INFO: tabular]: Total runtime is 0.15224873224894206 minutes
[2022-08-29 14:11:37,258: INFO: tabular]: SubProcess create_model() called ==================================
[2022-08-29 14:11:37,258: INFO: tabular]: Initializing create_model()
[2022-08-29 14:11:37,258: INFO: tabular]: create_model(estimator=ridge, fold=KFold(n_splits=10, random_state=8735, shuffle=True), round=4, cross_validation=True, predict=True, fit_kwargs={}, groups=None, refit=False, verbose=False, system=False, metrics=None, experiment_custom_tags=None, add_to_model_list=True, probability_threshold=None, display=<pycaret.internal.Display.Display object at 0x000002373FA75F08>, return_train_score=False, kwargs={})
[2022-08-29 14:11:37,259: INFO: tabular]: Checking exceptions
[2022-08-29 14:11:37,259: INFO: tabular]: Importing libraries
[2022-08-29 14:11:37,259: INFO: tabular]: Copying training dataset
[2022-08-29 14:11:37,259: INFO: tabular]: Defining folds
[2022-08-29 14:11:37,260: INFO: tabular]: Declaring metric variables
[2022-08-29 14:11:37,271: INFO: tabular]: Importing untrained model
[2022-08-29 14:11:37,286: INFO: tabular]: Ridge Regression Imported succesfully
[2022-08-29 14:11:37,308: INFO: tabular]: Starting cross validation
[2022-08-29 14:11:37,309: INFO: tabular]: Cross validating with KFold(n_splits=10, random_state=8735, shuffle=True), n_jobs=-1
[2022-08-29 14:11:37,454: INFO: tabular]: Calculating mean and std
[2022-08-29 14:11:37,455: INFO: tabular]: Creating metrics dataframe
[2022-08-29 14:11:37,463: INFO: tabular]: Uploading results into container
[2022-08-29 14:11:37,464: INFO: tabular]: Uploading model into container now
[2022-08-29 14:11:37,464: INFO: tabular]: create_model_container: 3
[2022-08-29 14:11:37,464: INFO: tabular]: master_model_container: 3
[2022-08-29 14:11:37,464: INFO: tabular]: display_container: 2
[2022-08-29 14:11:37,465: INFO: tabular]: Ridge(alpha=1.0, copy_X=True, fit_intercept=True, max_iter=None,
      normalize=False, random_state=8735, solver='auto', tol=0.001)
[2022-08-29 14:11:37,465: INFO: tabular]: create_model() succesfully completed......................................
[2022-08-29 14:11:37,548: INFO: tabular]: SubProcess create_model() end ==================================
[2022-08-29 14:11:37,548: INFO: tabular]: Creating metrics dataframe
[2022-08-29 14:11:37,557: INFO: tabular]: Initializing Elastic Net
[2022-08-29 14:11:37,557: INFO: tabular]: Total runtime is 0.15740238428115844 minutes
[2022-08-29 14:11:37,562: INFO: tabular]: SubProcess create_model() called ==================================
[2022-08-29 14:11:37,563: INFO: tabular]: Initializing create_model()
[2022-08-29 14:11:37,563: INFO: tabular]: create_model(estimator=en, fold=KFold(n_splits=10, random_state=8735, shuffle=True), round=4, cross_validation=True, predict=True, fit_kwargs={}, groups=None, refit=False, verbose=False, system=False, metrics=None, experiment_custom_tags=None, add_to_model_list=True, probability_threshold=None, display=<pycaret.internal.Display.Display object at 0x000002373FA75F08>, return_train_score=False, kwargs={})
[2022-08-29 14:11:37,563: INFO: tabular]: Checking exceptions
[2022-08-29 14:11:37,563: INFO: tabular]: Importing libraries
[2022-08-29 14:11:37,563: INFO: tabular]: Copying training dataset
[2022-08-29 14:11:37,564: INFO: tabular]: Defining folds
[2022-08-29 14:11:37,564: INFO: tabular]: Declaring metric variables
[2022-08-29 14:11:37,570: INFO: tabular]: Importing untrained model
[2022-08-29 14:11:37,577: INFO: tabular]: Elastic Net Imported succesfully
[2022-08-29 14:11:37,591: INFO: tabular]: Starting cross validation
[2022-08-29 14:11:37,592: INFO: tabular]: Cross validating with KFold(n_splits=10, random_state=8735, shuffle=True), n_jobs=-1
[2022-08-29 14:11:37,726: INFO: tabular]: Calculating mean and std
[2022-08-29 14:11:37,727: INFO: tabular]: Creating metrics dataframe
[2022-08-29 14:11:37,734: INFO: tabular]: Uploading results into container
[2022-08-29 14:11:37,734: INFO: tabular]: Uploading model into container now
[2022-08-29 14:11:37,735: INFO: tabular]: create_model_container: 4
[2022-08-29 14:11:37,735: INFO: tabular]: master_model_container: 4
[2022-08-29 14:11:37,735: INFO: tabular]: display_container: 2
[2022-08-29 14:11:37,735: INFO: tabular]: ElasticNet(alpha=1.0, copy_X=True, fit_intercept=True, l1_ratio=0.5,
           max_iter=1000, normalize=False, positive=False, precompute=False,
           random_state=8735, selection='cyclic', tol=0.0001, warm_start=False)
[2022-08-29 14:11:37,735: INFO: tabular]: create_model() succesfully completed......................................
[2022-08-29 14:11:37,815: INFO: tabular]: SubProcess create_model() end ==================================
[2022-08-29 14:11:37,815: INFO: tabular]: Creating metrics dataframe
[2022-08-29 14:11:37,824: INFO: tabular]: Initializing Least Angle Regression
[2022-08-29 14:11:37,824: INFO: tabular]: Total runtime is 0.16185457309087117 minutes
[2022-08-29 14:11:37,829: INFO: tabular]: SubProcess create_model() called ==================================
[2022-08-29 14:11:37,830: INFO: tabular]: Initializing create_model()
[2022-08-29 14:11:37,830: INFO: tabular]: create_model(estimator=lar, fold=KFold(n_splits=10, random_state=8735, shuffle=True), round=4, cross_validation=True, predict=True, fit_kwargs={}, groups=None, refit=False, verbose=False, system=False, metrics=None, experiment_custom_tags=None, add_to_model_list=True, probability_threshold=None, display=<pycaret.internal.Display.Display object at 0x000002373FA75F08>, return_train_score=False, kwargs={})
[2022-08-29 14:11:37,830: INFO: tabular]: Checking exceptions
[2022-08-29 14:11:37,830: INFO: tabular]: Importing libraries
[2022-08-29 14:11:37,830: INFO: tabular]: Copying training dataset
[2022-08-29 14:11:37,830: INFO: tabular]: Defining folds
[2022-08-29 14:11:37,831: INFO: tabular]: Declaring metric variables
[2022-08-29 14:11:37,836: INFO: tabular]: Importing untrained model
[2022-08-29 14:11:37,846: INFO: tabular]: Least Angle Regression Imported succesfully
[2022-08-29 14:11:37,856: INFO: tabular]: Starting cross validation
[2022-08-29 14:11:37,857: INFO: tabular]: Cross validating with KFold(n_splits=10, random_state=8735, shuffle=True), n_jobs=-1
[2022-08-29 14:11:37,949: INFO: tabular]: Calculating mean and std
[2022-08-29 14:11:37,949: INFO: tabular]: Creating metrics dataframe
[2022-08-29 14:11:37,950: INFO: tabular]: Uploading results into container
[2022-08-29 14:11:37,950: INFO: tabular]: Uploading model into container now
[2022-08-29 14:11:37,950: INFO: tabular]: create_model_container: 5
[2022-08-29 14:11:37,950: INFO: tabular]: master_model_container: 5
[2022-08-29 14:11:37,950: INFO: tabular]: display_container: 2
[2022-08-29 14:11:37,950: INFO: tabular]: Lars(copy_X=True, eps=2.220446049250313e-16, fit_intercept=True, fit_path=True,
     jitter=None, n_nonzero_coefs=500, normalize=True, precompute='auto',
     random_state=8735, verbose=False)
[2022-08-29 14:11:37,950: INFO: tabular]: create_model() succesfully completed......................................
[2022-08-29 14:11:38,002: INFO: tabular]: SubProcess create_model() end ==================================
[2022-08-29 14:11:38,002: INFO: tabular]: Creating metrics dataframe
[2022-08-29 14:11:38,017: INFO: tabular]: Initializing Lasso Least Angle Regression
[2022-08-29 14:11:38,017: INFO: tabular]: Total runtime is 0.165077273050944 minutes
[2022-08-29 14:11:38,022: INFO: tabular]: SubProcess create_model() called ==================================
[2022-08-29 14:11:38,023: INFO: tabular]: Initializing create_model()
[2022-08-29 14:11:38,023: INFO: tabular]: create_model(estimator=llar, fold=KFold(n_splits=10, random_state=8735, shuffle=True), round=4, cross_validation=True, predict=True, fit_kwargs={}, groups=None, refit=False, verbose=False, system=False, metrics=None, experiment_custom_tags=None, add_to_model_list=True, probability_threshold=None, display=<pycaret.internal.Display.Display object at 0x000002373FA75F08>, return_train_score=False, kwargs={})
[2022-08-29 14:11:38,023: INFO: tabular]: Checking exceptions
[2022-08-29 14:11:38,023: INFO: tabular]: Importing libraries
[2022-08-29 14:11:38,023: INFO: tabular]: Copying training dataset
[2022-08-29 14:11:38,024: INFO: tabular]: Defining folds
[2022-08-29 14:11:38,024: INFO: tabular]: Declaring metric variables
[2022-08-29 14:11:38,031: INFO: tabular]: Importing untrained model
[2022-08-29 14:11:38,039: INFO: tabular]: Lasso Least Angle Regression Imported succesfully
[2022-08-29 14:11:38,066: INFO: tabular]: Starting cross validation
[2022-08-29 14:11:38,067: INFO: tabular]: Cross validating with KFold(n_splits=10, random_state=8735, shuffle=True), n_jobs=-1
[2022-08-29 14:11:38,194: INFO: tabular]: Calculating mean and std
[2022-08-29 14:11:38,195: INFO: tabular]: Creating metrics dataframe
[2022-08-29 14:11:38,202: INFO: tabular]: Uploading results into container
[2022-08-29 14:11:38,202: INFO: tabular]: Uploading model into container now
[2022-08-29 14:11:38,202: INFO: tabular]: create_model_container: 6
[2022-08-29 14:11:38,202: INFO: tabular]: master_model_container: 6
[2022-08-29 14:11:38,202: INFO: tabular]: display_container: 2
[2022-08-29 14:11:38,202: INFO: tabular]: LassoLars(alpha=1.0, copy_X=True, eps=2.220446049250313e-16, fit_intercept=True,
          fit_path=True, jitter=None, max_iter=500, normalize=True,
          positive=False, precompute='auto', random_state=8735, verbose=False)
[2022-08-29 14:11:38,202: INFO: tabular]: create_model() succesfully completed......................................
[2022-08-29 14:11:38,262: INFO: tabular]: SubProcess create_model() end ==================================
[2022-08-29 14:11:38,262: INFO: tabular]: Creating metrics dataframe
[2022-08-29 14:11:38,272: INFO: tabular]: Initializing Orthogonal Matching Pursuit
[2022-08-29 14:11:38,272: INFO: tabular]: Total runtime is 0.1693153142929077 minutes
[2022-08-29 14:11:38,280: INFO: tabular]: SubProcess create_model() called ==================================
[2022-08-29 14:11:38,280: INFO: tabular]: Initializing create_model()
[2022-08-29 14:11:38,280: INFO: tabular]: create_model(estimator=omp, fold=KFold(n_splits=10, random_state=8735, shuffle=True), round=4, cross_validation=True, predict=True, fit_kwargs={}, groups=None, refit=False, verbose=False, system=False, metrics=None, experiment_custom_tags=None, add_to_model_list=True, probability_threshold=None, display=<pycaret.internal.Display.Display object at 0x000002373FA75F08>, return_train_score=False, kwargs={})
[2022-08-29 14:11:38,280: INFO: tabular]: Checking exceptions
[2022-08-29 14:11:38,281: INFO: tabular]: Importing libraries
[2022-08-29 14:11:38,281: INFO: tabular]: Copying training dataset
[2022-08-29 14:11:38,281: INFO: tabular]: Defining folds
[2022-08-29 14:11:38,281: INFO: tabular]: Declaring metric variables
[2022-08-29 14:11:38,287: INFO: tabular]: Importing untrained model
[2022-08-29 14:11:38,293: INFO: tabular]: Orthogonal Matching Pursuit Imported succesfully
[2022-08-29 14:11:38,309: INFO: tabular]: Starting cross validation
[2022-08-29 14:11:38,310: INFO: tabular]: Cross validating with KFold(n_splits=10, random_state=8735, shuffle=True), n_jobs=-1
[2022-08-29 14:11:38,406: INFO: tabular]: Calculating mean and std
[2022-08-29 14:11:38,406: INFO: tabular]: Creating metrics dataframe
[2022-08-29 14:11:38,411: INFO: tabular]: Uploading results into container
[2022-08-29 14:11:38,411: INFO: tabular]: Uploading model into container now
[2022-08-29 14:11:38,411: INFO: tabular]: create_model_container: 7
[2022-08-29 14:11:38,411: INFO: tabular]: master_model_container: 7
[2022-08-29 14:11:38,411: INFO: tabular]: display_container: 2
[2022-08-29 14:11:38,411: INFO: tabular]: OrthogonalMatchingPursuit(fit_intercept=True, n_nonzero_coefs=None,
                          normalize=True, precompute='auto', tol=None)
[2022-08-29 14:11:38,411: INFO: tabular]: create_model() succesfully completed......................................
[2022-08-29 14:11:38,467: INFO: tabular]: SubProcess create_model() end ==================================
[2022-08-29 14:11:38,467: INFO: tabular]: Creating metrics dataframe
[2022-08-29 14:11:38,474: INFO: tabular]: Initializing Bayesian Ridge
[2022-08-29 14:11:38,474: INFO: tabular]: Total runtime is 0.1726953585942586 minutes
[2022-08-29 14:11:38,481: INFO: tabular]: SubProcess create_model() called ==================================
[2022-08-29 14:11:38,481: INFO: tabular]: Initializing create_model()
[2022-08-29 14:11:38,481: INFO: tabular]: create_model(estimator=br, fold=KFold(n_splits=10, random_state=8735, shuffle=True), round=4, cross_validation=True, predict=True, fit_kwargs={}, groups=None, refit=False, verbose=False, system=False, metrics=None, experiment_custom_tags=None, add_to_model_list=True, probability_threshold=None, display=<pycaret.internal.Display.Display object at 0x000002373FA75F08>, return_train_score=False, kwargs={})
[2022-08-29 14:11:38,482: INFO: tabular]: Checking exceptions
[2022-08-29 14:11:38,482: INFO: tabular]: Importing libraries
[2022-08-29 14:11:38,482: INFO: tabular]: Copying training dataset
[2022-08-29 14:11:38,482: INFO: tabular]: Defining folds
[2022-08-29 14:11:38,482: INFO: tabular]: Declaring metric variables
[2022-08-29 14:11:38,488: INFO: tabular]: Importing untrained model
[2022-08-29 14:11:38,495: INFO: tabular]: Bayesian Ridge Imported succesfully
[2022-08-29 14:11:38,508: INFO: tabular]: Starting cross validation
[2022-08-29 14:11:38,509: INFO: tabular]: Cross validating with KFold(n_splits=10, random_state=8735, shuffle=True), n_jobs=-1
[2022-08-29 14:11:38,601: INFO: tabular]: Calculating mean and std
[2022-08-29 14:11:38,601: INFO: tabular]: Creating metrics dataframe
[2022-08-29 14:11:38,605: INFO: tabular]: Uploading results into container
[2022-08-29 14:11:38,605: INFO: tabular]: Uploading model into container now
[2022-08-29 14:11:38,606: INFO: tabular]: create_model_container: 8
[2022-08-29 14:11:38,606: INFO: tabular]: master_model_container: 8
[2022-08-29 14:11:38,606: INFO: tabular]: display_container: 2
[2022-08-29 14:11:38,606: INFO: tabular]: BayesianRidge(alpha_1=1e-06, alpha_2=1e-06, alpha_init=None,
              compute_score=False, copy_X=True, fit_intercept=True,
              lambda_1=1e-06, lambda_2=1e-06, lambda_init=None, n_iter=300,
              normalize=False, tol=0.001, verbose=False)
[2022-08-29 14:11:38,606: INFO: tabular]: create_model() succesfully completed......................................
[2022-08-29 14:11:38,663: INFO: tabular]: SubProcess create_model() end ==================================
[2022-08-29 14:11:38,663: INFO: tabular]: Creating metrics dataframe
[2022-08-29 14:11:38,670: INFO: tabular]: Initializing Passive Aggressive Regressor
[2022-08-29 14:11:38,670: INFO: tabular]: Total runtime is 0.17595340808232623 minutes
[2022-08-29 14:11:38,676: INFO: tabular]: SubProcess create_model() called ==================================
[2022-08-29 14:11:38,677: INFO: tabular]: Initializing create_model()
[2022-08-29 14:11:38,677: INFO: tabular]: create_model(estimator=par, fold=KFold(n_splits=10, random_state=8735, shuffle=True), round=4, cross_validation=True, predict=True, fit_kwargs={}, groups=None, refit=False, verbose=False, system=False, metrics=None, experiment_custom_tags=None, add_to_model_list=True, probability_threshold=None, display=<pycaret.internal.Display.Display object at 0x000002373FA75F08>, return_train_score=False, kwargs={})
[2022-08-29 14:11:38,677: INFO: tabular]: Checking exceptions
[2022-08-29 14:11:38,677: INFO: tabular]: Importing libraries
[2022-08-29 14:11:38,678: INFO: tabular]: Copying training dataset
[2022-08-29 14:11:38,678: INFO: tabular]: Defining folds
[2022-08-29 14:11:38,678: INFO: tabular]: Declaring metric variables
[2022-08-29 14:11:38,684: INFO: tabular]: Importing untrained model
[2022-08-29 14:11:38,695: INFO: tabular]: Passive Aggressive Regressor Imported succesfully
[2022-08-29 14:11:38,707: INFO: tabular]: Starting cross validation
[2022-08-29 14:11:38,708: INFO: tabular]: Cross validating with KFold(n_splits=10, random_state=8735, shuffle=True), n_jobs=-1
[2022-08-29 14:11:38,833: INFO: tabular]: Calculating mean and std
[2022-08-29 14:11:38,833: INFO: tabular]: Creating metrics dataframe
[2022-08-29 14:11:38,841: INFO: tabular]: Uploading results into container
[2022-08-29 14:11:38,841: INFO: tabular]: Uploading model into container now
[2022-08-29 14:11:38,841: INFO: tabular]: create_model_container: 9
[2022-08-29 14:11:38,841: INFO: tabular]: master_model_container: 9
[2022-08-29 14:11:38,841: INFO: tabular]: display_container: 2
[2022-08-29 14:11:38,842: INFO: tabular]: PassiveAggressiveRegressor(C=1.0, average=False, early_stopping=False,
                           epsilon=0.1, fit_intercept=True,
                           loss='epsilon_insensitive', max_iter=1000,
                           n_iter_no_change=5, random_state=8735, shuffle=True,
                           tol=0.001, validation_fraction=0.1, verbose=0,
                           warm_start=False)
[2022-08-29 14:11:38,842: INFO: tabular]: create_model() succesfully completed......................................
[2022-08-29 14:11:38,920: INFO: tabular]: SubProcess create_model() end ==================================
[2022-08-29 14:11:38,920: INFO: tabular]: Creating metrics dataframe
[2022-08-29 14:11:38,928: INFO: tabular]: Initializing Huber Regressor
[2022-08-29 14:11:38,928: INFO: tabular]: Total runtime is 0.18025828202565508 minutes
[2022-08-29 14:11:38,935: INFO: tabular]: SubProcess create_model() called ==================================
[2022-08-29 14:11:38,935: INFO: tabular]: Initializing create_model()
[2022-08-29 14:11:38,935: INFO: tabular]: create_model(estimator=huber, fold=KFold(n_splits=10, random_state=8735, shuffle=True), round=4, cross_validation=True, predict=True, fit_kwargs={}, groups=None, refit=False, verbose=False, system=False, metrics=None, experiment_custom_tags=None, add_to_model_list=True, probability_threshold=None, display=<pycaret.internal.Display.Display object at 0x000002373FA75F08>, return_train_score=False, kwargs={})
[2022-08-29 14:11:38,935: INFO: tabular]: Checking exceptions
[2022-08-29 14:11:38,935: INFO: tabular]: Importing libraries
[2022-08-29 14:11:38,936: INFO: tabular]: Copying training dataset
[2022-08-29 14:11:38,936: INFO: tabular]: Defining folds
[2022-08-29 14:11:38,936: INFO: tabular]: Declaring metric variables
[2022-08-29 14:11:38,942: INFO: tabular]: Importing untrained model
[2022-08-29 14:11:38,948: INFO: tabular]: Huber Regressor Imported succesfully
[2022-08-29 14:11:38,960: INFO: tabular]: Starting cross validation
[2022-08-29 14:11:38,961: INFO: tabular]: Cross validating with KFold(n_splits=10, random_state=8735, shuffle=True), n_jobs=-1
[2022-08-29 14:11:39,064: INFO: tabular]: Calculating mean and std
[2022-08-29 14:11:39,065: INFO: tabular]: Creating metrics dataframe
[2022-08-29 14:11:39,069: INFO: tabular]: Uploading results into container
[2022-08-29 14:11:39,069: INFO: tabular]: Uploading model into container now
[2022-08-29 14:11:39,069: INFO: tabular]: create_model_container: 10
[2022-08-29 14:11:39,070: INFO: tabular]: master_model_container: 10
[2022-08-29 14:11:39,070: INFO: tabular]: display_container: 2
[2022-08-29 14:11:39,070: INFO: tabular]: HuberRegressor(alpha=0.0001, epsilon=1.35, fit_intercept=True, max_iter=100,
               tol=1e-05, warm_start=False)
[2022-08-29 14:11:39,070: INFO: tabular]: create_model() succesfully completed......................................
[2022-08-29 14:11:39,126: INFO: tabular]: SubProcess create_model() end ==================================
[2022-08-29 14:11:39,126: INFO: tabular]: Creating metrics dataframe
[2022-08-29 14:11:39,133: INFO: tabular]: Initializing K Neighbors Regressor
[2022-08-29 14:11:39,134: INFO: tabular]: Total runtime is 0.18368376096089678 minutes
[2022-08-29 14:11:39,141: INFO: tabular]: SubProcess create_model() called ==================================
[2022-08-29 14:11:39,142: INFO: tabular]: Initializing create_model()
[2022-08-29 14:11:39,142: INFO: tabular]: create_model(estimator=knn, fold=KFold(n_splits=10, random_state=8735, shuffle=True), round=4, cross_validation=True, predict=True, fit_kwargs={}, groups=None, refit=False, verbose=False, system=False, metrics=None, experiment_custom_tags=None, add_to_model_list=True, probability_threshold=None, display=<pycaret.internal.Display.Display object at 0x000002373FA75F08>, return_train_score=False, kwargs={})
[2022-08-29 14:11:39,143: INFO: tabular]: Checking exceptions
[2022-08-29 14:11:39,143: INFO: tabular]: Importing libraries
[2022-08-29 14:11:39,143: INFO: tabular]: Copying training dataset
[2022-08-29 14:11:39,144: INFO: tabular]: Defining folds
[2022-08-29 14:11:39,144: INFO: tabular]: Declaring metric variables
[2022-08-29 14:11:39,152: INFO: tabular]: Importing untrained model
[2022-08-29 14:11:39,161: INFO: tabular]: K Neighbors Regressor Imported succesfully
[2022-08-29 14:11:39,179: INFO: tabular]: Starting cross validation
[2022-08-29 14:11:39,181: INFO: tabular]: Cross validating with KFold(n_splits=10, random_state=8735, shuffle=True), n_jobs=-1
[2022-08-29 14:11:39,477: INFO: tabular]: Calculating mean and std
[2022-08-29 14:11:39,477: INFO: tabular]: Creating metrics dataframe
[2022-08-29 14:11:39,481: INFO: tabular]: Uploading results into container
[2022-08-29 14:11:39,481: INFO: tabular]: Uploading model into container now
[2022-08-29 14:11:39,481: INFO: tabular]: create_model_container: 11
[2022-08-29 14:11:39,481: INFO: tabular]: master_model_container: 11
[2022-08-29 14:11:39,481: INFO: tabular]: display_container: 2
[2022-08-29 14:11:39,481: INFO: tabular]: KNeighborsRegressor(algorithm='auto', leaf_size=30, metric='minkowski',
                    metric_params=None, n_jobs=-1, n_neighbors=5, p=2,
                    weights='uniform')
[2022-08-29 14:11:39,481: INFO: tabular]: create_model() succesfully completed......................................
[2022-08-29 14:11:39,538: INFO: tabular]: SubProcess create_model() end ==================================
[2022-08-29 14:11:39,538: INFO: tabular]: Creating metrics dataframe
[2022-08-29 14:11:39,545: INFO: tabular]: Initializing Decision Tree Regressor
[2022-08-29 14:11:39,545: INFO: tabular]: Total runtime is 0.19054300785064696 minutes
[2022-08-29 14:11:39,551: INFO: tabular]: SubProcess create_model() called ==================================
[2022-08-29 14:11:39,551: INFO: tabular]: Initializing create_model()
[2022-08-29 14:11:39,551: INFO: tabular]: create_model(estimator=dt, fold=KFold(n_splits=10, random_state=8735, shuffle=True), round=4, cross_validation=True, predict=True, fit_kwargs={}, groups=None, refit=False, verbose=False, system=False, metrics=None, experiment_custom_tags=None, add_to_model_list=True, probability_threshold=None, display=<pycaret.internal.Display.Display object at 0x000002373FA75F08>, return_train_score=False, kwargs={})
[2022-08-29 14:11:39,551: INFO: tabular]: Checking exceptions
[2022-08-29 14:11:39,552: INFO: tabular]: Importing libraries
[2022-08-29 14:11:39,552: INFO: tabular]: Copying training dataset
[2022-08-29 14:11:39,552: INFO: tabular]: Defining folds
[2022-08-29 14:11:39,552: INFO: tabular]: Declaring metric variables
[2022-08-29 14:11:39,558: INFO: tabular]: Importing untrained model
[2022-08-29 14:11:39,567: INFO: tabular]: Decision Tree Regressor Imported succesfully
[2022-08-29 14:11:39,583: INFO: tabular]: Starting cross validation
[2022-08-29 14:11:39,584: INFO: tabular]: Cross validating with KFold(n_splits=10, random_state=8735, shuffle=True), n_jobs=-1
[2022-08-29 14:11:39,710: INFO: tabular]: Calculating mean and std
[2022-08-29 14:11:39,711: INFO: tabular]: Creating metrics dataframe
[2022-08-29 14:11:39,718: INFO: tabular]: Uploading results into container
[2022-08-29 14:11:39,718: INFO: tabular]: Uploading model into container now
[2022-08-29 14:11:39,718: INFO: tabular]: create_model_container: 12
[2022-08-29 14:11:39,719: INFO: tabular]: master_model_container: 12
[2022-08-29 14:11:39,719: INFO: tabular]: display_container: 2
[2022-08-29 14:11:39,719: INFO: tabular]: DecisionTreeRegressor(ccp_alpha=0.0, criterion='mse', max_depth=None,
                      max_features=None, max_leaf_nodes=None,
                      min_impurity_decrease=0.0, min_impurity_split=None,
                      min_samples_leaf=1, min_samples_split=2,
                      min_weight_fraction_leaf=0.0, presort='deprecated',
                      random_state=8735, splitter='best')
[2022-08-29 14:11:39,719: INFO: tabular]: create_model() succesfully completed......................................
[2022-08-29 14:11:39,798: INFO: tabular]: SubProcess create_model() end ==================================
[2022-08-29 14:11:39,798: INFO: tabular]: Creating metrics dataframe
[2022-08-29 14:11:39,806: INFO: tabular]: Initializing Random Forest Regressor
[2022-08-29 14:11:39,806: INFO: tabular]: Total runtime is 0.19488698244094846 minutes
[2022-08-29 14:11:39,813: INFO: tabular]: SubProcess create_model() called ==================================
[2022-08-29 14:11:39,814: INFO: tabular]: Initializing create_model()
[2022-08-29 14:11:39,814: INFO: tabular]: create_model(estimator=rf, fold=KFold(n_splits=10, random_state=8735, shuffle=True), round=4, cross_validation=True, predict=True, fit_kwargs={}, groups=None, refit=False, verbose=False, system=False, metrics=None, experiment_custom_tags=None, add_to_model_list=True, probability_threshold=None, display=<pycaret.internal.Display.Display object at 0x000002373FA75F08>, return_train_score=False, kwargs={})
[2022-08-29 14:11:39,814: INFO: tabular]: Checking exceptions
[2022-08-29 14:11:39,814: INFO: tabular]: Importing libraries
[2022-08-29 14:11:39,814: INFO: tabular]: Copying training dataset
[2022-08-29 14:11:39,815: INFO: tabular]: Defining folds
[2022-08-29 14:11:39,815: INFO: tabular]: Declaring metric variables
[2022-08-29 14:11:39,819: INFO: tabular]: Importing untrained model
[2022-08-29 14:11:39,826: INFO: tabular]: Random Forest Regressor Imported succesfully
[2022-08-29 14:11:39,840: INFO: tabular]: Starting cross validation
[2022-08-29 14:11:39,841: INFO: tabular]: Cross validating with KFold(n_splits=10, random_state=8735, shuffle=True), n_jobs=-1
[2022-08-29 14:11:41,793: INFO: tabular]: Calculating mean and std
[2022-08-29 14:11:41,794: INFO: tabular]: Creating metrics dataframe
[2022-08-29 14:11:41,801: INFO: tabular]: Uploading results into container
[2022-08-29 14:11:41,801: INFO: tabular]: Uploading model into container now
[2022-08-29 14:11:41,802: INFO: tabular]: create_model_container: 13
[2022-08-29 14:11:41,802: INFO: tabular]: master_model_container: 13
[2022-08-29 14:11:41,802: INFO: tabular]: display_container: 2
[2022-08-29 14:11:41,803: INFO: tabular]: RandomForestRegressor(bootstrap=True, ccp_alpha=0.0, criterion='mse',
                      max_depth=None, max_features='auto', max_leaf_nodes=None,
                      max_samples=None, min_impurity_decrease=0.0,
                      min_impurity_split=None, min_samples_leaf=1,
                      min_samples_split=2, min_weight_fraction_leaf=0.0,
                      n_estimators=100, n_jobs=-1, oob_score=False,
                      random_state=8735, verbose=0, warm_start=False)
[2022-08-29 14:11:41,803: INFO: tabular]: create_model() succesfully completed......................................
[2022-08-29 14:11:41,865: INFO: tabular]: SubProcess create_model() end ==================================
[2022-08-29 14:11:41,866: INFO: tabular]: Creating metrics dataframe
[2022-08-29 14:11:41,873: INFO: tabular]: Initializing Extra Trees Regressor
[2022-08-29 14:11:41,873: INFO: tabular]: Total runtime is 0.22933532396952308 minutes
[2022-08-29 14:11:41,880: INFO: tabular]: SubProcess create_model() called ==================================
[2022-08-29 14:11:41,881: INFO: tabular]: Initializing create_model()
[2022-08-29 14:11:41,881: INFO: tabular]: create_model(estimator=et, fold=KFold(n_splits=10, random_state=8735, shuffle=True), round=4, cross_validation=True, predict=True, fit_kwargs={}, groups=None, refit=False, verbose=False, system=False, metrics=None, experiment_custom_tags=None, add_to_model_list=True, probability_threshold=None, display=<pycaret.internal.Display.Display object at 0x000002373FA75F08>, return_train_score=False, kwargs={})
[2022-08-29 14:11:41,881: INFO: tabular]: Checking exceptions
[2022-08-29 14:11:41,881: INFO: tabular]: Importing libraries
[2022-08-29 14:11:41,881: INFO: tabular]: Copying training dataset
[2022-08-29 14:11:41,881: INFO: tabular]: Defining folds
[2022-08-29 14:11:41,881: INFO: tabular]: Declaring metric variables
[2022-08-29 14:11:41,887: INFO: tabular]: Importing untrained model
[2022-08-29 14:11:41,893: INFO: tabular]: Extra Trees Regressor Imported succesfully
[2022-08-29 14:11:41,904: INFO: tabular]: Starting cross validation
[2022-08-29 14:11:41,905: INFO: tabular]: Cross validating with KFold(n_splits=10, random_state=8735, shuffle=True), n_jobs=-1
[2022-08-29 14:11:43,589: INFO: tabular]: Calculating mean and std
[2022-08-29 14:11:43,589: INFO: tabular]: Creating metrics dataframe
[2022-08-29 14:11:43,597: INFO: tabular]: Uploading results into container
[2022-08-29 14:11:43,597: INFO: tabular]: Uploading model into container now
[2022-08-29 14:11:43,597: INFO: tabular]: create_model_container: 14
[2022-08-29 14:11:43,597: INFO: tabular]: master_model_container: 14
[2022-08-29 14:11:43,597: INFO: tabular]: display_container: 2
[2022-08-29 14:11:43,598: INFO: tabular]: ExtraTreesRegressor(bootstrap=False, ccp_alpha=0.0, criterion='mse',
                    max_depth=None, max_features='auto', max_leaf_nodes=None,
                    max_samples=None, min_impurity_decrease=0.0,
                    min_impurity_split=None, min_samples_leaf=1,
                    min_samples_split=2, min_weight_fraction_leaf=0.0,
                    n_estimators=100, n_jobs=-1, oob_score=False,
                    random_state=8735, verbose=0, warm_start=False)
[2022-08-29 14:11:43,599: INFO: tabular]: create_model() succesfully completed......................................
[2022-08-29 14:11:43,663: INFO: tabular]: SubProcess create_model() end ==================================
[2022-08-29 14:11:43,664: INFO: tabular]: Creating metrics dataframe
[2022-08-29 14:11:43,673: INFO: tabular]: Initializing AdaBoost Regressor
[2022-08-29 14:11:43,673: INFO: tabular]: Total runtime is 0.2593303044637044 minutes
[2022-08-29 14:11:43,678: INFO: tabular]: SubProcess create_model() called ==================================
[2022-08-29 14:11:43,679: INFO: tabular]: Initializing create_model()
[2022-08-29 14:11:43,679: INFO: tabular]: create_model(estimator=ada, fold=KFold(n_splits=10, random_state=8735, shuffle=True), round=4, cross_validation=True, predict=True, fit_kwargs={}, groups=None, refit=False, verbose=False, system=False, metrics=None, experiment_custom_tags=None, add_to_model_list=True, probability_threshold=None, display=<pycaret.internal.Display.Display object at 0x000002373FA75F08>, return_train_score=False, kwargs={})
[2022-08-29 14:11:43,679: INFO: tabular]: Checking exceptions
[2022-08-29 14:11:43,679: INFO: tabular]: Importing libraries
[2022-08-29 14:11:43,679: INFO: tabular]: Copying training dataset
[2022-08-29 14:11:43,681: INFO: tabular]: Defining folds
[2022-08-29 14:11:43,681: INFO: tabular]: Declaring metric variables
[2022-08-29 14:11:43,686: INFO: tabular]: Importing untrained model
[2022-08-29 14:11:43,691: INFO: tabular]: AdaBoost Regressor Imported succesfully
[2022-08-29 14:11:43,703: INFO: tabular]: Starting cross validation
[2022-08-29 14:11:43,703: INFO: tabular]: Cross validating with KFold(n_splits=10, random_state=8735, shuffle=True), n_jobs=-1
[2022-08-29 14:11:44,014: INFO: tabular]: Calculating mean and std
[2022-08-29 14:11:44,014: INFO: tabular]: Creating metrics dataframe
[2022-08-29 14:11:44,019: INFO: tabular]: Uploading results into container
[2022-08-29 14:11:44,019: INFO: tabular]: Uploading model into container now
[2022-08-29 14:11:44,019: INFO: tabular]: create_model_container: 15
[2022-08-29 14:11:44,019: INFO: tabular]: master_model_container: 15
[2022-08-29 14:11:44,019: INFO: tabular]: display_container: 2
[2022-08-29 14:11:44,019: INFO: tabular]: AdaBoostRegressor(base_estimator=None, learning_rate=1.0, loss='linear',
                  n_estimators=50, random_state=8735)
[2022-08-29 14:11:44,019: INFO: tabular]: create_model() succesfully completed......................................
[2022-08-29 14:11:44,079: INFO: tabular]: SubProcess create_model() end ==================================
[2022-08-29 14:11:44,079: INFO: tabular]: Creating metrics dataframe
[2022-08-29 14:11:44,088: INFO: tabular]: Initializing Gradient Boosting Regressor
[2022-08-29 14:11:44,088: INFO: tabular]: Total runtime is 0.2662527839342753 minutes
[2022-08-29 14:11:44,095: INFO: tabular]: SubProcess create_model() called ==================================
[2022-08-29 14:11:44,096: INFO: tabular]: Initializing create_model()
[2022-08-29 14:11:44,096: INFO: tabular]: create_model(estimator=gbr, fold=KFold(n_splits=10, random_state=8735, shuffle=True), round=4, cross_validation=True, predict=True, fit_kwargs={}, groups=None, refit=False, verbose=False, system=False, metrics=None, experiment_custom_tags=None, add_to_model_list=True, probability_threshold=None, display=<pycaret.internal.Display.Display object at 0x000002373FA75F08>, return_train_score=False, kwargs={})
[2022-08-29 14:11:44,096: INFO: tabular]: Checking exceptions
[2022-08-29 14:11:44,096: INFO: tabular]: Importing libraries
[2022-08-29 14:11:44,097: INFO: tabular]: Copying training dataset
[2022-08-29 14:11:44,097: INFO: tabular]: Defining folds
[2022-08-29 14:11:44,097: INFO: tabular]: Declaring metric variables
[2022-08-29 14:11:44,104: INFO: tabular]: Importing untrained model
[2022-08-29 14:11:44,114: INFO: tabular]: Gradient Boosting Regressor Imported succesfully
[2022-08-29 14:11:44,127: INFO: tabular]: Starting cross validation
[2022-08-29 14:11:44,128: INFO: tabular]: Cross validating with KFold(n_splits=10, random_state=8735, shuffle=True), n_jobs=-1
[2022-08-29 14:11:44,479: INFO: tabular]: Calculating mean and std
[2022-08-29 14:11:44,479: INFO: tabular]: Creating metrics dataframe
[2022-08-29 14:11:44,483: INFO: tabular]: Uploading results into container
[2022-08-29 14:11:44,484: INFO: tabular]: Uploading model into container now
[2022-08-29 14:11:44,484: INFO: tabular]: create_model_container: 16
[2022-08-29 14:11:44,484: INFO: tabular]: master_model_container: 16
[2022-08-29 14:11:44,484: INFO: tabular]: display_container: 2
[2022-08-29 14:11:44,484: INFO: tabular]: GradientBoostingRegressor(alpha=0.9, ccp_alpha=0.0, criterion='friedman_mse',
                          init=None, learning_rate=0.1, loss='ls', max_depth=3,
                          max_features=None, max_leaf_nodes=None,
                          min_impurity_decrease=0.0, min_impurity_split=None,
                          min_samples_leaf=1, min_samples_split=2,
                          min_weight_fraction_leaf=0.0, n_estimators=100,
                          n_iter_no_change=None, presort='deprecated',
                          random_state=8735, subsample=1.0, tol=0.0001,
                          validation_fraction=0.1, verbose=0, warm_start=False)
[2022-08-29 14:11:44,484: INFO: tabular]: create_model() succesfully completed......................................
[2022-08-29 14:11:44,545: INFO: tabular]: SubProcess create_model() end ==================================
[2022-08-29 14:11:44,545: INFO: tabular]: Creating metrics dataframe
[2022-08-29 14:11:44,553: INFO: tabular]: Initializing Light Gradient Boosting Machine
[2022-08-29 14:11:44,553: INFO: tabular]: Total runtime is 0.2740126967430115 minutes
[2022-08-29 14:11:44,560: INFO: tabular]: SubProcess create_model() called ==================================
[2022-08-29 14:11:44,560: INFO: tabular]: Initializing create_model()
[2022-08-29 14:11:44,561: INFO: tabular]: create_model(estimator=lightgbm, fold=KFold(n_splits=10, random_state=8735, shuffle=True), round=4, cross_validation=True, predict=True, fit_kwargs={}, groups=None, refit=False, verbose=False, system=False, metrics=None, experiment_custom_tags=None, add_to_model_list=True, probability_threshold=None, display=<pycaret.internal.Display.Display object at 0x000002373FA75F08>, return_train_score=False, kwargs={})
[2022-08-29 14:11:44,561: INFO: tabular]: Checking exceptions
[2022-08-29 14:11:44,561: INFO: tabular]: Importing libraries
[2022-08-29 14:11:44,561: INFO: tabular]: Copying training dataset
[2022-08-29 14:11:44,561: INFO: tabular]: Defining folds
[2022-08-29 14:11:44,561: INFO: tabular]: Declaring metric variables
[2022-08-29 14:11:44,567: INFO: tabular]: Importing untrained model
[2022-08-29 14:11:44,574: INFO: tabular]: Light Gradient Boosting Machine Imported succesfully
[2022-08-29 14:11:44,586: INFO: tabular]: Starting cross validation
[2022-08-29 14:11:44,587: INFO: tabular]: Cross validating with KFold(n_splits=10, random_state=8735, shuffle=True), n_jobs=-1
[2022-08-29 14:11:44,838: INFO: tabular]: Calculating mean and std
[2022-08-29 14:11:44,839: INFO: tabular]: Creating metrics dataframe
[2022-08-29 14:11:44,843: INFO: tabular]: Uploading results into container
[2022-08-29 14:11:44,844: INFO: tabular]: Uploading model into container now
[2022-08-29 14:11:44,844: INFO: tabular]: create_model_container: 17
[2022-08-29 14:11:44,844: INFO: tabular]: master_model_container: 17
[2022-08-29 14:11:44,844: INFO: tabular]: display_container: 2
[2022-08-29 14:11:44,844: INFO: tabular]: LGBMRegressor(boosting_type='gbdt', class_weight=None, colsample_bytree=1.0,
              importance_type='split', learning_rate=0.1, max_depth=-1,
              min_child_samples=20, min_child_weight=0.001, min_split_gain=0.0,
              n_estimators=100, n_jobs=-1, num_leaves=31, objective=None,
              random_state=8735, reg_alpha=0.0, reg_lambda=0.0, silent='warn',
              subsample=1.0, subsample_for_bin=200000, subsample_freq=0)
[2022-08-29 14:11:44,844: INFO: tabular]: create_model() succesfully completed......................................
[2022-08-29 14:11:44,898: INFO: tabular]: SubProcess create_model() end ==================================
[2022-08-29 14:11:44,898: INFO: tabular]: Creating metrics dataframe
[2022-08-29 14:11:44,906: INFO: tabular]: Initializing Dummy Regressor
[2022-08-29 14:11:44,906: INFO: tabular]: Total runtime is 0.2798960248629252 minutes
[2022-08-29 14:11:44,911: INFO: tabular]: SubProcess create_model() called ==================================
[2022-08-29 14:11:44,911: INFO: tabular]: Initializing create_model()
[2022-08-29 14:11:44,912: INFO: tabular]: create_model(estimator=dummy, fold=KFold(n_splits=10, random_state=8735, shuffle=True), round=4, cross_validation=True, predict=True, fit_kwargs={}, groups=None, refit=False, verbose=False, system=False, metrics=None, experiment_custom_tags=None, add_to_model_list=True, probability_threshold=None, display=<pycaret.internal.Display.Display object at 0x000002373FA75F08>, return_train_score=False, kwargs={})
[2022-08-29 14:11:44,912: INFO: tabular]: Checking exceptions
[2022-08-29 14:11:44,912: INFO: tabular]: Importing libraries
[2022-08-29 14:11:44,912: INFO: tabular]: Copying training dataset
[2022-08-29 14:11:44,912: INFO: tabular]: Defining folds
[2022-08-29 14:11:44,912: INFO: tabular]: Declaring metric variables
[2022-08-29 14:11:44,918: INFO: tabular]: Importing untrained model
[2022-08-29 14:11:44,923: INFO: tabular]: Dummy Regressor Imported succesfully
[2022-08-29 14:11:44,936: INFO: tabular]: Starting cross validation
[2022-08-29 14:11:44,937: INFO: tabular]: Cross validating with KFold(n_splits=10, random_state=8735, shuffle=True), n_jobs=-1
[2022-08-29 14:11:45,012: INFO: tabular]: Calculating mean and std
[2022-08-29 14:11:45,014: INFO: tabular]: Creating metrics dataframe
[2022-08-29 14:11:45,019: INFO: tabular]: Uploading results into container
[2022-08-29 14:11:45,019: INFO: tabular]: Uploading model into container now
[2022-08-29 14:11:45,019: INFO: tabular]: create_model_container: 18
[2022-08-29 14:11:45,019: INFO: tabular]: master_model_container: 18
[2022-08-29 14:11:45,019: INFO: tabular]: display_container: 2
[2022-08-29 14:11:45,019: INFO: tabular]: DummyRegressor(constant=None, quantile=None, strategy='mean')
[2022-08-29 14:11:45,019: INFO: tabular]: create_model() succesfully completed......................................
[2022-08-29 14:11:45,084: INFO: tabular]: SubProcess create_model() end ==================================
[2022-08-29 14:11:45,084: INFO: tabular]: Creating metrics dataframe
[2022-08-29 14:11:45,110: INFO: tabular]: Initializing create_model()
[2022-08-29 14:11:45,111: INFO: tabular]: create_model(estimator=LGBMRegressor(boosting_type='gbdt', class_weight=None, colsample_bytree=1.0,
              importance_type='split', learning_rate=0.1, max_depth=-1,
              min_child_samples=20, min_child_weight=0.001, min_split_gain=0.0,
              n_estimators=100, n_jobs=-1, num_leaves=31, objective=None,
              random_state=8735, reg_alpha=0.0, reg_lambda=0.0, silent='warn',
              subsample=1.0, subsample_for_bin=200000, subsample_freq=0), fold=KFold(n_splits=10, random_state=8735, shuffle=True), round=4, cross_validation=False, predict=False, fit_kwargs={}, groups=None, refit=True, verbose=False, system=False, metrics=None, experiment_custom_tags=None, add_to_model_list=True, probability_threshold=None, display=None, return_train_score=False, kwargs={})
[2022-08-29 14:11:45,111: INFO: tabular]: Checking exceptions
[2022-08-29 14:11:45,111: INFO: tabular]: Importing libraries
[2022-08-29 14:11:45,111: INFO: tabular]: Copying training dataset
[2022-08-29 14:11:45,112: INFO: tabular]: Defining folds
[2022-08-29 14:11:45,112: INFO: tabular]: Declaring metric variables
[2022-08-29 14:11:45,113: INFO: tabular]: Importing untrained model
[2022-08-29 14:11:45,113: INFO: tabular]: Declaring custom model
[2022-08-29 14:11:45,114: INFO: tabular]: Light Gradient Boosting Machine Imported succesfully
[2022-08-29 14:11:45,114: INFO: tabular]: Cross validation set to False
[2022-08-29 14:11:45,114: INFO: tabular]: Fitting Model
[2022-08-29 14:11:45,190: INFO: tabular]: LGBMRegressor(boosting_type='gbdt', class_weight=None, colsample_bytree=1.0,
              importance_type='split', learning_rate=0.1, max_depth=-1,
              min_child_samples=20, min_child_weight=0.001, min_split_gain=0.0,
              n_estimators=100, n_jobs=-1, num_leaves=31, objective=None,
              random_state=8735, reg_alpha=0.0, reg_lambda=0.0, silent='warn',
              subsample=1.0, subsample_for_bin=200000, subsample_freq=0)
[2022-08-29 14:11:45,191: INFO: tabular]: create_models() succesfully completed......................................
[2022-08-29 14:11:45,289: INFO: tabular]: create_model_container: 18
[2022-08-29 14:11:45,289: INFO: tabular]: master_model_container: 18
[2022-08-29 14:11:45,289: INFO: tabular]: display_container: 2
[2022-08-29 14:11:45,290: INFO: tabular]: LGBMRegressor(boosting_type='gbdt', class_weight=None, colsample_bytree=1.0,
              importance_type='split', learning_rate=0.1, max_depth=-1,
              min_child_samples=20, min_child_weight=0.001, min_split_gain=0.0,
              n_estimators=100, n_jobs=-1, num_leaves=31, objective=None,
              random_state=8735, reg_alpha=0.0, reg_lambda=0.0, silent='warn',
              subsample=1.0, subsample_for_bin=200000, subsample_freq=0)
[2022-08-29 14:11:45,290: INFO: tabular]: compare_models() succesfully completed......................................
[2022-08-29 14:11:45,291: INFO: tabular]: Initializing tune_model()
[2022-08-29 14:11:45,291: INFO: tabular]: tune_model(estimator=LGBMRegressor(boosting_type='gbdt', class_weight=None, colsample_bytree=1.0,
              importance_type='split', learning_rate=0.1, max_depth=-1,
              min_child_samples=20, min_child_weight=0.001, min_split_gain=0.0,
              n_estimators=100, n_jobs=-1, num_leaves=31, objective=None,
              random_state=8735, reg_alpha=0.0, reg_lambda=0.0, silent='warn',
              subsample=1.0, subsample_for_bin=200000, subsample_freq=0), fold=None, round=4, n_iter=10, custom_grid=None, optimize=R2, custom_scorer=None, search_library=scikit-learn, search_algorithm=None, early_stopping=False, early_stopping_max_iters=10, choose_better=False, fit_kwargs=None, groups=None, return_tuner=False, verbose=True, tuner_verbose=True, display=None, return_train_score=False, kwargs={})
[2022-08-29 14:11:45,291: INFO: tabular]: Checking exceptions
[2022-08-29 14:11:45,291: INFO: Display]: Preparing display monitor
[2022-08-29 14:11:45,305: INFO: tabular]: Copying training dataset
[2022-08-29 14:11:45,305: INFO: tabular]: Checking base model
[2022-08-29 14:11:45,305: INFO: tabular]: Base model : Light Gradient Boosting Machine
[2022-08-29 14:11:45,318: INFO: tabular]: Declaring metric variables
[2022-08-29 14:11:45,331: INFO: tabular]: Defining Hyperparameters
[2022-08-29 14:11:45,396: INFO: tabular]: Tuning with n_jobs=-1
[2022-08-29 14:11:45,396: INFO: tabular]: Initializing RandomizedSearchCV
[2022-08-29 14:11:47,339: INFO: tabular]: best_params: {'actual_estimator__reg_lambda': 0.0005, 'actual_estimator__reg_alpha': 0.1, 'actual_estimator__num_leaves': 80, 'actual_estimator__n_estimators': 120, 'actual_estimator__min_split_gain': 0.4, 'actual_estimator__min_child_samples': 11, 'actual_estimator__learning_rate': 0.1, 'actual_estimator__feature_fraction': 1.0, 'actual_estimator__bagging_freq': 2, 'actual_estimator__bagging_fraction': 0.9}
[2022-08-29 14:11:47,339: INFO: tabular]: Hyperparameter search completed
[2022-08-29 14:11:47,339: INFO: tabular]: SubProcess create_model() called ==================================
[2022-08-29 14:11:47,340: INFO: tabular]: Initializing create_model()
[2022-08-29 14:11:47,341: INFO: tabular]: create_model(estimator=LGBMRegressor(boosting_type='gbdt', class_weight=None, colsample_bytree=1.0,
              importance_type='split', learning_rate=0.1, max_depth=-1,
              min_child_samples=20, min_child_weight=0.001, min_split_gain=0.0,
              n_estimators=100, n_jobs=-1, num_leaves=31, objective=None,
              random_state=8735, reg_alpha=0.0, reg_lambda=0.0, silent='warn',
              subsample=1.0, subsample_for_bin=200000, subsample_freq=0), fold=KFold(n_splits=10, random_state=8735, shuffle=True), round=4, cross_validation=True, predict=True, fit_kwargs={}, groups=None, refit=True, verbose=True, system=False, metrics=None, experiment_custom_tags=None, add_to_model_list=True, probability_threshold=None, display=<pycaret.internal.Display.Display object at 0x00000237647556C8>, return_train_score=False, kwargs={'reg_lambda': 0.0005, 'reg_alpha': 0.1, 'num_leaves': 80, 'n_estimators': 120, 'min_split_gain': 0.4, 'min_child_samples': 11, 'learning_rate': 0.1, 'feature_fraction': 1.0, 'bagging_freq': 2, 'bagging_fraction': 0.9})
[2022-08-29 14:11:47,341: INFO: tabular]: Checking exceptions
[2022-08-29 14:11:47,341: INFO: tabular]: Importing libraries
[2022-08-29 14:11:47,341: INFO: tabular]: Copying training dataset
[2022-08-29 14:11:47,341: INFO: tabular]: Defining folds
[2022-08-29 14:11:47,342: INFO: tabular]: Declaring metric variables
[2022-08-29 14:11:47,355: INFO: tabular]: Importing untrained model
[2022-08-29 14:11:47,355: INFO: tabular]: Declaring custom model
[2022-08-29 14:11:47,372: INFO: tabular]: Light Gradient Boosting Machine Imported succesfully
[2022-08-29 14:11:47,400: INFO: tabular]: Starting cross validation
[2022-08-29 14:11:47,401: INFO: tabular]: Cross validating with KFold(n_splits=10, random_state=8735, shuffle=True), n_jobs=-1
[2022-08-29 14:11:47,764: INFO: tabular]: Calculating mean and std
[2022-08-29 14:11:47,764: INFO: tabular]: Creating metrics dataframe
[2022-08-29 14:11:47,779: INFO: tabular]: Finalizing model
[2022-08-29 14:11:47,911: INFO: tabular]: Uploading results into container
[2022-08-29 14:11:47,911: INFO: tabular]: Uploading model into container now
[2022-08-29 14:11:47,911: INFO: tabular]: create_model_container: 19
[2022-08-29 14:11:47,911: INFO: tabular]: master_model_container: 19
[2022-08-29 14:11:47,911: INFO: tabular]: display_container: 3
[2022-08-29 14:11:47,912: INFO: tabular]: LGBMRegressor(bagging_fraction=0.9, bagging_freq=2, boosting_type='gbdt',
              class_weight=None, colsample_bytree=1.0, feature_fraction=1.0,
              importance_type='split', learning_rate=0.1, max_depth=-1,
              min_child_samples=11, min_child_weight=0.001, min_split_gain=0.4,
              n_estimators=120, n_jobs=-1, num_leaves=80, objective=None,
              random_state=8735, reg_alpha=0.1, reg_lambda=0.0005,
              silent='warn', subsample=1.0, subsample_for_bin=200000,
              subsample_freq=0)
[2022-08-29 14:11:47,912: INFO: tabular]: create_model() succesfully completed......................................
[2022-08-29 14:11:47,984: INFO: tabular]: SubProcess create_model() end ==================================
[2022-08-29 14:11:47,985: INFO: tabular]: create_model_container: 19
[2022-08-29 14:11:47,985: INFO: tabular]: master_model_container: 19
[2022-08-29 14:11:47,985: INFO: tabular]: display_container: 3
[2022-08-29 14:11:47,986: INFO: tabular]: LGBMRegressor(bagging_fraction=0.9, bagging_freq=2, boosting_type='gbdt',
              class_weight=None, colsample_bytree=1.0, feature_fraction=1.0,
              importance_type='split', learning_rate=0.1, max_depth=-1,
              min_child_samples=11, min_child_weight=0.001, min_split_gain=0.4,
              n_estimators=120, n_jobs=-1, num_leaves=80, objective=None,
              random_state=8735, reg_alpha=0.1, reg_lambda=0.0005,
              silent='warn', subsample=1.0, subsample_for_bin=200000,
              subsample_freq=0)
[2022-08-29 14:11:47,986: INFO: tabular]: tune_model() succesfully completed......................................
[2022-08-29 14:11:48,053: INFO: tabular]: Initializing finalize_model()
[2022-08-29 14:11:48,053: INFO: tabular]: finalize_model(estimator=LGBMRegressor(bagging_fraction=0.9, bagging_freq=2, boosting_type='gbdt',
              class_weight=None, colsample_bytree=1.0, feature_fraction=1.0,
              importance_type='split', learning_rate=0.1, max_depth=-1,
              min_child_samples=11, min_child_weight=0.001, min_split_gain=0.4,
              n_estimators=120, n_jobs=-1, num_leaves=80, objective=None,
              random_state=8735, reg_alpha=0.1, reg_lambda=0.0005,
              silent='warn', subsample=1.0, subsample_for_bin=200000,
              subsample_freq=0), fit_kwargs=None, groups=None, model_only=True, display=None, experiment_custom_tags=None, return_train_score=False)
[2022-08-29 14:11:48,053: INFO: tabular]: Finalizing LGBMRegressor(bagging_fraction=0.9, bagging_freq=2, boosting_type='gbdt',
              class_weight=None, colsample_bytree=1.0, feature_fraction=1.0,
              importance_type='split', learning_rate=0.1, max_depth=-1,
              min_child_samples=11, min_child_weight=0.001, min_split_gain=0.4,
              n_estimators=120, n_jobs=-1, num_leaves=80, objective=None,
              random_state=8735, reg_alpha=0.1, reg_lambda=0.0005,
              silent='warn', subsample=1.0, subsample_for_bin=200000,
              subsample_freq=0)
[2022-08-29 14:11:48,054: INFO: tabular]: Initializing create_model()
[2022-08-29 14:11:48,054: INFO: tabular]: create_model(estimator=LGBMRegressor(bagging_fraction=0.9, bagging_freq=2, boosting_type='gbdt',
              class_weight=None, colsample_bytree=1.0, feature_fraction=1.0,
              importance_type='split', learning_rate=0.1, max_depth=-1,
              min_child_samples=11, min_child_weight=0.001, min_split_gain=0.4,
              n_estimators=120, n_jobs=-1, num_leaves=80, objective=None,
              random_state=8735, reg_alpha=0.1, reg_lambda=0.0005,
              silent='warn', subsample=1.0, subsample_for_bin=200000,
              subsample_freq=0), fold=None, round=4, cross_validation=True, predict=True, fit_kwargs={}, groups=None, refit=True, verbose=False, system=False, metrics=None, experiment_custom_tags=None, add_to_model_list=False, probability_threshold=None, display=None, return_train_score=False, kwargs={})
[2022-08-29 14:11:48,054: INFO: tabular]: Checking exceptions
[2022-08-29 14:11:48,055: INFO: tabular]: Importing libraries
[2022-08-29 14:11:48,055: INFO: tabular]: Copying training dataset
[2022-08-29 14:11:48,055: INFO: tabular]: Defining folds
[2022-08-29 14:11:48,055: INFO: tabular]: Declaring metric variables
[2022-08-29 14:11:48,055: INFO: tabular]: Importing untrained model
[2022-08-29 14:11:48,055: INFO: tabular]: Declaring custom model
[2022-08-29 14:11:48,057: INFO: tabular]: Light Gradient Boosting Machine Imported succesfully
[2022-08-29 14:11:48,057: INFO: tabular]: Starting cross validation
[2022-08-29 14:11:48,057: INFO: tabular]: Cross validating with KFold(n_splits=10, random_state=8735, shuffle=True), n_jobs=-1
[2022-08-29 14:11:48,515: INFO: tabular]: Calculating mean and std
[2022-08-29 14:11:48,515: INFO: tabular]: Creating metrics dataframe
[2022-08-29 14:11:48,518: INFO: tabular]: Finalizing model
[2022-08-29 14:11:48,713: INFO: tabular]: create_model_container: 19
[2022-08-29 14:11:48,713: INFO: tabular]: master_model_container: 19
[2022-08-29 14:11:48,713: INFO: tabular]: display_container: 4
[2022-08-29 14:11:48,714: INFO: tabular]: LGBMRegressor(bagging_fraction=0.9, bagging_freq=2, boosting_type='gbdt',
              class_weight=None, colsample_bytree=1.0, feature_fraction=1.0,
              importance_type='split', learning_rate=0.1, max_depth=-1,
              min_child_samples=11, min_child_weight=0.001, min_split_gain=0.4,
              n_estimators=120, n_jobs=-1, num_leaves=80, objective=None,
              random_state=8735, reg_alpha=0.1, reg_lambda=0.0005,
              silent='warn', subsample=1.0, subsample_for_bin=200000,
              subsample_freq=0)
[2022-08-29 14:11:48,714: INFO: tabular]: create_model() succesfully completed......................................
[2022-08-29 14:11:48,787: INFO: tabular]: create_model_container: 19
[2022-08-29 14:11:48,787: INFO: tabular]: master_model_container: 19
[2022-08-29 14:11:48,787: INFO: tabular]: display_container: 3
[2022-08-29 14:11:48,788: INFO: tabular]: LGBMRegressor(bagging_fraction=0.9, bagging_freq=2, boosting_type='gbdt',
              class_weight=None, colsample_bytree=1.0, feature_fraction=1.0,
              importance_type='split', learning_rate=0.1, max_depth=-1,
              min_child_samples=11, min_child_weight=0.001, min_split_gain=0.4,
              n_estimators=120, n_jobs=-1, num_leaves=80, objective=None,
              random_state=8735, reg_alpha=0.1, reg_lambda=0.0005,
              silent='warn', subsample=1.0, subsample_for_bin=200000,
              subsample_freq=0)
[2022-08-29 14:11:48,788: INFO: tabular]: finalize_model() succesfully completed......................................
[2022-08-29 14:11:48,846: INFO: model_training]: Best model found sucessfully
[2022-08-29 14:11:48,868: INFO: model_training]: Experiment results saved successfully at artifacts\MODEL_TRAINER\experiment_results.csv
[2022-08-29 14:11:48,880: INFO: model_training]: Best Model saved successfully at models\model.pkl
[2022-08-29 14:11:48,880: INFO: stage_03_model_training]: >>>>>>>>> Model Training Stage 03 Completed <<<<<<<<<
